2025-05-05 13:39:05.623 | INFO     | __main__:fetch_reviews_page:47 - üîå –ü—Ä–æ–±—É—é –ø—Ä–æ–∫—Å–∏ 78.136.220.71:1080
2025-05-05 13:39:05.657 | ERROR    | __main__:fetch_reviews_page:67 - –û—à–∏–±–∫–∞ —Å –ø—Ä–æ–∫—Å–∏ 78.136.220.71:1080: Message: Unable to obtain driver for chrome; For documentation on this error, please visit: https://www.selenium.dev/documentation/webdriver/troubleshooting/errors/driver_location

Traceback (most recent call last):

  File "C:\Users\wangr\PycharmProjects\pythonProject64\venv\Lib\site-packages\selenium\webdriver\common\driver_finder.py", line 64, in _binary_paths
    raise ValueError(f"The path is not a valid file: {path}")

ValueError: The path is not a valid file: C:\path\to\chromedriver.exe


The above exception was the direct cause of the following exception:


Traceback (most recent call last):

  File "C:\Users\wangr\PycharmProjects\pythonProject64\honest_reviews\app\scrapping\yandex_reviews_parser.py", line 96, in <module>
    fetch_reviews_page(org_id)
    ‚îÇ                  ‚îî '1218917291'
    ‚îî <function fetch_reviews_page at 0x0000020405E6AAC0>

> File "C:\Users\wangr\PycharmProjects\pythonProject64\honest_reviews\app\scrapping\yandex_reviews_parser.py", line 49, in fetch_reviews_page
    driver = init_driver(proxy)
             ‚îÇ           ‚îî '78.136.220.71:1080'
             ‚îî <function init_driver at 0x0000020405E6A980>

  File "C:\Users\wangr\PycharmProjects\pythonProject64\honest_reviews\app\scrapping\yandex_reviews_parser.py", line 35, in init_driver
    return webdriver.Chrome(service=service, options=options)
           ‚îÇ         ‚îÇ              ‚îÇ                ‚îî <selenium.webdriver.chrome.options.Options object at 0x0000020405E77610>
           ‚îÇ         ‚îÇ              ‚îî <selenium.webdriver.chrome.service.Service object at 0x0000020406C90350>
           ‚îÇ         ‚îî <class 'selenium.webdriver.chrome.webdriver.WebDriver'>
           ‚îî <module 'selenium.webdriver' from 'C:\\Users\\wangr\\PycharmProjects\\pythonProject64\\venv\\Lib\\site-packages\\selenium\\we...

  File "C:\Users\wangr\PycharmProjects\pythonProject64\venv\Lib\site-packages\selenium\webdriver\chrome\webdriver.py", line 45, in __init__
    super().__init__(
  File "C:\Users\wangr\PycharmProjects\pythonProject64\venv\Lib\site-packages\selenium\webdriver\chromium\webdriver.py", line 51, in __init__
    if finder.get_browser_path():
       ‚îÇ      ‚îî <function DriverFinder.get_browser_path at 0x0000020405021120>
       ‚îî <selenium.webdriver.common.driver_finder.DriverFinder object at 0x0000020406C90AD0>
  File "C:\Users\wangr\PycharmProjects\pythonProject64\venv\Lib\site-packages\selenium\webdriver\common\driver_finder.py", line 47, in get_browser_path
    return self._binary_paths()["browser_path"]
           ‚îÇ    ‚îî <function DriverFinder._binary_paths at 0x0000020405022980>
           ‚îî <selenium.webdriver.common.driver_finder.DriverFinder object at 0x0000020406C90AD0>
  File "C:\Users\wangr\PycharmProjects\pythonProject64\venv\Lib\site-packages\selenium\webdriver\common\driver_finder.py", line 78, in _binary_paths
    raise NoSuchDriverException(msg) from err
          ‚îÇ                     ‚îî 'Unable to obtain driver for chrome'
          ‚îî <class 'selenium.common.exceptions.NoSuchDriverException'>

selenium.common.exceptions.NoSuchDriverException: Message: Unable to obtain driver for chrome; For documentation on this error, please visit: https://www.selenium.dev/documentation/webdriver/troubleshooting/errors/driver_location

2025-05-05 13:39:05.663 | INFO     | __main__:fetch_reviews_page:47 - üîå –ü—Ä–æ–±—É—é –ø—Ä–æ–∫—Å–∏ 46.187.36.101:8080
2025-05-05 13:39:05.688 | ERROR    | __main__:fetch_reviews_page:67 - –û—à–∏–±–∫–∞ —Å –ø—Ä–æ–∫—Å–∏ 46.187.36.101:8080: Message: Unable to obtain driver for chrome; For documentation on this error, please visit: https://www.selenium.dev/documentation/webdriver/troubleshooting/errors/driver_location

Traceback (most recent call last):

  File "C:\Users\wangr\PycharmProjects\pythonProject64\venv\Lib\site-packages\selenium\webdriver\common\driver_finder.py", line 64, in _binary_paths
    raise ValueError(f"The path is not a valid file: {path}")

ValueError: The path is not a valid file: C:\path\to\chromedriver.exe


The above exception was the direct cause of the following exception:


Traceback (most recent call last):

  File "C:\Users\wangr\PycharmProjects\pythonProject64\honest_reviews\app\scrapping\yandex_reviews_parser.py", line 96, in <module>
    fetch_reviews_page(org_id)
    ‚îÇ                  ‚îî '1218917291'
    ‚îî <function fetch_reviews_page at 0x0000020405E6AAC0>

> File "C:\Users\wangr\PycharmProjects\pythonProject64\honest_reviews\app\scrapping\yandex_reviews_parser.py", line 49, in fetch_reviews_page
    driver = init_driver(proxy)
             ‚îÇ           ‚îî '46.187.36.101:8080'
             ‚îî <function init_driver at 0x0000020405E6A980>

  File "C:\Users\wangr\PycharmProjects\pythonProject64\honest_reviews\app\scrapping\yandex_reviews_parser.py", line 35, in init_driver
    return webdriver.Chrome(service=service, options=options)
           ‚îÇ         ‚îÇ              ‚îÇ                ‚îî <selenium.webdriver.chrome.options.Options object at 0x0000020405E760D0>
           ‚îÇ         ‚îÇ              ‚îî <selenium.webdriver.chrome.service.Service object at 0x000002040774A510>
           ‚îÇ         ‚îî <class 'selenium.webdriver.chrome.webdriver.WebDriver'>
           ‚îî <module 'selenium.webdriver' from 'C:\\Users\\wangr\\PycharmProjects\\pythonProject64\\venv\\Lib\\site-packages\\selenium\\we...

  File "C:\Users\wangr\PycharmProjects\pythonProject64\venv\Lib\site-packages\selenium\webdriver\chrome\webdriver.py", line 45, in __init__
    super().__init__(
  File "C:\Users\wangr\PycharmProjects\pythonProject64\venv\Lib\site-packages\selenium\webdriver\chromium\webdriver.py", line 51, in __init__
    if finder.get_browser_path():
       ‚îÇ      ‚îî <function DriverFinder.get_browser_path at 0x0000020405021120>
       ‚îî <selenium.webdriver.common.driver_finder.DriverFinder object at 0x000002040774A7D0>
  File "C:\Users\wangr\PycharmProjects\pythonProject64\venv\Lib\site-packages\selenium\webdriver\common\driver_finder.py", line 47, in get_browser_path
    return self._binary_paths()["browser_path"]
           ‚îÇ    ‚îî <function DriverFinder._binary_paths at 0x0000020405022980>
           ‚îî <selenium.webdriver.common.driver_finder.DriverFinder object at 0x000002040774A7D0>
  File "C:\Users\wangr\PycharmProjects\pythonProject64\venv\Lib\site-packages\selenium\webdriver\common\driver_finder.py", line 78, in _binary_paths
    raise NoSuchDriverException(msg) from err
          ‚îÇ                     ‚îî 'Unable to obtain driver for chrome'
          ‚îî <class 'selenium.common.exceptions.NoSuchDriverException'>

selenium.common.exceptions.NoSuchDriverException: Message: Unable to obtain driver for chrome; For documentation on this error, please visit: https://www.selenium.dev/documentation/webdriver/troubleshooting/errors/driver_location

2025-05-05 13:39:05.698 | INFO     | __main__:fetch_reviews_page:47 - üîå –ü—Ä–æ–±—É—é –ø—Ä–æ–∫—Å–∏ 195.133.217.61:3128
2025-05-05 13:39:05.729 | ERROR    | __main__:fetch_reviews_page:67 - –û—à–∏–±–∫–∞ —Å –ø—Ä–æ–∫—Å–∏ 195.133.217.61:3128: Message: Unable to obtain driver for chrome; For documentation on this error, please visit: https://www.selenium.dev/documentation/webdriver/troubleshooting/errors/driver_location

Traceback (most recent call last):

  File "C:\Users\wangr\PycharmProjects\pythonProject64\venv\Lib\site-packages\selenium\webdriver\common\driver_finder.py", line 64, in _binary_paths
    raise ValueError(f"The path is not a valid file: {path}")

ValueError: The path is not a valid file: C:\path\to\chromedriver.exe


The above exception was the direct cause of the following exception:


Traceback (most recent call last):

  File "C:\Users\wangr\PycharmProjects\pythonProject64\honest_reviews\app\scrapping\yandex_reviews_parser.py", line 96, in <module>
    fetch_reviews_page(org_id)
    ‚îÇ                  ‚îî '1218917291'
    ‚îî <function fetch_reviews_page at 0x0000020405E6AAC0>

> File "C:\Users\wangr\PycharmProjects\pythonProject64\honest_reviews\app\scrapping\yandex_reviews_parser.py", line 49, in fetch_reviews_page
    driver = init_driver(proxy)
             ‚îÇ           ‚îî '195.133.217.61:3128'
             ‚îî <function init_driver at 0x0000020405E6A980>

  File "C:\Users\wangr\PycharmProjects\pythonProject64\honest_reviews\app\scrapping\yandex_reviews_parser.py", line 35, in init_driver
    return webdriver.Chrome(service=service, options=options)
           ‚îÇ         ‚îÇ              ‚îÇ                ‚îî <selenium.webdriver.chrome.options.Options object at 0x0000020405E780D0>
           ‚îÇ         ‚îÇ              ‚îî <selenium.webdriver.chrome.service.Service object at 0x0000020406B0AAD0>
           ‚îÇ         ‚îî <class 'selenium.webdriver.chrome.webdriver.WebDriver'>
           ‚îî <module 'selenium.webdriver' from 'C:\\Users\\wangr\\PycharmProjects\\pythonProject64\\venv\\Lib\\site-packages\\selenium\\we...

  File "C:\Users\wangr\PycharmProjects\pythonProject64\venv\Lib\site-packages\selenium\webdriver\chrome\webdriver.py", line 45, in __init__
    super().__init__(
  File "C:\Users\wangr\PycharmProjects\pythonProject64\venv\Lib\site-packages\selenium\webdriver\chromium\webdriver.py", line 51, in __init__
    if finder.get_browser_path():
       ‚îÇ      ‚îî <function DriverFinder.get_browser_path at 0x0000020405021120>
       ‚îî <selenium.webdriver.common.driver_finder.DriverFinder object at 0x0000020406B0AD90>
  File "C:\Users\wangr\PycharmProjects\pythonProject64\venv\Lib\site-packages\selenium\webdriver\common\driver_finder.py", line 47, in get_browser_path
    return self._binary_paths()["browser_path"]
           ‚îÇ    ‚îî <function DriverFinder._binary_paths at 0x0000020405022980>
           ‚îî <selenium.webdriver.common.driver_finder.DriverFinder object at 0x0000020406B0AD90>
  File "C:\Users\wangr\PycharmProjects\pythonProject64\venv\Lib\site-packages\selenium\webdriver\common\driver_finder.py", line 78, in _binary_paths
    raise NoSuchDriverException(msg) from err
          ‚îÇ                     ‚îî 'Unable to obtain driver for chrome'
          ‚îî <class 'selenium.common.exceptions.NoSuchDriverException'>

selenium.common.exceptions.NoSuchDriverException: Message: Unable to obtain driver for chrome; For documentation on this error, please visit: https://www.selenium.dev/documentation/webdriver/troubleshooting/errors/driver_location

2025-05-05 13:39:05.737 | INFO     | __main__:fetch_reviews_page:47 - üîå –ü—Ä–æ–±—É—é –ø—Ä–æ–∫—Å–∏ 176.208.101.50:8080
2025-05-05 13:39:05.765 | ERROR    | __main__:fetch_reviews_page:67 - –û—à–∏–±–∫–∞ —Å –ø—Ä–æ–∫—Å–∏ 176.208.101.50:8080: Message: Unable to obtain driver for chrome; For documentation on this error, please visit: https://www.selenium.dev/documentation/webdriver/troubleshooting/errors/driver_location

Traceback (most recent call last):

  File "C:\Users\wangr\PycharmProjects\pythonProject64\venv\Lib\site-packages\selenium\webdriver\common\driver_finder.py", line 64, in _binary_paths
    raise ValueError(f"The path is not a valid file: {path}")

ValueError: The path is not a valid file: C:\path\to\chromedriver.exe


The above exception was the direct cause of the following exception:


Traceback (most recent call last):

  File "C:\Users\wangr\PycharmProjects\pythonProject64\honest_reviews\app\scrapping\yandex_reviews_parser.py", line 96, in <module>
    fetch_reviews_page(org_id)
    ‚îÇ                  ‚îî '1218917291'
    ‚îî <function fetch_reviews_page at 0x0000020405E6AAC0>

> File "C:\Users\wangr\PycharmProjects\pythonProject64\honest_reviews\app\scrapping\yandex_reviews_parser.py", line 49, in fetch_reviews_page
    driver = init_driver(proxy)
             ‚îÇ           ‚îî '176.208.101.50:8080'
             ‚îî <function init_driver at 0x0000020405E6A980>

  File "C:\Users\wangr\PycharmProjects\pythonProject64\honest_reviews\app\scrapping\yandex_reviews_parser.py", line 35, in init_driver
    return webdriver.Chrome(service=service, options=options)
           ‚îÇ         ‚îÇ              ‚îÇ                ‚îî <selenium.webdriver.chrome.options.Options object at 0x0000020406C99050>
           ‚îÇ         ‚îÇ              ‚îî <selenium.webdriver.chrome.service.Service object at 0x000002040752BD90>
           ‚îÇ         ‚îî <class 'selenium.webdriver.chrome.webdriver.WebDriver'>
           ‚îî <module 'selenium.webdriver' from 'C:\\Users\\wangr\\PycharmProjects\\pythonProject64\\venv\\Lib\\site-packages\\selenium\\we...

  File "C:\Users\wangr\PycharmProjects\pythonProject64\venv\Lib\site-packages\selenium\webdriver\chrome\webdriver.py", line 45, in __init__
    super().__init__(
  File "C:\Users\wangr\PycharmProjects\pythonProject64\venv\Lib\site-packages\selenium\webdriver\chromium\webdriver.py", line 51, in __init__
    if finder.get_browser_path():
       ‚îÇ      ‚îî <function DriverFinder.get_browser_path at 0x0000020405021120>
       ‚îî <selenium.webdriver.common.driver_finder.DriverFinder object at 0x000002040752BF10>
  File "C:\Users\wangr\PycharmProjects\pythonProject64\venv\Lib\site-packages\selenium\webdriver\common\driver_finder.py", line 47, in get_browser_path
    return self._binary_paths()["browser_path"]
           ‚îÇ    ‚îî <function DriverFinder._binary_paths at 0x0000020405022980>
           ‚îî <selenium.webdriver.common.driver_finder.DriverFinder object at 0x000002040752BF10>
  File "C:\Users\wangr\PycharmProjects\pythonProject64\venv\Lib\site-packages\selenium\webdriver\common\driver_finder.py", line 78, in _binary_paths
    raise NoSuchDriverException(msg) from err
          ‚îÇ                     ‚îî 'Unable to obtain driver for chrome'
          ‚îî <class 'selenium.common.exceptions.NoSuchDriverException'>

selenium.common.exceptions.NoSuchDriverException: Message: Unable to obtain driver for chrome; For documentation on this error, please visit: https://www.selenium.dev/documentation/webdriver/troubleshooting/errors/driver_location

2025-05-05 13:39:05.772 | INFO     | __main__:fetch_reviews_page:47 - üîå –ü—Ä–æ–±—É—é –ø—Ä–æ–∫—Å–∏ 89.237.33.129:37647
2025-05-05 13:39:05.809 | ERROR    | __main__:fetch_reviews_page:67 - –û—à–∏–±–∫–∞ —Å –ø—Ä–æ–∫—Å–∏ 89.237.33.129:37647: Message: Unable to obtain driver for chrome; For documentation on this error, please visit: https://www.selenium.dev/documentation/webdriver/troubleshooting/errors/driver_location

Traceback (most recent call last):

  File "C:\Users\wangr\PycharmProjects\pythonProject64\venv\Lib\site-packages\selenium\webdriver\common\driver_finder.py", line 64, in _binary_paths
    raise ValueError(f"The path is not a valid file: {path}")

ValueError: The path is not a valid file: C:\path\to\chromedriver.exe


The above exception was the direct cause of the following exception:


Traceback (most recent call last):

  File "C:\Users\wangr\PycharmProjects\pythonProject64\honest_reviews\app\scrapping\yandex_reviews_parser.py", line 96, in <module>
    fetch_reviews_page(org_id)
    ‚îÇ                  ‚îî '1218917291'
    ‚îî <function fetch_reviews_page at 0x0000020405E6AAC0>

> File "C:\Users\wangr\PycharmProjects\pythonProject64\honest_reviews\app\scrapping\yandex_reviews_parser.py", line 49, in fetch_reviews_page
    driver = init_driver(proxy)
             ‚îÇ           ‚îî '89.237.33.129:37647'
             ‚îî <function init_driver at 0x0000020405E6A980>

  File "C:\Users\wangr\PycharmProjects\pythonProject64\honest_reviews\app\scrapping\yandex_reviews_parser.py", line 35, in init_driver
    return webdriver.Chrome(service=service, options=options)
           ‚îÇ         ‚îÇ              ‚îÇ                ‚îî <selenium.webdriver.chrome.options.Options object at 0x0000020405EF05D0>
           ‚îÇ         ‚îÇ              ‚îî <selenium.webdriver.chrome.service.Service object at 0x000002040690C5D0>
           ‚îÇ         ‚îî <class 'selenium.webdriver.chrome.webdriver.WebDriver'>
           ‚îî <module 'selenium.webdriver' from 'C:\\Users\\wangr\\PycharmProjects\\pythonProject64\\venv\\Lib\\site-packages\\selenium\\we...

  File "C:\Users\wangr\PycharmProjects\pythonProject64\venv\Lib\site-packages\selenium\webdriver\chrome\webdriver.py", line 45, in __init__
    super().__init__(
  File "C:\Users\wangr\PycharmProjects\pythonProject64\venv\Lib\site-packages\selenium\webdriver\chromium\webdriver.py", line 51, in __init__
    if finder.get_browser_path():
       ‚îÇ      ‚îî <function DriverFinder.get_browser_path at 0x0000020405021120>
       ‚îî <selenium.webdriver.common.driver_finder.DriverFinder object at 0x000002040690C890>
  File "C:\Users\wangr\PycharmProjects\pythonProject64\venv\Lib\site-packages\selenium\webdriver\common\driver_finder.py", line 47, in get_browser_path
    return self._binary_paths()["browser_path"]
           ‚îÇ    ‚îî <function DriverFinder._binary_paths at 0x0000020405022980>
           ‚îî <selenium.webdriver.common.driver_finder.DriverFinder object at 0x000002040690C890>
  File "C:\Users\wangr\PycharmProjects\pythonProject64\venv\Lib\site-packages\selenium\webdriver\common\driver_finder.py", line 78, in _binary_paths
    raise NoSuchDriverException(msg) from err
          ‚îÇ                     ‚îî 'Unable to obtain driver for chrome'
          ‚îî <class 'selenium.common.exceptions.NoSuchDriverException'>

selenium.common.exceptions.NoSuchDriverException: Message: Unable to obtain driver for chrome; For documentation on this error, please visit: https://www.selenium.dev/documentation/webdriver/troubleshooting/errors/driver_location

2025-05-05 13:39:05.819 | INFO     | __main__:fetch_reviews_page:47 - üîå –ü—Ä–æ–±—É—é –ø—Ä–æ–∫—Å–∏ 93.184.166.54:64241
2025-05-05 13:39:05.853 | ERROR    | __main__:fetch_reviews_page:67 - –û—à–∏–±–∫–∞ —Å –ø—Ä–æ–∫—Å–∏ 93.184.166.54:64241: Message: Unable to obtain driver for chrome; For documentation on this error, please visit: https://www.selenium.dev/documentation/webdriver/troubleshooting/errors/driver_location

Traceback (most recent call last):

  File "C:\Users\wangr\PycharmProjects\pythonProject64\venv\Lib\site-packages\selenium\webdriver\common\driver_finder.py", line 64, in _binary_paths
    raise ValueError(f"The path is not a valid file: {path}")

ValueError: The path is not a valid file: C:\path\to\chromedriver.exe


The above exception was the direct cause of the following exception:


Traceback (most recent call last):

  File "C:\Users\wangr\PycharmProjects\pythonProject64\honest_reviews\app\scrapping\yandex_reviews_parser.py", line 96, in <module>
    fetch_reviews_page(org_id)
    ‚îÇ                  ‚îî '1218917291'
    ‚îî <function fetch_reviews_page at 0x0000020405E6AAC0>

> File "C:\Users\wangr\PycharmProjects\pythonProject64\honest_reviews\app\scrapping\yandex_reviews_parser.py", line 49, in fetch_reviews_page
    driver = init_driver(proxy)
             ‚îÇ           ‚îî '93.184.166.54:64241'
             ‚îî <function init_driver at 0x0000020405E6A980>

  File "C:\Users\wangr\PycharmProjects\pythonProject64\honest_reviews\app\scrapping\yandex_reviews_parser.py", line 35, in init_driver
    return webdriver.Chrome(service=service, options=options)
           ‚îÇ         ‚îÇ              ‚îÇ                ‚îî <selenium.webdriver.chrome.options.Options object at 0x0000020406C988D0>
           ‚îÇ         ‚îÇ              ‚îî <selenium.webdriver.chrome.service.Service object at 0x000002040732C6D0>
           ‚îÇ         ‚îî <class 'selenium.webdriver.chrome.webdriver.WebDriver'>
           ‚îî <module 'selenium.webdriver' from 'C:\\Users\\wangr\\PycharmProjects\\pythonProject64\\venv\\Lib\\site-packages\\selenium\\we...

  File "C:\Users\wangr\PycharmProjects\pythonProject64\venv\Lib\site-packages\selenium\webdriver\chrome\webdriver.py", line 45, in __init__
    super().__init__(
  File "C:\Users\wangr\PycharmProjects\pythonProject64\venv\Lib\site-packages\selenium\webdriver\chromium\webdriver.py", line 51, in __init__
    if finder.get_browser_path():
       ‚îÇ      ‚îî <function DriverFinder.get_browser_path at 0x0000020405021120>
       ‚îî <selenium.webdriver.common.driver_finder.DriverFinder object at 0x000002040732C990>
  File "C:\Users\wangr\PycharmProjects\pythonProject64\venv\Lib\site-packages\selenium\webdriver\common\driver_finder.py", line 47, in get_browser_path
    return self._binary_paths()["browser_path"]
           ‚îÇ    ‚îî <function DriverFinder._binary_paths at 0x0000020405022980>
           ‚îî <selenium.webdriver.common.driver_finder.DriverFinder object at 0x000002040732C990>
  File "C:\Users\wangr\PycharmProjects\pythonProject64\venv\Lib\site-packages\selenium\webdriver\common\driver_finder.py", line 78, in _binary_paths
    raise NoSuchDriverException(msg) from err
          ‚îÇ                     ‚îî 'Unable to obtain driver for chrome'
          ‚îî <class 'selenium.common.exceptions.NoSuchDriverException'>

selenium.common.exceptions.NoSuchDriverException: Message: Unable to obtain driver for chrome; For documentation on this error, please visit: https://www.selenium.dev/documentation/webdriver/troubleshooting/errors/driver_location

2025-05-05 13:39:05.863 | INFO     | __main__:fetch_reviews_page:47 - üîå –ü—Ä–æ–±—É—é –ø—Ä–æ–∫—Å–∏ 31.211.82.158:3128
2025-05-05 13:39:05.894 | ERROR    | __main__:fetch_reviews_page:67 - –û—à–∏–±–∫–∞ —Å –ø—Ä–æ–∫—Å–∏ 31.211.82.158:3128: Message: Unable to obtain driver for chrome; For documentation on this error, please visit: https://www.selenium.dev/documentation/webdriver/troubleshooting/errors/driver_location

Traceback (most recent call last):

  File "C:\Users\wangr\PycharmProjects\pythonProject64\venv\Lib\site-packages\selenium\webdriver\common\driver_finder.py", line 64, in _binary_paths
    raise ValueError(f"The path is not a valid file: {path}")

ValueError: The path is not a valid file: C:\path\to\chromedriver.exe


The above exception was the direct cause of the following exception:


Traceback (most recent call last):

  File "C:\Users\wangr\PycharmProjects\pythonProject64\honest_reviews\app\scrapping\yandex_reviews_parser.py", line 96, in <module>
    fetch_reviews_page(org_id)
    ‚îÇ                  ‚îî '1218917291'
    ‚îî <function fetch_reviews_page at 0x0000020405E6AAC0>

> File "C:\Users\wangr\PycharmProjects\pythonProject64\honest_reviews\app\scrapping\yandex_reviews_parser.py", line 49, in fetch_reviews_page
    driver = init_driver(proxy)
             ‚îÇ           ‚îî '31.211.82.158:3128'
             ‚îî <function init_driver at 0x0000020405E6A980>

  File "C:\Users\wangr\PycharmProjects\pythonProject64\honest_reviews\app\scrapping\yandex_reviews_parser.py", line 35, in init_driver
    return webdriver.Chrome(service=service, options=options)
           ‚îÇ         ‚îÇ              ‚îÇ                ‚îî <selenium.webdriver.chrome.options.Options object at 0x0000020405569090>
           ‚îÇ         ‚îÇ              ‚îî <selenium.webdriver.chrome.service.Service object at 0x0000020406710850>
           ‚îÇ         ‚îî <class 'selenium.webdriver.chrome.webdriver.WebDriver'>
           ‚îî <module 'selenium.webdriver' from 'C:\\Users\\wangr\\PycharmProjects\\pythonProject64\\venv\\Lib\\site-packages\\selenium\\we...

  File "C:\Users\wangr\PycharmProjects\pythonProject64\venv\Lib\site-packages\selenium\webdriver\chrome\webdriver.py", line 45, in __init__
    super().__init__(
  File "C:\Users\wangr\PycharmProjects\pythonProject64\venv\Lib\site-packages\selenium\webdriver\chromium\webdriver.py", line 51, in __init__
    if finder.get_browser_path():
       ‚îÇ      ‚îî <function DriverFinder.get_browser_path at 0x0000020405021120>
       ‚îî <selenium.webdriver.common.driver_finder.DriverFinder object at 0x0000020406710B10>
  File "C:\Users\wangr\PycharmProjects\pythonProject64\venv\Lib\site-packages\selenium\webdriver\common\driver_finder.py", line 47, in get_browser_path
    return self._binary_paths()["browser_path"]
           ‚îÇ    ‚îî <function DriverFinder._binary_paths at 0x0000020405022980>
           ‚îî <selenium.webdriver.common.driver_finder.DriverFinder object at 0x0000020406710B10>
  File "C:\Users\wangr\PycharmProjects\pythonProject64\venv\Lib\site-packages\selenium\webdriver\common\driver_finder.py", line 78, in _binary_paths
    raise NoSuchDriverException(msg) from err
          ‚îÇ                     ‚îî 'Unable to obtain driver for chrome'
          ‚îî <class 'selenium.common.exceptions.NoSuchDriverException'>

selenium.common.exceptions.NoSuchDriverException: Message: Unable to obtain driver for chrome; For documentation on this error, please visit: https://www.selenium.dev/documentation/webdriver/troubleshooting/errors/driver_location

2025-05-05 13:39:05.905 | INFO     | __main__:fetch_reviews_page:47 - üîå –ü—Ä–æ–±—É—é –ø—Ä–æ–∫—Å–∏ 212.152.36.155:3128
2025-05-05 13:39:05.941 | ERROR    | __main__:fetch_reviews_page:67 - –û—à–∏–±–∫–∞ —Å –ø—Ä–æ–∫—Å–∏ 212.152.36.155:3128: Message: Unable to obtain driver for chrome; For documentation on this error, please visit: https://www.selenium.dev/documentation/webdriver/troubleshooting/errors/driver_location

Traceback (most recent call last):

  File "C:\Users\wangr\PycharmProjects\pythonProject64\venv\Lib\site-packages\selenium\webdriver\common\driver_finder.py", line 64, in _binary_paths
    raise ValueError(f"The path is not a valid file: {path}")

ValueError: The path is not a valid file: C:\path\to\chromedriver.exe


The above exception was the direct cause of the following exception:


Traceback (most recent call last):

  File "C:\Users\wangr\PycharmProjects\pythonProject64\honest_reviews\app\scrapping\yandex_reviews_parser.py", line 96, in <module>
    fetch_reviews_page(org_id)
    ‚îÇ                  ‚îî '1218917291'
    ‚îî <function fetch_reviews_page at 0x0000020405E6AAC0>

> File "C:\Users\wangr\PycharmProjects\pythonProject64\honest_reviews\app\scrapping\yandex_reviews_parser.py", line 49, in fetch_reviews_page
    driver = init_driver(proxy)
             ‚îÇ           ‚îî '212.152.36.155:3128'
             ‚îî <function init_driver at 0x0000020405E6A980>

  File "C:\Users\wangr\PycharmProjects\pythonProject64\honest_reviews\app\scrapping\yandex_reviews_parser.py", line 35, in init_driver
    return webdriver.Chrome(service=service, options=options)
           ‚îÇ         ‚îÇ              ‚îÇ                ‚îî <selenium.webdriver.chrome.options.Options object at 0x0000020406C9CB90>
           ‚îÇ         ‚îÇ              ‚îî <selenium.webdriver.chrome.service.Service object at 0x0000020407130910>
           ‚îÇ         ‚îî <class 'selenium.webdriver.chrome.webdriver.WebDriver'>
           ‚îî <module 'selenium.webdriver' from 'C:\\Users\\wangr\\PycharmProjects\\pythonProject64\\venv\\Lib\\site-packages\\selenium\\we...

  File "C:\Users\wangr\PycharmProjects\pythonProject64\venv\Lib\site-packages\selenium\webdriver\chrome\webdriver.py", line 45, in __init__
    super().__init__(
  File "C:\Users\wangr\PycharmProjects\pythonProject64\venv\Lib\site-packages\selenium\webdriver\chromium\webdriver.py", line 51, in __init__
    if finder.get_browser_path():
       ‚îÇ      ‚îî <function DriverFinder.get_browser_path at 0x0000020405021120>
       ‚îî <selenium.webdriver.common.driver_finder.DriverFinder object at 0x0000020407130BD0>
  File "C:\Users\wangr\PycharmProjects\pythonProject64\venv\Lib\site-packages\selenium\webdriver\common\driver_finder.py", line 47, in get_browser_path
    return self._binary_paths()["browser_path"]
           ‚îÇ    ‚îî <function DriverFinder._binary_paths at 0x0000020405022980>
           ‚îî <selenium.webdriver.common.driver_finder.DriverFinder object at 0x0000020407130BD0>
  File "C:\Users\wangr\PycharmProjects\pythonProject64\venv\Lib\site-packages\selenium\webdriver\common\driver_finder.py", line 78, in _binary_paths
    raise NoSuchDriverException(msg) from err
          ‚îÇ                     ‚îî 'Unable to obtain driver for chrome'
          ‚îî <class 'selenium.common.exceptions.NoSuchDriverException'>

selenium.common.exceptions.NoSuchDriverException: Message: Unable to obtain driver for chrome; For documentation on this error, please visit: https://www.selenium.dev/documentation/webdriver/troubleshooting/errors/driver_location

2025-05-05 13:39:05.951 | INFO     | __main__:fetch_reviews_page:47 - üîå –ü—Ä–æ–±—É—é –ø—Ä–æ–∫—Å–∏ 89.148.196.156:1080
2025-05-05 13:39:06.005 | ERROR    | __main__:fetch_reviews_page:67 - –û—à–∏–±–∫–∞ —Å –ø—Ä–æ–∫—Å–∏ 89.148.196.156:1080: Message: Unable to obtain driver for chrome; For documentation on this error, please visit: https://www.selenium.dev/documentation/webdriver/troubleshooting/errors/driver_location

Traceback (most recent call last):

  File "C:\Users\wangr\PycharmProjects\pythonProject64\venv\Lib\site-packages\selenium\webdriver\common\driver_finder.py", line 64, in _binary_paths
    raise ValueError(f"The path is not a valid file: {path}")

ValueError: The path is not a valid file: C:\path\to\chromedriver.exe


The above exception was the direct cause of the following exception:


Traceback (most recent call last):

  File "C:\Users\wangr\PycharmProjects\pythonProject64\honest_reviews\app\scrapping\yandex_reviews_parser.py", line 96, in <module>
    fetch_reviews_page(org_id)
    ‚îÇ                  ‚îî '1218917291'
    ‚îî <function fetch_reviews_page at 0x0000020405E6AAC0>

> File "C:\Users\wangr\PycharmProjects\pythonProject64\honest_reviews\app\scrapping\yandex_reviews_parser.py", line 49, in fetch_reviews_page
    driver = init_driver(proxy)
             ‚îÇ           ‚îî '89.148.196.156:1080'
             ‚îî <function init_driver at 0x0000020405E6A980>

  File "C:\Users\wangr\PycharmProjects\pythonProject64\honest_reviews\app\scrapping\yandex_reviews_parser.py", line 35, in init_driver
    return webdriver.Chrome(service=service, options=options)
           ‚îÇ         ‚îÇ              ‚îÇ                ‚îî <selenium.webdriver.chrome.options.Options object at 0x000002040552BD90>
           ‚îÇ         ‚îÇ              ‚îî <selenium.webdriver.chrome.service.Service object at 0x0000020406410A50>
           ‚îÇ         ‚îî <class 'selenium.webdriver.chrome.webdriver.WebDriver'>
           ‚îî <module 'selenium.webdriver' from 'C:\\Users\\wangr\\PycharmProjects\\pythonProject64\\venv\\Lib\\site-packages\\selenium\\we...

  File "C:\Users\wangr\PycharmProjects\pythonProject64\venv\Lib\site-packages\selenium\webdriver\chrome\webdriver.py", line 45, in __init__
    super().__init__(
  File "C:\Users\wangr\PycharmProjects\pythonProject64\venv\Lib\site-packages\selenium\webdriver\chromium\webdriver.py", line 51, in __init__
    if finder.get_browser_path():
       ‚îÇ      ‚îî <function DriverFinder.get_browser_path at 0x0000020405021120>
       ‚îî <selenium.webdriver.common.driver_finder.DriverFinder object at 0x0000020406410D10>
  File "C:\Users\wangr\PycharmProjects\pythonProject64\venv\Lib\site-packages\selenium\webdriver\common\driver_finder.py", line 47, in get_browser_path
    return self._binary_paths()["browser_path"]
           ‚îÇ    ‚îî <function DriverFinder._binary_paths at 0x0000020405022980>
           ‚îî <selenium.webdriver.common.driver_finder.DriverFinder object at 0x0000020406410D10>
  File "C:\Users\wangr\PycharmProjects\pythonProject64\venv\Lib\site-packages\selenium\webdriver\common\driver_finder.py", line 78, in _binary_paths
    raise NoSuchDriverException(msg) from err
          ‚îÇ                     ‚îî 'Unable to obtain driver for chrome'
          ‚îî <class 'selenium.common.exceptions.NoSuchDriverException'>

selenium.common.exceptions.NoSuchDriverException: Message: Unable to obtain driver for chrome; For documentation on this error, please visit: https://www.selenium.dev/documentation/webdriver/troubleshooting/errors/driver_location

2025-05-05 13:39:06.014 | INFO     | __main__:fetch_reviews_page:47 - üîå –ü—Ä–æ–±—É—é –ø—Ä–æ–∫—Å–∏ 176.213.141.107:8080
2025-05-05 13:39:06.041 | ERROR    | __main__:fetch_reviews_page:67 - –û—à–∏–±–∫–∞ —Å –ø—Ä–æ–∫—Å–∏ 176.213.141.107:8080: Message: Unable to obtain driver for chrome; For documentation on this error, please visit: https://www.selenium.dev/documentation/webdriver/troubleshooting/errors/driver_location

Traceback (most recent call last):

  File "C:\Users\wangr\PycharmProjects\pythonProject64\venv\Lib\site-packages\selenium\webdriver\common\driver_finder.py", line 64, in _binary_paths
    raise ValueError(f"The path is not a valid file: {path}")

ValueError: The path is not a valid file: C:\path\to\chromedriver.exe


The above exception was the direct cause of the following exception:


Traceback (most recent call last):

  File "C:\Users\wangr\PycharmProjects\pythonProject64\honest_reviews\app\scrapping\yandex_reviews_parser.py", line 96, in <module>
    fetch_reviews_page(org_id)
    ‚îÇ                  ‚îî '1218917291'
    ‚îî <function fetch_reviews_page at 0x0000020405E6AAC0>

> File "C:\Users\wangr\PycharmProjects\pythonProject64\honest_reviews\app\scrapping\yandex_reviews_parser.py", line 49, in fetch_reviews_page
    driver = init_driver(proxy)
             ‚îÇ           ‚îî '176.213.141.107:8080'
             ‚îî <function init_driver at 0x0000020405E6A980>

  File "C:\Users\wangr\PycharmProjects\pythonProject64\honest_reviews\app\scrapping\yandex_reviews_parser.py", line 35, in init_driver
    return webdriver.Chrome(service=service, options=options)
           ‚îÇ         ‚îÇ              ‚îÇ                ‚îî <selenium.webdriver.chrome.options.Options object at 0x0000020405F1AED0>
           ‚îÇ         ‚îÇ              ‚îî <selenium.webdriver.chrome.service.Service object at 0x0000020407030B50>
           ‚îÇ         ‚îî <class 'selenium.webdriver.chrome.webdriver.WebDriver'>
           ‚îî <module 'selenium.webdriver' from 'C:\\Users\\wangr\\PycharmProjects\\pythonProject64\\venv\\Lib\\site-packages\\selenium\\we...

  File "C:\Users\wangr\PycharmProjects\pythonProject64\venv\Lib\site-packages\selenium\webdriver\chrome\webdriver.py", line 45, in __init__
    super().__init__(
  File "C:\Users\wangr\PycharmProjects\pythonProject64\venv\Lib\site-packages\selenium\webdriver\chromium\webdriver.py", line 51, in __init__
    if finder.get_browser_path():
       ‚îÇ      ‚îî <function DriverFinder.get_browser_path at 0x0000020405021120>
       ‚îî <selenium.webdriver.common.driver_finder.DriverFinder object at 0x0000020407030E10>
  File "C:\Users\wangr\PycharmProjects\pythonProject64\venv\Lib\site-packages\selenium\webdriver\common\driver_finder.py", line 47, in get_browser_path
    return self._binary_paths()["browser_path"]
           ‚îÇ    ‚îî <function DriverFinder._binary_paths at 0x0000020405022980>
           ‚îî <selenium.webdriver.common.driver_finder.DriverFinder object at 0x0000020407030E10>
  File "C:\Users\wangr\PycharmProjects\pythonProject64\venv\Lib\site-packages\selenium\webdriver\common\driver_finder.py", line 78, in _binary_paths
    raise NoSuchDriverException(msg) from err
          ‚îÇ                     ‚îî 'Unable to obtain driver for chrome'
          ‚îî <class 'selenium.common.exceptions.NoSuchDriverException'>

selenium.common.exceptions.NoSuchDriverException: Message: Unable to obtain driver for chrome; For documentation on this error, please visit: https://www.selenium.dev/documentation/webdriver/troubleshooting/errors/driver_location

2025-05-05 13:39:06.048 | INFO     | __main__:fetch_reviews_page:47 - üîå –ü—Ä–æ–±—É—é –ø—Ä–æ–∫—Å–∏ 213.108.172.244:65056
2025-05-05 13:39:06.078 | ERROR    | __main__:fetch_reviews_page:67 - –û—à–∏–±–∫–∞ —Å –ø—Ä–æ–∫—Å–∏ 213.108.172.244:65056: Message: Unable to obtain driver for chrome; For documentation on this error, please visit: https://www.selenium.dev/documentation/webdriver/troubleshooting/errors/driver_location

Traceback (most recent call last):

  File "C:\Users\wangr\PycharmProjects\pythonProject64\venv\Lib\site-packages\selenium\webdriver\common\driver_finder.py", line 64, in _binary_paths
    raise ValueError(f"The path is not a valid file: {path}")

ValueError: The path is not a valid file: C:\path\to\chromedriver.exe


The above exception was the direct cause of the following exception:


Traceback (most recent call last):

  File "C:\Users\wangr\PycharmProjects\pythonProject64\honest_reviews\app\scrapping\yandex_reviews_parser.py", line 96, in <module>
    fetch_reviews_page(org_id)
    ‚îÇ                  ‚îî '1218917291'
    ‚îî <function fetch_reviews_page at 0x0000020405E6AAC0>

> File "C:\Users\wangr\PycharmProjects\pythonProject64\honest_reviews\app\scrapping\yandex_reviews_parser.py", line 49, in fetch_reviews_page
    driver = init_driver(proxy)
             ‚îÇ           ‚îî '213.108.172.244:65056'
             ‚îî <function init_driver at 0x0000020405E6A980>

  File "C:\Users\wangr\PycharmProjects\pythonProject64\honest_reviews\app\scrapping\yandex_reviews_parser.py", line 35, in init_driver
    return webdriver.Chrome(service=service, options=options)
           ‚îÇ         ‚îÇ              ‚îÇ                ‚îî <selenium.webdriver.chrome.options.Options object at 0x000002040552B150>
           ‚îÇ         ‚îÇ              ‚îî <selenium.webdriver.chrome.service.Service object at 0x0000020406510CD0>
           ‚îÇ         ‚îî <class 'selenium.webdriver.chrome.webdriver.WebDriver'>
           ‚îî <module 'selenium.webdriver' from 'C:\\Users\\wangr\\PycharmProjects\\pythonProject64\\venv\\Lib\\site-packages\\selenium\\we...

  File "C:\Users\wangr\PycharmProjects\pythonProject64\venv\Lib\site-packages\selenium\webdriver\chrome\webdriver.py", line 45, in __init__
    super().__init__(
  File "C:\Users\wangr\PycharmProjects\pythonProject64\venv\Lib\site-packages\selenium\webdriver\chromium\webdriver.py", line 51, in __init__
    if finder.get_browser_path():
       ‚îÇ      ‚îî <function DriverFinder.get_browser_path at 0x0000020405021120>
       ‚îî <selenium.webdriver.common.driver_finder.DriverFinder object at 0x0000020406510F90>
  File "C:\Users\wangr\PycharmProjects\pythonProject64\venv\Lib\site-packages\selenium\webdriver\common\driver_finder.py", line 47, in get_browser_path
    return self._binary_paths()["browser_path"]
           ‚îÇ    ‚îî <function DriverFinder._binary_paths at 0x0000020405022980>
           ‚îî <selenium.webdriver.common.driver_finder.DriverFinder object at 0x0000020406510F90>
  File "C:\Users\wangr\PycharmProjects\pythonProject64\venv\Lib\site-packages\selenium\webdriver\common\driver_finder.py", line 78, in _binary_paths
    raise NoSuchDriverException(msg) from err
          ‚îÇ                     ‚îî 'Unable to obtain driver for chrome'
          ‚îî <class 'selenium.common.exceptions.NoSuchDriverException'>

selenium.common.exceptions.NoSuchDriverException: Message: Unable to obtain driver for chrome; For documentation on this error, please visit: https://www.selenium.dev/documentation/webdriver/troubleshooting/errors/driver_location

2025-05-05 13:39:06.085 | INFO     | __main__:fetch_reviews_page:47 - üîå –ü—Ä–æ–±—É—é –ø—Ä–æ–∫—Å–∏ 46.243.9.113:8080
2025-05-05 13:39:06.116 | ERROR    | __main__:fetch_reviews_page:67 - –û—à–∏–±–∫–∞ —Å –ø—Ä–æ–∫—Å–∏ 46.243.9.113:8080: Message: Unable to obtain driver for chrome; For documentation on this error, please visit: https://www.selenium.dev/documentation/webdriver/troubleshooting/errors/driver_location

Traceback (most recent call last):

  File "C:\Users\wangr\PycharmProjects\pythonProject64\venv\Lib\site-packages\selenium\webdriver\common\driver_finder.py", line 64, in _binary_paths
    raise ValueError(f"The path is not a valid file: {path}")

ValueError: The path is not a valid file: C:\path\to\chromedriver.exe


The above exception was the direct cause of the following exception:


Traceback (most recent call last):

  File "C:\Users\wangr\PycharmProjects\pythonProject64\honest_reviews\app\scrapping\yandex_reviews_parser.py", line 96, in <module>
    fetch_reviews_page(org_id)
    ‚îÇ                  ‚îî '1218917291'
    ‚îî <function fetch_reviews_page at 0x0000020405E6AAC0>

> File "C:\Users\wangr\PycharmProjects\pythonProject64\honest_reviews\app\scrapping\yandex_reviews_parser.py", line 49, in fetch_reviews_page
    driver = init_driver(proxy)
             ‚îÇ           ‚îî '46.243.9.113:8080'
             ‚îî <function init_driver at 0x0000020405E6A980>

  File "C:\Users\wangr\PycharmProjects\pythonProject64\honest_reviews\app\scrapping\yandex_reviews_parser.py", line 35, in init_driver
    return webdriver.Chrome(service=service, options=options)
           ‚îÇ         ‚îÇ              ‚îÇ                ‚îî <selenium.webdriver.chrome.options.Options object at 0x000002040556AE10>
           ‚îÇ         ‚îÇ              ‚îî <selenium.webdriver.chrome.service.Service object at 0x0000020406D30D90>
           ‚îÇ         ‚îî <class 'selenium.webdriver.chrome.webdriver.WebDriver'>
           ‚îî <module 'selenium.webdriver' from 'C:\\Users\\wangr\\PycharmProjects\\pythonProject64\\venv\\Lib\\site-packages\\selenium\\we...

  File "C:\Users\wangr\PycharmProjects\pythonProject64\venv\Lib\site-packages\selenium\webdriver\chrome\webdriver.py", line 45, in __init__
    super().__init__(
  File "C:\Users\wangr\PycharmProjects\pythonProject64\venv\Lib\site-packages\selenium\webdriver\chromium\webdriver.py", line 51, in __init__
    if finder.get_browser_path():
       ‚îÇ      ‚îî <function DriverFinder.get_browser_path at 0x0000020405021120>
       ‚îî <selenium.webdriver.common.driver_finder.DriverFinder object at 0x0000020406D31050>
  File "C:\Users\wangr\PycharmProjects\pythonProject64\venv\Lib\site-packages\selenium\webdriver\common\driver_finder.py", line 47, in get_browser_path
    return self._binary_paths()["browser_path"]
           ‚îÇ    ‚îî <function DriverFinder._binary_paths at 0x0000020405022980>
           ‚îî <selenium.webdriver.common.driver_finder.DriverFinder object at 0x0000020406D31050>
  File "C:\Users\wangr\PycharmProjects\pythonProject64\venv\Lib\site-packages\selenium\webdriver\common\driver_finder.py", line 78, in _binary_paths
    raise NoSuchDriverException(msg) from err
          ‚îÇ                     ‚îî 'Unable to obtain driver for chrome'
          ‚îî <class 'selenium.common.exceptions.NoSuchDriverException'>

selenium.common.exceptions.NoSuchDriverException: Message: Unable to obtain driver for chrome; For documentation on this error, please visit: https://www.selenium.dev/documentation/webdriver/troubleshooting/errors/driver_location

2025-05-05 13:39:06.128 | INFO     | __main__:fetch_reviews_page:47 - üîå –ü—Ä–æ–±—É—é –ø—Ä–æ–∫—Å–∏ 37.20.129.17:8081
2025-05-05 13:39:06.155 | ERROR    | __main__:fetch_reviews_page:67 - –û—à–∏–±–∫–∞ —Å –ø—Ä–æ–∫—Å–∏ 37.20.129.17:8081: Message: Unable to obtain driver for chrome; For documentation on this error, please visit: https://www.selenium.dev/documentation/webdriver/troubleshooting/errors/driver_location

Traceback (most recent call last):

  File "C:\Users\wangr\PycharmProjects\pythonProject64\venv\Lib\site-packages\selenium\webdriver\common\driver_finder.py", line 64, in _binary_paths
    raise ValueError(f"The path is not a valid file: {path}")

ValueError: The path is not a valid file: C:\path\to\chromedriver.exe


The above exception was the direct cause of the following exception:


Traceback (most recent call last):

  File "C:\Users\wangr\PycharmProjects\pythonProject64\honest_reviews\app\scrapping\yandex_reviews_parser.py", line 96, in <module>
    fetch_reviews_page(org_id)
    ‚îÇ                  ‚îî '1218917291'
    ‚îî <function fetch_reviews_page at 0x0000020405E6AAC0>

> File "C:\Users\wangr\PycharmProjects\pythonProject64\honest_reviews\app\scrapping\yandex_reviews_parser.py", line 49, in fetch_reviews_page
    driver = init_driver(proxy)
             ‚îÇ           ‚îî '37.20.129.17:8081'
             ‚îî <function init_driver at 0x0000020405E6A980>

  File "C:\Users\wangr\PycharmProjects\pythonProject64\honest_reviews\app\scrapping\yandex_reviews_parser.py", line 35, in init_driver
    return webdriver.Chrome(service=service, options=options)
           ‚îÇ         ‚îÇ              ‚îÇ                ‚îî <selenium.webdriver.chrome.options.Options object at 0x0000020405F50090>
           ‚îÇ         ‚îÇ              ‚îî <selenium.webdriver.chrome.service.Service object at 0x000002040610CE10>
           ‚îÇ         ‚îî <class 'selenium.webdriver.chrome.webdriver.WebDriver'>
           ‚îî <module 'selenium.webdriver' from 'C:\\Users\\wangr\\PycharmProjects\\pythonProject64\\venv\\Lib\\site-packages\\selenium\\we...

  File "C:\Users\wangr\PycharmProjects\pythonProject64\venv\Lib\site-packages\selenium\webdriver\chrome\webdriver.py", line 45, in __init__
    super().__init__(
  File "C:\Users\wangr\PycharmProjects\pythonProject64\venv\Lib\site-packages\selenium\webdriver\chromium\webdriver.py", line 51, in __init__
    if finder.get_browser_path():
       ‚îÇ      ‚îî <function DriverFinder.get_browser_path at 0x0000020405021120>
       ‚îî <selenium.webdriver.common.driver_finder.DriverFinder object at 0x000002040610D390>
  File "C:\Users\wangr\PycharmProjects\pythonProject64\venv\Lib\site-packages\selenium\webdriver\common\driver_finder.py", line 47, in get_browser_path
    return self._binary_paths()["browser_path"]
           ‚îÇ    ‚îî <function DriverFinder._binary_paths at 0x0000020405022980>
           ‚îî <selenium.webdriver.common.driver_finder.DriverFinder object at 0x000002040610D390>
  File "C:\Users\wangr\PycharmProjects\pythonProject64\venv\Lib\site-packages\selenium\webdriver\common\driver_finder.py", line 78, in _binary_paths
    raise NoSuchDriverException(msg) from err
          ‚îÇ                     ‚îî 'Unable to obtain driver for chrome'
          ‚îî <class 'selenium.common.exceptions.NoSuchDriverException'>

selenium.common.exceptions.NoSuchDriverException: Message: Unable to obtain driver for chrome; For documentation on this error, please visit: https://www.selenium.dev/documentation/webdriver/troubleshooting/errors/driver_location

2025-05-05 13:39:06.163 | INFO     | __main__:fetch_reviews_page:47 - üîå –ü—Ä–æ–±—É—é –ø—Ä–æ–∫—Å–∏ 5.228.144.64:8081
2025-05-05 13:39:06.193 | ERROR    | __main__:fetch_reviews_page:67 - –û—à–∏–±–∫–∞ —Å –ø—Ä–æ–∫—Å–∏ 5.228.144.64:8081: Message: Unable to obtain driver for chrome; For documentation on this error, please visit: https://www.selenium.dev/documentation/webdriver/troubleshooting/errors/driver_location

Traceback (most recent call last):

  File "C:\Users\wangr\PycharmProjects\pythonProject64\venv\Lib\site-packages\selenium\webdriver\common\driver_finder.py", line 64, in _binary_paths
    raise ValueError(f"The path is not a valid file: {path}")

ValueError: The path is not a valid file: C:\path\to\chromedriver.exe


The above exception was the direct cause of the following exception:


Traceback (most recent call last):

  File "C:\Users\wangr\PycharmProjects\pythonProject64\honest_reviews\app\scrapping\yandex_reviews_parser.py", line 96, in <module>
    fetch_reviews_page(org_id)
    ‚îÇ                  ‚îî '1218917291'
    ‚îî <function fetch_reviews_page at 0x0000020405E6AAC0>

> File "C:\Users\wangr\PycharmProjects\pythonProject64\honest_reviews\app\scrapping\yandex_reviews_parser.py", line 49, in fetch_reviews_page
    driver = init_driver(proxy)
             ‚îÇ           ‚îî '5.228.144.64:8081'
             ‚îî <function init_driver at 0x0000020405E6A980>

  File "C:\Users\wangr\PycharmProjects\pythonProject64\honest_reviews\app\scrapping\yandex_reviews_parser.py", line 35, in init_driver
    return webdriver.Chrome(service=service, options=options)
           ‚îÇ         ‚îÇ              ‚îÇ                ‚îî <selenium.webdriver.chrome.options.Options object at 0x0000020405EFC6D0>
           ‚îÇ         ‚îÇ              ‚îî <selenium.webdriver.chrome.service.Service object at 0x000002040600D090>
           ‚îÇ         ‚îî <class 'selenium.webdriver.chrome.webdriver.WebDriver'>
           ‚îî <module 'selenium.webdriver' from 'C:\\Users\\wangr\\PycharmProjects\\pythonProject64\\venv\\Lib\\site-packages\\selenium\\we...

  File "C:\Users\wangr\PycharmProjects\pythonProject64\venv\Lib\site-packages\selenium\webdriver\chrome\webdriver.py", line 45, in __init__
    super().__init__(
  File "C:\Users\wangr\PycharmProjects\pythonProject64\venv\Lib\site-packages\selenium\webdriver\chromium\webdriver.py", line 51, in __init__
    if finder.get_browser_path():
       ‚îÇ      ‚îî <function DriverFinder.get_browser_path at 0x0000020405021120>
       ‚îî <selenium.webdriver.common.driver_finder.DriverFinder object at 0x000002040600D350>
  File "C:\Users\wangr\PycharmProjects\pythonProject64\venv\Lib\site-packages\selenium\webdriver\common\driver_finder.py", line 47, in get_browser_path
    return self._binary_paths()["browser_path"]
           ‚îÇ    ‚îî <function DriverFinder._binary_paths at 0x0000020405022980>
           ‚îî <selenium.webdriver.common.driver_finder.DriverFinder object at 0x000002040600D350>
  File "C:\Users\wangr\PycharmProjects\pythonProject64\venv\Lib\site-packages\selenium\webdriver\common\driver_finder.py", line 78, in _binary_paths
    raise NoSuchDriverException(msg) from err
          ‚îÇ                     ‚îî 'Unable to obtain driver for chrome'
          ‚îî <class 'selenium.common.exceptions.NoSuchDriverException'>

selenium.common.exceptions.NoSuchDriverException: Message: Unable to obtain driver for chrome; For documentation on this error, please visit: https://www.selenium.dev/documentation/webdriver/troubleshooting/errors/driver_location

2025-05-05 13:39:06.201 | INFO     | __main__:fetch_reviews_page:47 - üîå –ü—Ä–æ–±—É—é –ø—Ä–æ–∫—Å–∏ 178.217.98.188:3128
2025-05-05 13:39:06.226 | ERROR    | __main__:fetch_reviews_page:67 - –û—à–∏–±–∫–∞ —Å –ø—Ä–æ–∫—Å–∏ 178.217.98.188:3128: Message: Unable to obtain driver for chrome; For documentation on this error, please visit: https://www.selenium.dev/documentation/webdriver/troubleshooting/errors/driver_location

Traceback (most recent call last):

  File "C:\Users\wangr\PycharmProjects\pythonProject64\venv\Lib\site-packages\selenium\webdriver\common\driver_finder.py", line 64, in _binary_paths
    raise ValueError(f"The path is not a valid file: {path}")

ValueError: The path is not a valid file: C:\path\to\chromedriver.exe


The above exception was the direct cause of the following exception:


Traceback (most recent call last):

  File "C:\Users\wangr\PycharmProjects\pythonProject64\honest_reviews\app\scrapping\yandex_reviews_parser.py", line 96, in <module>
    fetch_reviews_page(org_id)
    ‚îÇ                  ‚îî '1218917291'
    ‚îî <function fetch_reviews_page at 0x0000020405E6AAC0>

> File "C:\Users\wangr\PycharmProjects\pythonProject64\honest_reviews\app\scrapping\yandex_reviews_parser.py", line 49, in fetch_reviews_page
    driver = init_driver(proxy)
             ‚îÇ           ‚îî '178.217.98.188:3128'
             ‚îî <function init_driver at 0x0000020405E6A980>

  File "C:\Users\wangr\PycharmProjects\pythonProject64\honest_reviews\app\scrapping\yandex_reviews_parser.py", line 35, in init_driver
    return webdriver.Chrome(service=service, options=options)
           ‚îÇ         ‚îÇ              ‚îÇ                ‚îî <selenium.webdriver.chrome.options.Options object at 0x000002040558B290>
           ‚îÇ         ‚îÇ              ‚îî <selenium.webdriver.chrome.service.Service object at 0x000002040680D290>
           ‚îÇ         ‚îî <class 'selenium.webdriver.chrome.webdriver.WebDriver'>
           ‚îî <module 'selenium.webdriver' from 'C:\\Users\\wangr\\PycharmProjects\\pythonProject64\\venv\\Lib\\site-packages\\selenium\\we...

  File "C:\Users\wangr\PycharmProjects\pythonProject64\venv\Lib\site-packages\selenium\webdriver\chrome\webdriver.py", line 45, in __init__
    super().__init__(
  File "C:\Users\wangr\PycharmProjects\pythonProject64\venv\Lib\site-packages\selenium\webdriver\chromium\webdriver.py", line 51, in __init__
    if finder.get_browser_path():
       ‚îÇ      ‚îî <function DriverFinder.get_browser_path at 0x0000020405021120>
       ‚îî <selenium.webdriver.common.driver_finder.DriverFinder object at 0x000002040680D590>
  File "C:\Users\wangr\PycharmProjects\pythonProject64\venv\Lib\site-packages\selenium\webdriver\common\driver_finder.py", line 47, in get_browser_path
    return self._binary_paths()["browser_path"]
           ‚îÇ    ‚îî <function DriverFinder._binary_paths at 0x0000020405022980>
           ‚îî <selenium.webdriver.common.driver_finder.DriverFinder object at 0x000002040680D590>
  File "C:\Users\wangr\PycharmProjects\pythonProject64\venv\Lib\site-packages\selenium\webdriver\common\driver_finder.py", line 78, in _binary_paths
    raise NoSuchDriverException(msg) from err
          ‚îÇ                     ‚îî 'Unable to obtain driver for chrome'
          ‚îî <class 'selenium.common.exceptions.NoSuchDriverException'>

selenium.common.exceptions.NoSuchDriverException: Message: Unable to obtain driver for chrome; For documentation on this error, please visit: https://www.selenium.dev/documentation/webdriver/troubleshooting/errors/driver_location

2025-05-05 13:39:06.231 | INFO     | __main__:fetch_reviews_page:47 - üîå –ü—Ä–æ–±—É—é –ø—Ä–æ–∫—Å–∏ 95.31.220.59:8888
2025-05-05 13:39:06.257 | ERROR    | __main__:fetch_reviews_page:67 - –û—à–∏–±–∫–∞ —Å –ø—Ä–æ–∫—Å–∏ 95.31.220.59:8888: Message: Unable to obtain driver for chrome; For documentation on this error, please visit: https://www.selenium.dev/documentation/webdriver/troubleshooting/errors/driver_location

Traceback (most recent call last):

  File "C:\Users\wangr\PycharmProjects\pythonProject64\venv\Lib\site-packages\selenium\webdriver\common\driver_finder.py", line 64, in _binary_paths
    raise ValueError(f"The path is not a valid file: {path}")

ValueError: The path is not a valid file: C:\path\to\chromedriver.exe


The above exception was the direct cause of the following exception:


Traceback (most recent call last):

  File "C:\Users\wangr\PycharmProjects\pythonProject64\honest_reviews\app\scrapping\yandex_reviews_parser.py", line 96, in <module>
    fetch_reviews_page(org_id)
    ‚îÇ                  ‚îî '1218917291'
    ‚îî <function fetch_reviews_page at 0x0000020405E6AAC0>

> File "C:\Users\wangr\PycharmProjects\pythonProject64\honest_reviews\app\scrapping\yandex_reviews_parser.py", line 49, in fetch_reviews_page
    driver = init_driver(proxy)
             ‚îÇ           ‚îî '95.31.220.59:8888'
             ‚îî <function init_driver at 0x0000020405E6A980>

  File "C:\Users\wangr\PycharmProjects\pythonProject64\honest_reviews\app\scrapping\yandex_reviews_parser.py", line 35, in init_driver
    return webdriver.Chrome(service=service, options=options)
           ‚îÇ         ‚îÇ              ‚îÇ                ‚îî <selenium.webdriver.chrome.options.Options object at 0x0000020407736190>
           ‚îÇ         ‚îÇ              ‚îî <selenium.webdriver.chrome.service.Service object at 0x0000020406F299D0>
           ‚îÇ         ‚îî <class 'selenium.webdriver.chrome.webdriver.WebDriver'>
           ‚îî <module 'selenium.webdriver' from 'C:\\Users\\wangr\\PycharmProjects\\pythonProject64\\venv\\Lib\\site-packages\\selenium\\we...

  File "C:\Users\wangr\PycharmProjects\pythonProject64\venv\Lib\site-packages\selenium\webdriver\chrome\webdriver.py", line 45, in __init__
    super().__init__(
  File "C:\Users\wangr\PycharmProjects\pythonProject64\venv\Lib\site-packages\selenium\webdriver\chromium\webdriver.py", line 51, in __init__
    if finder.get_browser_path():
       ‚îÇ      ‚îî <function DriverFinder.get_browser_path at 0x0000020405021120>
       ‚îî <selenium.webdriver.common.driver_finder.DriverFinder object at 0x0000020406F29490>
  File "C:\Users\wangr\PycharmProjects\pythonProject64\venv\Lib\site-packages\selenium\webdriver\common\driver_finder.py", line 47, in get_browser_path
    return self._binary_paths()["browser_path"]
           ‚îÇ    ‚îî <function DriverFinder._binary_paths at 0x0000020405022980>
           ‚îî <selenium.webdriver.common.driver_finder.DriverFinder object at 0x0000020406F29490>
  File "C:\Users\wangr\PycharmProjects\pythonProject64\venv\Lib\site-packages\selenium\webdriver\common\driver_finder.py", line 78, in _binary_paths
    raise NoSuchDriverException(msg) from err
          ‚îÇ                     ‚îî 'Unable to obtain driver for chrome'
          ‚îî <class 'selenium.common.exceptions.NoSuchDriverException'>

selenium.common.exceptions.NoSuchDriverException: Message: Unable to obtain driver for chrome; For documentation on this error, please visit: https://www.selenium.dev/documentation/webdriver/troubleshooting/errors/driver_location

2025-05-05 13:39:06.266 | INFO     | __main__:fetch_reviews_page:47 - üîå –ü—Ä–æ–±—É—é –ø—Ä–æ–∫—Å–∏ 213.159.195.47:3128
2025-05-05 13:39:06.299 | ERROR    | __main__:fetch_reviews_page:67 - –û—à–∏–±–∫–∞ —Å –ø—Ä–æ–∫—Å–∏ 213.159.195.47:3128: Message: Unable to obtain driver for chrome; For documentation on this error, please visit: https://www.selenium.dev/documentation/webdriver/troubleshooting/errors/driver_location

Traceback (most recent call last):

  File "C:\Users\wangr\PycharmProjects\pythonProject64\venv\Lib\site-packages\selenium\webdriver\common\driver_finder.py", line 64, in _binary_paths
    raise ValueError(f"The path is not a valid file: {path}")

ValueError: The path is not a valid file: C:\path\to\chromedriver.exe


The above exception was the direct cause of the following exception:


Traceback (most recent call last):

  File "C:\Users\wangr\PycharmProjects\pythonProject64\honest_reviews\app\scrapping\yandex_reviews_parser.py", line 96, in <module>
    fetch_reviews_page(org_id)
    ‚îÇ                  ‚îî '1218917291'
    ‚îî <function fetch_reviews_page at 0x0000020405E6AAC0>

> File "C:\Users\wangr\PycharmProjects\pythonProject64\honest_reviews\app\scrapping\yandex_reviews_parser.py", line 49, in fetch_reviews_page
    driver = init_driver(proxy)
             ‚îÇ           ‚îî '213.159.195.47:3128'
             ‚îî <function init_driver at 0x0000020405E6A980>

  File "C:\Users\wangr\PycharmProjects\pythonProject64\honest_reviews\app\scrapping\yandex_reviews_parser.py", line 35, in init_driver
    return webdriver.Chrome(service=service, options=options)
           ‚îÇ         ‚îÇ              ‚îÇ                ‚îî <selenium.webdriver.chrome.options.Options object at 0x000002040558FFD0>
           ‚îÇ         ‚îÇ              ‚îî <selenium.webdriver.chrome.service.Service object at 0x0000020406A05450>
           ‚îÇ         ‚îî <class 'selenium.webdriver.chrome.webdriver.WebDriver'>
           ‚îî <module 'selenium.webdriver' from 'C:\\Users\\wangr\\PycharmProjects\\pythonProject64\\venv\\Lib\\site-packages\\selenium\\we...

  File "C:\Users\wangr\PycharmProjects\pythonProject64\venv\Lib\site-packages\selenium\webdriver\chrome\webdriver.py", line 45, in __init__
    super().__init__(
  File "C:\Users\wangr\PycharmProjects\pythonProject64\venv\Lib\site-packages\selenium\webdriver\chromium\webdriver.py", line 51, in __init__
    if finder.get_browser_path():
       ‚îÇ      ‚îî <function DriverFinder.get_browser_path at 0x0000020405021120>
       ‚îî <selenium.webdriver.common.driver_finder.DriverFinder object at 0x0000020406A05710>
  File "C:\Users\wangr\PycharmProjects\pythonProject64\venv\Lib\site-packages\selenium\webdriver\common\driver_finder.py", line 47, in get_browser_path
    return self._binary_paths()["browser_path"]
           ‚îÇ    ‚îî <function DriverFinder._binary_paths at 0x0000020405022980>
           ‚îî <selenium.webdriver.common.driver_finder.DriverFinder object at 0x0000020406A05710>
  File "C:\Users\wangr\PycharmProjects\pythonProject64\venv\Lib\site-packages\selenium\webdriver\common\driver_finder.py", line 78, in _binary_paths
    raise NoSuchDriverException(msg) from err
          ‚îÇ                     ‚îî 'Unable to obtain driver for chrome'
          ‚îî <class 'selenium.common.exceptions.NoSuchDriverException'>

selenium.common.exceptions.NoSuchDriverException: Message: Unable to obtain driver for chrome; For documentation on this error, please visit: https://www.selenium.dev/documentation/webdriver/troubleshooting/errors/driver_location

2025-05-05 13:39:06.309 | INFO     | __main__:fetch_reviews_page:47 - üîå –ü—Ä–æ–±—É—é –ø—Ä–æ–∫—Å–∏ 194.87.201.102:3128
2025-05-05 13:39:06.335 | ERROR    | __main__:fetch_reviews_page:67 - –û—à–∏–±–∫–∞ —Å –ø—Ä–æ–∫—Å–∏ 194.87.201.102:3128: Message: Unable to obtain driver for chrome; For documentation on this error, please visit: https://www.selenium.dev/documentation/webdriver/troubleshooting/errors/driver_location

Traceback (most recent call last):

  File "C:\Users\wangr\PycharmProjects\pythonProject64\venv\Lib\site-packages\selenium\webdriver\common\driver_finder.py", line 64, in _binary_paths
    raise ValueError(f"The path is not a valid file: {path}")

ValueError: The path is not a valid file: C:\path\to\chromedriver.exe


The above exception was the direct cause of the following exception:


Traceback (most recent call last):

  File "C:\Users\wangr\PycharmProjects\pythonProject64\honest_reviews\app\scrapping\yandex_reviews_parser.py", line 96, in <module>
    fetch_reviews_page(org_id)
    ‚îÇ                  ‚îî '1218917291'
    ‚îî <function fetch_reviews_page at 0x0000020405E6AAC0>

> File "C:\Users\wangr\PycharmProjects\pythonProject64\honest_reviews\app\scrapping\yandex_reviews_parser.py", line 49, in fetch_reviews_page
    driver = init_driver(proxy)
             ‚îÇ           ‚îî '194.87.201.102:3128'
             ‚îî <function init_driver at 0x0000020405E6A980>

  File "C:\Users\wangr\PycharmProjects\pythonProject64\honest_reviews\app\scrapping\yandex_reviews_parser.py", line 35, in init_driver
    return webdriver.Chrome(service=service, options=options)
           ‚îÇ         ‚îÇ              ‚îÇ                ‚îî <selenium.webdriver.chrome.options.Options object at 0x0000020405EFC6D0>
           ‚îÇ         ‚îÇ              ‚îî <selenium.webdriver.chrome.service.Service object at 0x000002040742D510>
           ‚îÇ         ‚îî <class 'selenium.webdriver.chrome.webdriver.WebDriver'>
           ‚îî <module 'selenium.webdriver' from 'C:\\Users\\wangr\\PycharmProjects\\pythonProject64\\venv\\Lib\\site-packages\\selenium\\we...

  File "C:\Users\wangr\PycharmProjects\pythonProject64\venv\Lib\site-packages\selenium\webdriver\chrome\webdriver.py", line 45, in __init__
    super().__init__(
  File "C:\Users\wangr\PycharmProjects\pythonProject64\venv\Lib\site-packages\selenium\webdriver\chromium\webdriver.py", line 51, in __init__
    if finder.get_browser_path():
       ‚îÇ      ‚îî <function DriverFinder.get_browser_path at 0x0000020405021120>
       ‚îî <selenium.webdriver.common.driver_finder.DriverFinder object at 0x000002040742D7D0>
  File "C:\Users\wangr\PycharmProjects\pythonProject64\venv\Lib\site-packages\selenium\webdriver\common\driver_finder.py", line 47, in get_browser_path
    return self._binary_paths()["browser_path"]
           ‚îÇ    ‚îî <function DriverFinder._binary_paths at 0x0000020405022980>
           ‚îî <selenium.webdriver.common.driver_finder.DriverFinder object at 0x000002040742D7D0>
  File "C:\Users\wangr\PycharmProjects\pythonProject64\venv\Lib\site-packages\selenium\webdriver\common\driver_finder.py", line 78, in _binary_paths
    raise NoSuchDriverException(msg) from err
          ‚îÇ                     ‚îî 'Unable to obtain driver for chrome'
          ‚îî <class 'selenium.common.exceptions.NoSuchDriverException'>

selenium.common.exceptions.NoSuchDriverException: Message: Unable to obtain driver for chrome; For documentation on this error, please visit: https://www.selenium.dev/documentation/webdriver/troubleshooting/errors/driver_location

2025-05-05 13:39:06.344 | INFO     | __main__:fetch_reviews_page:47 - üîå –ü—Ä–æ–±—É—é –ø—Ä–æ–∫—Å–∏ 195.133.250.173:3127
2025-05-05 13:39:06.373 | ERROR    | __main__:fetch_reviews_page:67 - –û—à–∏–±–∫–∞ —Å –ø—Ä–æ–∫—Å–∏ 195.133.250.173:3127: Message: Unable to obtain driver for chrome; For documentation on this error, please visit: https://www.selenium.dev/documentation/webdriver/troubleshooting/errors/driver_location

Traceback (most recent call last):

  File "C:\Users\wangr\PycharmProjects\pythonProject64\venv\Lib\site-packages\selenium\webdriver\common\driver_finder.py", line 64, in _binary_paths
    raise ValueError(f"The path is not a valid file: {path}")

ValueError: The path is not a valid file: C:\path\to\chromedriver.exe


The above exception was the direct cause of the following exception:


Traceback (most recent call last):

  File "C:\Users\wangr\PycharmProjects\pythonProject64\honest_reviews\app\scrapping\yandex_reviews_parser.py", line 96, in <module>
    fetch_reviews_page(org_id)
    ‚îÇ                  ‚îî '1218917291'
    ‚îî <function fetch_reviews_page at 0x0000020405E6AAC0>

> File "C:\Users\wangr\PycharmProjects\pythonProject64\honest_reviews\app\scrapping\yandex_reviews_parser.py", line 49, in fetch_reviews_page
    driver = init_driver(proxy)
             ‚îÇ           ‚îî '195.133.250.173:3127'
             ‚îî <function init_driver at 0x0000020405E6A980>

  File "C:\Users\wangr\PycharmProjects\pythonProject64\honest_reviews\app\scrapping\yandex_reviews_parser.py", line 35, in init_driver
    return webdriver.Chrome(service=service, options=options)
           ‚îÇ         ‚îÇ              ‚îÇ                ‚îî <selenium.webdriver.chrome.options.Options object at 0x0000020407734310>
           ‚îÇ         ‚îÇ              ‚îî <selenium.webdriver.chrome.service.Service object at 0x0000020406609750>
           ‚îÇ         ‚îî <class 'selenium.webdriver.chrome.webdriver.WebDriver'>
           ‚îî <module 'selenium.webdriver' from 'C:\\Users\\wangr\\PycharmProjects\\pythonProject64\\venv\\Lib\\site-packages\\selenium\\we...

  File "C:\Users\wangr\PycharmProjects\pythonProject64\venv\Lib\site-packages\selenium\webdriver\chrome\webdriver.py", line 45, in __init__
    super().__init__(
  File "C:\Users\wangr\PycharmProjects\pythonProject64\venv\Lib\site-packages\selenium\webdriver\chromium\webdriver.py", line 51, in __init__
    if finder.get_browser_path():
       ‚îÇ      ‚îî <function DriverFinder.get_browser_path at 0x0000020405021120>
       ‚îî <selenium.webdriver.common.driver_finder.DriverFinder object at 0x00000204066098D0>
  File "C:\Users\wangr\PycharmProjects\pythonProject64\venv\Lib\site-packages\selenium\webdriver\common\driver_finder.py", line 47, in get_browser_path
    return self._binary_paths()["browser_path"]
           ‚îÇ    ‚îî <function DriverFinder._binary_paths at 0x0000020405022980>
           ‚îî <selenium.webdriver.common.driver_finder.DriverFinder object at 0x00000204066098D0>
  File "C:\Users\wangr\PycharmProjects\pythonProject64\venv\Lib\site-packages\selenium\webdriver\common\driver_finder.py", line 78, in _binary_paths
    raise NoSuchDriverException(msg) from err
          ‚îÇ                     ‚îî 'Unable to obtain driver for chrome'
          ‚îî <class 'selenium.common.exceptions.NoSuchDriverException'>

selenium.common.exceptions.NoSuchDriverException: Message: Unable to obtain driver for chrome; For documentation on this error, please visit: https://www.selenium.dev/documentation/webdriver/troubleshooting/errors/driver_location

2025-05-05 13:39:06.383 | INFO     | __main__:fetch_reviews_page:47 - üîå –ü—Ä–æ–±—É—é –ø—Ä–æ–∫—Å–∏ 95.128.137.159:65056
2025-05-05 13:39:06.415 | ERROR    | __main__:fetch_reviews_page:67 - –û—à–∏–±–∫–∞ —Å –ø—Ä–æ–∫—Å–∏ 95.128.137.159:65056: Message: Unable to obtain driver for chrome; For documentation on this error, please visit: https://www.selenium.dev/documentation/webdriver/troubleshooting/errors/driver_location

Traceback (most recent call last):

  File "C:\Users\wangr\PycharmProjects\pythonProject64\venv\Lib\site-packages\selenium\webdriver\common\driver_finder.py", line 64, in _binary_paths
    raise ValueError(f"The path is not a valid file: {path}")

ValueError: The path is not a valid file: C:\path\to\chromedriver.exe


The above exception was the direct cause of the following exception:


Traceback (most recent call last):

  File "C:\Users\wangr\PycharmProjects\pythonProject64\honest_reviews\app\scrapping\yandex_reviews_parser.py", line 96, in <module>
    fetch_reviews_page(org_id)
    ‚îÇ                  ‚îî '1218917291'
    ‚îî <function fetch_reviews_page at 0x0000020405E6AAC0>

> File "C:\Users\wangr\PycharmProjects\pythonProject64\honest_reviews\app\scrapping\yandex_reviews_parser.py", line 49, in fetch_reviews_page
    driver = init_driver(proxy)
             ‚îÇ           ‚îî '95.128.137.159:65056'
             ‚îî <function init_driver at 0x0000020405E6A980>

  File "C:\Users\wangr\PycharmProjects\pythonProject64\honest_reviews\app\scrapping\yandex_reviews_parser.py", line 35, in init_driver
    return webdriver.Chrome(service=service, options=options)
           ‚îÇ         ‚îÇ              ‚îÇ                ‚îî <selenium.webdriver.chrome.options.Options object at 0x000002040774A0D0>
           ‚îÇ         ‚îÇ              ‚îî <selenium.webdriver.chrome.service.Service object at 0x0000020407629E10>
           ‚îÇ         ‚îî <class 'selenium.webdriver.chrome.webdriver.WebDriver'>
           ‚îî <module 'selenium.webdriver' from 'C:\\Users\\wangr\\PycharmProjects\\pythonProject64\\venv\\Lib\\site-packages\\selenium\\we...

  File "C:\Users\wangr\PycharmProjects\pythonProject64\venv\Lib\site-packages\selenium\webdriver\chrome\webdriver.py", line 45, in __init__
    super().__init__(
  File "C:\Users\wangr\PycharmProjects\pythonProject64\venv\Lib\site-packages\selenium\webdriver\chromium\webdriver.py", line 51, in __init__
    if finder.get_browser_path():
       ‚îÇ      ‚îî <function DriverFinder.get_browser_path at 0x0000020405021120>
       ‚îî <selenium.webdriver.common.driver_finder.DriverFinder object at 0x0000020407629850>
  File "C:\Users\wangr\PycharmProjects\pythonProject64\venv\Lib\site-packages\selenium\webdriver\common\driver_finder.py", line 47, in get_browser_path
    return self._binary_paths()["browser_path"]
           ‚îÇ    ‚îî <function DriverFinder._binary_paths at 0x0000020405022980>
           ‚îî <selenium.webdriver.common.driver_finder.DriverFinder object at 0x0000020407629850>
  File "C:\Users\wangr\PycharmProjects\pythonProject64\venv\Lib\site-packages\selenium\webdriver\common\driver_finder.py", line 78, in _binary_paths
    raise NoSuchDriverException(msg) from err
          ‚îÇ                     ‚îî 'Unable to obtain driver for chrome'
          ‚îî <class 'selenium.common.exceptions.NoSuchDriverException'>

selenium.common.exceptions.NoSuchDriverException: Message: Unable to obtain driver for chrome; For documentation on this error, please visit: https://www.selenium.dev/documentation/webdriver/troubleshooting/errors/driver_location

2025-05-05 13:39:06.424 | INFO     | __main__:fetch_reviews_page:47 - üîå –ü—Ä–æ–±—É—é –ø—Ä–æ–∫—Å–∏ 95.188.83.216:1080
2025-05-05 13:39:06.463 | ERROR    | __main__:fetch_reviews_page:67 - –û—à–∏–±–∫–∞ —Å –ø—Ä–æ–∫—Å–∏ 95.188.83.216:1080: Message: Unable to obtain driver for chrome; For documentation on this error, please visit: https://www.selenium.dev/documentation/webdriver/troubleshooting/errors/driver_location

Traceback (most recent call last):

  File "C:\Users\wangr\PycharmProjects\pythonProject64\venv\Lib\site-packages\selenium\webdriver\common\driver_finder.py", line 64, in _binary_paths
    raise ValueError(f"The path is not a valid file: {path}")

ValueError: The path is not a valid file: C:\path\to\chromedriver.exe


The above exception was the direct cause of the following exception:


Traceback (most recent call last):

  File "C:\Users\wangr\PycharmProjects\pythonProject64\honest_reviews\app\scrapping\yandex_reviews_parser.py", line 96, in <module>
    fetch_reviews_page(org_id)
    ‚îÇ                  ‚îî '1218917291'
    ‚îî <function fetch_reviews_page at 0x0000020405E6AAC0>

> File "C:\Users\wangr\PycharmProjects\pythonProject64\honest_reviews\app\scrapping\yandex_reviews_parser.py", line 49, in fetch_reviews_page
    driver = init_driver(proxy)
             ‚îÇ           ‚îî '95.188.83.216:1080'
             ‚îî <function init_driver at 0x0000020405E6A980>

  File "C:\Users\wangr\PycharmProjects\pythonProject64\honest_reviews\app\scrapping\yandex_reviews_parser.py", line 35, in init_driver
    return webdriver.Chrome(service=service, options=options)
           ‚îÇ         ‚îÇ              ‚îÇ                ‚îî <selenium.webdriver.chrome.options.Options object at 0x000002040750DC10>
           ‚îÇ         ‚îÇ              ‚îî <selenium.webdriver.chrome.service.Service object at 0x0000020406345E50>
           ‚îÇ         ‚îî <class 'selenium.webdriver.chrome.webdriver.WebDriver'>
           ‚îî <module 'selenium.webdriver' from 'C:\\Users\\wangr\\PycharmProjects\\pythonProject64\\venv\\Lib\\site-packages\\selenium\\we...

  File "C:\Users\wangr\PycharmProjects\pythonProject64\venv\Lib\site-packages\selenium\webdriver\chrome\webdriver.py", line 45, in __init__
    super().__init__(
  File "C:\Users\wangr\PycharmProjects\pythonProject64\venv\Lib\site-packages\selenium\webdriver\chromium\webdriver.py", line 51, in __init__
    if finder.get_browser_path():
       ‚îÇ      ‚îî <function DriverFinder.get_browser_path at 0x0000020405021120>
       ‚îî <selenium.webdriver.common.driver_finder.DriverFinder object at 0x0000020406345C90>
  File "C:\Users\wangr\PycharmProjects\pythonProject64\venv\Lib\site-packages\selenium\webdriver\common\driver_finder.py", line 47, in get_browser_path
    return self._binary_paths()["browser_path"]
           ‚îÇ    ‚îî <function DriverFinder._binary_paths at 0x0000020405022980>
           ‚îî <selenium.webdriver.common.driver_finder.DriverFinder object at 0x0000020406345C90>
  File "C:\Users\wangr\PycharmProjects\pythonProject64\venv\Lib\site-packages\selenium\webdriver\common\driver_finder.py", line 78, in _binary_paths
    raise NoSuchDriverException(msg) from err
          ‚îÇ                     ‚îî 'Unable to obtain driver for chrome'
          ‚îî <class 'selenium.common.exceptions.NoSuchDriverException'>

selenium.common.exceptions.NoSuchDriverException: Message: Unable to obtain driver for chrome; For documentation on this error, please visit: https://www.selenium.dev/documentation/webdriver/troubleshooting/errors/driver_location

2025-05-05 13:39:06.472 | INFO     | __main__:fetch_reviews_page:47 - üîå –ü—Ä–æ–±—É—é –ø—Ä–æ–∫—Å–∏ 94.19.162.34:8888
2025-05-05 13:39:06.499 | ERROR    | __main__:fetch_reviews_page:67 - –û—à–∏–±–∫–∞ —Å –ø—Ä–æ–∫—Å–∏ 94.19.162.34:8888: Message: Unable to obtain driver for chrome; For documentation on this error, please visit: https://www.selenium.dev/documentation/webdriver/troubleshooting/errors/driver_location

Traceback (most recent call last):

  File "C:\Users\wangr\PycharmProjects\pythonProject64\venv\Lib\site-packages\selenium\webdriver\common\driver_finder.py", line 64, in _binary_paths
    raise ValueError(f"The path is not a valid file: {path}")

ValueError: The path is not a valid file: C:\path\to\chromedriver.exe


The above exception was the direct cause of the following exception:


Traceback (most recent call last):

  File "C:\Users\wangr\PycharmProjects\pythonProject64\honest_reviews\app\scrapping\yandex_reviews_parser.py", line 96, in <module>
    fetch_reviews_page(org_id)
    ‚îÇ                  ‚îî '1218917291'
    ‚îî <function fetch_reviews_page at 0x0000020405E6AAC0>

> File "C:\Users\wangr\PycharmProjects\pythonProject64\honest_reviews\app\scrapping\yandex_reviews_parser.py", line 49, in fetch_reviews_page
    driver = init_driver(proxy)
             ‚îÇ           ‚îî '94.19.162.34:8888'
             ‚îî <function init_driver at 0x0000020405E6A980>

  File "C:\Users\wangr\PycharmProjects\pythonProject64\honest_reviews\app\scrapping\yandex_reviews_parser.py", line 35, in init_driver
    return webdriver.Chrome(service=service, options=options)
           ‚îÇ         ‚îÇ              ‚îÇ                ‚îî <selenium.webdriver.chrome.options.Options object at 0x00000204062E0150>
           ‚îÇ         ‚îÇ              ‚îî <selenium.webdriver.chrome.service.Service object at 0x0000020407229A10>
           ‚îÇ         ‚îî <class 'selenium.webdriver.chrome.webdriver.WebDriver'>
           ‚îî <module 'selenium.webdriver' from 'C:\\Users\\wangr\\PycharmProjects\\pythonProject64\\venv\\Lib\\site-packages\\selenium\\we...

  File "C:\Users\wangr\PycharmProjects\pythonProject64\venv\Lib\site-packages\selenium\webdriver\chrome\webdriver.py", line 45, in __init__
    super().__init__(
  File "C:\Users\wangr\PycharmProjects\pythonProject64\venv\Lib\site-packages\selenium\webdriver\chromium\webdriver.py", line 51, in __init__
    if finder.get_browser_path():
       ‚îÇ      ‚îî <function DriverFinder.get_browser_path at 0x0000020405021120>
       ‚îî <selenium.webdriver.common.driver_finder.DriverFinder object at 0x0000020407229CD0>
  File "C:\Users\wangr\PycharmProjects\pythonProject64\venv\Lib\site-packages\selenium\webdriver\common\driver_finder.py", line 47, in get_browser_path
    return self._binary_paths()["browser_path"]
           ‚îÇ    ‚îî <function DriverFinder._binary_paths at 0x0000020405022980>
           ‚îî <selenium.webdriver.common.driver_finder.DriverFinder object at 0x0000020407229CD0>
  File "C:\Users\wangr\PycharmProjects\pythonProject64\venv\Lib\site-packages\selenium\webdriver\common\driver_finder.py", line 78, in _binary_paths
    raise NoSuchDriverException(msg) from err
          ‚îÇ                     ‚îî 'Unable to obtain driver for chrome'
          ‚îî <class 'selenium.common.exceptions.NoSuchDriverException'>

selenium.common.exceptions.NoSuchDriverException: Message: Unable to obtain driver for chrome; For documentation on this error, please visit: https://www.selenium.dev/documentation/webdriver/troubleshooting/errors/driver_location

2025-05-05 13:39:06.506 | INFO     | __main__:fetch_reviews_page:47 - üîå –ü—Ä–æ–±—É—é –ø—Ä–æ–∫—Å–∏ 85.198.109.165:3128
2025-05-05 13:39:06.538 | ERROR    | __main__:fetch_reviews_page:67 - –û—à–∏–±–∫–∞ —Å –ø—Ä–æ–∫—Å–∏ 85.198.109.165:3128: Message: Unable to obtain driver for chrome; For documentation on this error, please visit: https://www.selenium.dev/documentation/webdriver/troubleshooting/errors/driver_location

Traceback (most recent call last):

  File "C:\Users\wangr\PycharmProjects\pythonProject64\venv\Lib\site-packages\selenium\webdriver\common\driver_finder.py", line 64, in _binary_paths
    raise ValueError(f"The path is not a valid file: {path}")

ValueError: The path is not a valid file: C:\path\to\chromedriver.exe


The above exception was the direct cause of the following exception:


Traceback (most recent call last):

  File "C:\Users\wangr\PycharmProjects\pythonProject64\honest_reviews\app\scrapping\yandex_reviews_parser.py", line 96, in <module>
    fetch_reviews_page(org_id)
    ‚îÇ                  ‚îî '1218917291'
    ‚îî <function fetch_reviews_page at 0x0000020405E6AAC0>

> File "C:\Users\wangr\PycharmProjects\pythonProject64\honest_reviews\app\scrapping\yandex_reviews_parser.py", line 49, in fetch_reviews_page
    driver = init_driver(proxy)
             ‚îÇ           ‚îî '85.198.109.165:3128'
             ‚îî <function init_driver at 0x0000020405E6A980>

  File "C:\Users\wangr\PycharmProjects\pythonProject64\honest_reviews\app\scrapping\yandex_reviews_parser.py", line 35, in init_driver
    return webdriver.Chrome(service=service, options=options)
           ‚îÇ         ‚îÇ              ‚îÇ                ‚îî <selenium.webdriver.chrome.options.Options object at 0x0000020407734310>
           ‚îÇ         ‚îÇ              ‚îî <selenium.webdriver.chrome.service.Service object at 0x0000020406205A90>
           ‚îÇ         ‚îî <class 'selenium.webdriver.chrome.webdriver.WebDriver'>
           ‚îî <module 'selenium.webdriver' from 'C:\\Users\\wangr\\PycharmProjects\\pythonProject64\\venv\\Lib\\site-packages\\selenium\\we...

  File "C:\Users\wangr\PycharmProjects\pythonProject64\venv\Lib\site-packages\selenium\webdriver\chrome\webdriver.py", line 45, in __init__
    super().__init__(
  File "C:\Users\wangr\PycharmProjects\pythonProject64\venv\Lib\site-packages\selenium\webdriver\chromium\webdriver.py", line 51, in __init__
    if finder.get_browser_path():
       ‚îÇ      ‚îî <function DriverFinder.get_browser_path at 0x0000020405021120>
       ‚îî <selenium.webdriver.common.driver_finder.DriverFinder object at 0x0000020406205D50>
  File "C:\Users\wangr\PycharmProjects\pythonProject64\venv\Lib\site-packages\selenium\webdriver\common\driver_finder.py", line 47, in get_browser_path
    return self._binary_paths()["browser_path"]
           ‚îÇ    ‚îî <function DriverFinder._binary_paths at 0x0000020405022980>
           ‚îî <selenium.webdriver.common.driver_finder.DriverFinder object at 0x0000020406205D50>
  File "C:\Users\wangr\PycharmProjects\pythonProject64\venv\Lib\site-packages\selenium\webdriver\common\driver_finder.py", line 78, in _binary_paths
    raise NoSuchDriverException(msg) from err
          ‚îÇ                     ‚îî 'Unable to obtain driver for chrome'
          ‚îî <class 'selenium.common.exceptions.NoSuchDriverException'>

selenium.common.exceptions.NoSuchDriverException: Message: Unable to obtain driver for chrome; For documentation on this error, please visit: https://www.selenium.dev/documentation/webdriver/troubleshooting/errors/driver_location

2025-05-05 13:39:06.547 | INFO     | __main__:fetch_reviews_page:47 - üîå –ü—Ä–æ–±—É—é –ø—Ä–æ–∫—Å–∏ 178.49.236.109:1080
2025-05-05 13:39:06.573 | ERROR    | __main__:fetch_reviews_page:67 - –û—à–∏–±–∫–∞ —Å –ø—Ä–æ–∫—Å–∏ 178.49.236.109:1080: Message: Unable to obtain driver for chrome; For documentation on this error, please visit: https://www.selenium.dev/documentation/webdriver/troubleshooting/errors/driver_location

Traceback (most recent call last):

  File "C:\Users\wangr\PycharmProjects\pythonProject64\venv\Lib\site-packages\selenium\webdriver\common\driver_finder.py", line 64, in _binary_paths
    raise ValueError(f"The path is not a valid file: {path}")

ValueError: The path is not a valid file: C:\path\to\chromedriver.exe


The above exception was the direct cause of the following exception:


Traceback (most recent call last):

  File "C:\Users\wangr\PycharmProjects\pythonProject64\honest_reviews\app\scrapping\yandex_reviews_parser.py", line 96, in <module>
    fetch_reviews_page(org_id)
    ‚îÇ                  ‚îî '1218917291'
    ‚îî <function fetch_reviews_page at 0x0000020405E6AAC0>

> File "C:\Users\wangr\PycharmProjects\pythonProject64\honest_reviews\app\scrapping\yandex_reviews_parser.py", line 49, in fetch_reviews_page
    driver = init_driver(proxy)
             ‚îÇ           ‚îî '178.49.236.109:1080'
             ‚îî <function init_driver at 0x0000020405E6A980>

  File "C:\Users\wangr\PycharmProjects\pythonProject64\honest_reviews\app\scrapping\yandex_reviews_parser.py", line 35, in init_driver
    return webdriver.Chrome(service=service, options=options)
           ‚îÇ         ‚îÇ              ‚îÇ                ‚îî <selenium.webdriver.chrome.options.Options object at 0x0000020405F008D0>
           ‚îÇ         ‚îÇ              ‚îî <selenium.webdriver.chrome.service.Service object at 0x0000020406E29B50>
           ‚îÇ         ‚îî <class 'selenium.webdriver.chrome.webdriver.WebDriver'>
           ‚îî <module 'selenium.webdriver' from 'C:\\Users\\wangr\\PycharmProjects\\pythonProject64\\venv\\Lib\\site-packages\\selenium\\we...

  File "C:\Users\wangr\PycharmProjects\pythonProject64\venv\Lib\site-packages\selenium\webdriver\chrome\webdriver.py", line 45, in __init__
    super().__init__(
  File "C:\Users\wangr\PycharmProjects\pythonProject64\venv\Lib\site-packages\selenium\webdriver\chromium\webdriver.py", line 51, in __init__
    if finder.get_browser_path():
       ‚îÇ      ‚îî <function DriverFinder.get_browser_path at 0x0000020405021120>
       ‚îî <selenium.webdriver.common.driver_finder.DriverFinder object at 0x0000020406E29DD0>
  File "C:\Users\wangr\PycharmProjects\pythonProject64\venv\Lib\site-packages\selenium\webdriver\common\driver_finder.py", line 47, in get_browser_path
    return self._binary_paths()["browser_path"]
           ‚îÇ    ‚îî <function DriverFinder._binary_paths at 0x0000020405022980>
           ‚îî <selenium.webdriver.common.driver_finder.DriverFinder object at 0x0000020406E29DD0>
  File "C:\Users\wangr\PycharmProjects\pythonProject64\venv\Lib\site-packages\selenium\webdriver\common\driver_finder.py", line 78, in _binary_paths
    raise NoSuchDriverException(msg) from err
          ‚îÇ                     ‚îî 'Unable to obtain driver for chrome'
          ‚îî <class 'selenium.common.exceptions.NoSuchDriverException'>

selenium.common.exceptions.NoSuchDriverException: Message: Unable to obtain driver for chrome; For documentation on this error, please visit: https://www.selenium.dev/documentation/webdriver/troubleshooting/errors/driver_location

2025-05-05 13:39:06.582 | INFO     | __main__:fetch_reviews_page:47 - üîå –ü—Ä–æ–±—É—é –ø—Ä–æ–∫—Å–∏ 89.151.133.216:8080
2025-05-05 13:39:06.609 | ERROR    | __main__:fetch_reviews_page:67 - –û—à–∏–±–∫–∞ —Å –ø—Ä–æ–∫—Å–∏ 89.151.133.216:8080: Message: Unable to obtain driver for chrome; For documentation on this error, please visit: https://www.selenium.dev/documentation/webdriver/troubleshooting/errors/driver_location

Traceback (most recent call last):

  File "C:\Users\wangr\PycharmProjects\pythonProject64\venv\Lib\site-packages\selenium\webdriver\common\driver_finder.py", line 64, in _binary_paths
    raise ValueError(f"The path is not a valid file: {path}")

ValueError: The path is not a valid file: C:\path\to\chromedriver.exe


The above exception was the direct cause of the following exception:


Traceback (most recent call last):

  File "C:\Users\wangr\PycharmProjects\pythonProject64\honest_reviews\app\scrapping\yandex_reviews_parser.py", line 96, in <module>
    fetch_reviews_page(org_id)
    ‚îÇ                  ‚îî '1218917291'
    ‚îî <function fetch_reviews_page at 0x0000020405E6AAC0>

> File "C:\Users\wangr\PycharmProjects\pythonProject64\honest_reviews\app\scrapping\yandex_reviews_parser.py", line 49, in fetch_reviews_page
    driver = init_driver(proxy)
             ‚îÇ           ‚îî '89.151.133.216:8080'
             ‚îî <function init_driver at 0x0000020405E6A980>

  File "C:\Users\wangr\PycharmProjects\pythonProject64\honest_reviews\app\scrapping\yandex_reviews_parser.py", line 35, in init_driver
    return webdriver.Chrome(service=service, options=options)
           ‚îÇ         ‚îÇ              ‚îÇ                ‚îî <selenium.webdriver.chrome.options.Options object at 0x0000020407734C90>
           ‚îÇ         ‚îÇ              ‚îî <selenium.webdriver.chrome.service.Service object at 0x0000020406B29F50>
           ‚îÇ         ‚îî <class 'selenium.webdriver.chrome.webdriver.WebDriver'>
           ‚îî <module 'selenium.webdriver' from 'C:\\Users\\wangr\\PycharmProjects\\pythonProject64\\venv\\Lib\\site-packages\\selenium\\we...

  File "C:\Users\wangr\PycharmProjects\pythonProject64\venv\Lib\site-packages\selenium\webdriver\chrome\webdriver.py", line 45, in __init__
    super().__init__(
  File "C:\Users\wangr\PycharmProjects\pythonProject64\venv\Lib\site-packages\selenium\webdriver\chromium\webdriver.py", line 51, in __init__
    if finder.get_browser_path():
       ‚îÇ      ‚îî <function DriverFinder.get_browser_path at 0x0000020405021120>
       ‚îî <selenium.webdriver.common.driver_finder.DriverFinder object at 0x0000020406B299D0>
  File "C:\Users\wangr\PycharmProjects\pythonProject64\venv\Lib\site-packages\selenium\webdriver\common\driver_finder.py", line 47, in get_browser_path
    return self._binary_paths()["browser_path"]
           ‚îÇ    ‚îî <function DriverFinder._binary_paths at 0x0000020405022980>
           ‚îî <selenium.webdriver.common.driver_finder.DriverFinder object at 0x0000020406B299D0>
  File "C:\Users\wangr\PycharmProjects\pythonProject64\venv\Lib\site-packages\selenium\webdriver\common\driver_finder.py", line 78, in _binary_paths
    raise NoSuchDriverException(msg) from err
          ‚îÇ                     ‚îî 'Unable to obtain driver for chrome'
          ‚îî <class 'selenium.common.exceptions.NoSuchDriverException'>

selenium.common.exceptions.NoSuchDriverException: Message: Unable to obtain driver for chrome; For documentation on this error, please visit: https://www.selenium.dev/documentation/webdriver/troubleshooting/errors/driver_location

2025-05-05 13:39:06.616 | INFO     | __main__:fetch_reviews_page:47 - üîå –ü—Ä–æ–±—É—é –ø—Ä–æ–∫—Å–∏ 91.185.52.57:8080
2025-05-05 13:39:06.649 | ERROR    | __main__:fetch_reviews_page:67 - –û—à–∏–±–∫–∞ —Å –ø—Ä–æ–∫—Å–∏ 91.185.52.57:8080: Message: Unable to obtain driver for chrome; For documentation on this error, please visit: https://www.selenium.dev/documentation/webdriver/troubleshooting/errors/driver_location

Traceback (most recent call last):

  File "C:\Users\wangr\PycharmProjects\pythonProject64\venv\Lib\site-packages\selenium\webdriver\common\driver_finder.py", line 64, in _binary_paths
    raise ValueError(f"The path is not a valid file: {path}")

ValueError: The path is not a valid file: C:\path\to\chromedriver.exe


The above exception was the direct cause of the following exception:


Traceback (most recent call last):

  File "C:\Users\wangr\PycharmProjects\pythonProject64\honest_reviews\app\scrapping\yandex_reviews_parser.py", line 96, in <module>
    fetch_reviews_page(org_id)
    ‚îÇ                  ‚îî '1218917291'
    ‚îî <function fetch_reviews_page at 0x0000020405E6AAC0>

> File "C:\Users\wangr\PycharmProjects\pythonProject64\honest_reviews\app\scrapping\yandex_reviews_parser.py", line 49, in fetch_reviews_page
    driver = init_driver(proxy)
             ‚îÇ           ‚îî '91.185.52.57:8080'
             ‚îî <function init_driver at 0x0000020405E6A980>

  File "C:\Users\wangr\PycharmProjects\pythonProject64\honest_reviews\app\scrapping\yandex_reviews_parser.py", line 35, in init_driver
    return webdriver.Chrome(service=service, options=options)
           ‚îÇ         ‚îÇ              ‚îÇ                ‚îî <selenium.webdriver.chrome.options.Options object at 0x000002040557EA10>
           ‚îÇ         ‚îÇ              ‚îî <selenium.webdriver.chrome.service.Service object at 0x00000204072E9CD0>
           ‚îÇ         ‚îî <class 'selenium.webdriver.chrome.webdriver.WebDriver'>
           ‚îî <module 'selenium.webdriver' from 'C:\\Users\\wangr\\PycharmProjects\\pythonProject64\\venv\\Lib\\site-packages\\selenium\\we...

  File "C:\Users\wangr\PycharmProjects\pythonProject64\venv\Lib\site-packages\selenium\webdriver\chrome\webdriver.py", line 45, in __init__
    super().__init__(
  File "C:\Users\wangr\PycharmProjects\pythonProject64\venv\Lib\site-packages\selenium\webdriver\chromium\webdriver.py", line 51, in __init__
    if finder.get_browser_path():
       ‚îÇ      ‚îî <function DriverFinder.get_browser_path at 0x0000020405021120>
       ‚îî <selenium.webdriver.common.driver_finder.DriverFinder object at 0x00000204072E9F90>
  File "C:\Users\wangr\PycharmProjects\pythonProject64\venv\Lib\site-packages\selenium\webdriver\common\driver_finder.py", line 47, in get_browser_path
    return self._binary_paths()["browser_path"]
           ‚îÇ    ‚îî <function DriverFinder._binary_paths at 0x0000020405022980>
           ‚îî <selenium.webdriver.common.driver_finder.DriverFinder object at 0x00000204072E9F90>
  File "C:\Users\wangr\PycharmProjects\pythonProject64\venv\Lib\site-packages\selenium\webdriver\common\driver_finder.py", line 78, in _binary_paths
    raise NoSuchDriverException(msg) from err
          ‚îÇ                     ‚îî 'Unable to obtain driver for chrome'
          ‚îî <class 'selenium.common.exceptions.NoSuchDriverException'>

selenium.common.exceptions.NoSuchDriverException: Message: Unable to obtain driver for chrome; For documentation on this error, please visit: https://www.selenium.dev/documentation/webdriver/troubleshooting/errors/driver_location

2025-05-05 13:39:06.657 | INFO     | __main__:fetch_reviews_page:47 - üîå –ü—Ä–æ–±—É—é –ø—Ä–æ–∫—Å–∏ 90.156.142.28:28564
2025-05-05 13:39:06.683 | ERROR    | __main__:fetch_reviews_page:67 - –û—à–∏–±–∫–∞ —Å –ø—Ä–æ–∫—Å–∏ 90.156.142.28:28564: Message: Unable to obtain driver for chrome; For documentation on this error, please visit: https://www.selenium.dev/documentation/webdriver/troubleshooting/errors/driver_location

Traceback (most recent call last):

  File "C:\Users\wangr\PycharmProjects\pythonProject64\venv\Lib\site-packages\selenium\webdriver\common\driver_finder.py", line 64, in _binary_paths
    raise ValueError(f"The path is not a valid file: {path}")

ValueError: The path is not a valid file: C:\path\to\chromedriver.exe


The above exception was the direct cause of the following exception:


Traceback (most recent call last):

  File "C:\Users\wangr\PycharmProjects\pythonProject64\honest_reviews\app\scrapping\yandex_reviews_parser.py", line 96, in <module>
    fetch_reviews_page(org_id)
    ‚îÇ                  ‚îî '1218917291'
    ‚îî <function fetch_reviews_page at 0x0000020405E6AAC0>

> File "C:\Users\wangr\PycharmProjects\pythonProject64\honest_reviews\app\scrapping\yandex_reviews_parser.py", line 49, in fetch_reviews_page
    driver = init_driver(proxy)
             ‚îÇ           ‚îî '90.156.142.28:28564'
             ‚îî <function init_driver at 0x0000020405E6A980>

  File "C:\Users\wangr\PycharmProjects\pythonProject64\honest_reviews\app\scrapping\yandex_reviews_parser.py", line 35, in init_driver
    return webdriver.Chrome(service=service, options=options)
           ‚îÇ         ‚îÇ              ‚îÇ                ‚îî <selenium.webdriver.chrome.options.Options object at 0x0000020407734310>
           ‚îÇ         ‚îÇ              ‚îî <selenium.webdriver.chrome.service.Service object at 0x000002040672DB90>
           ‚îÇ         ‚îî <class 'selenium.webdriver.chrome.webdriver.WebDriver'>
           ‚îî <module 'selenium.webdriver' from 'C:\\Users\\wangr\\PycharmProjects\\pythonProject64\\venv\\Lib\\site-packages\\selenium\\we...

  File "C:\Users\wangr\PycharmProjects\pythonProject64\venv\Lib\site-packages\selenium\webdriver\chrome\webdriver.py", line 45, in __init__
    super().__init__(
  File "C:\Users\wangr\PycharmProjects\pythonProject64\venv\Lib\site-packages\selenium\webdriver\chromium\webdriver.py", line 51, in __init__
    if finder.get_browser_path():
       ‚îÇ      ‚îî <function DriverFinder.get_browser_path at 0x0000020405021120>
       ‚îî <selenium.webdriver.common.driver_finder.DriverFinder object at 0x000002040672D7D0>
  File "C:\Users\wangr\PycharmProjects\pythonProject64\venv\Lib\site-packages\selenium\webdriver\common\driver_finder.py", line 47, in get_browser_path
    return self._binary_paths()["browser_path"]
           ‚îÇ    ‚îî <function DriverFinder._binary_paths at 0x0000020405022980>
           ‚îî <selenium.webdriver.common.driver_finder.DriverFinder object at 0x000002040672D7D0>
  File "C:\Users\wangr\PycharmProjects\pythonProject64\venv\Lib\site-packages\selenium\webdriver\common\driver_finder.py", line 78, in _binary_paths
    raise NoSuchDriverException(msg) from err
          ‚îÇ                     ‚îî 'Unable to obtain driver for chrome'
          ‚îî <class 'selenium.common.exceptions.NoSuchDriverException'>

selenium.common.exceptions.NoSuchDriverException: Message: Unable to obtain driver for chrome; For documentation on this error, please visit: https://www.selenium.dev/documentation/webdriver/troubleshooting/errors/driver_location

2025-05-05 13:39:06.689 | INFO     | __main__:fetch_reviews_page:47 - üîå –ü—Ä–æ–±—É—é –ø—Ä–æ–∫—Å–∏ 212.22.86.114:8000
2025-05-05 13:39:06.720 | ERROR    | __main__:fetch_reviews_page:67 - –û—à–∏–±–∫–∞ —Å –ø—Ä–æ–∫—Å–∏ 212.22.86.114:8000: Message: Unable to obtain driver for chrome; For documentation on this error, please visit: https://www.selenium.dev/documentation/webdriver/troubleshooting/errors/driver_location

Traceback (most recent call last):

  File "C:\Users\wangr\PycharmProjects\pythonProject64\venv\Lib\site-packages\selenium\webdriver\common\driver_finder.py", line 64, in _binary_paths
    raise ValueError(f"The path is not a valid file: {path}")

ValueError: The path is not a valid file: C:\path\to\chromedriver.exe


The above exception was the direct cause of the following exception:


Traceback (most recent call last):

  File "C:\Users\wangr\PycharmProjects\pythonProject64\honest_reviews\app\scrapping\yandex_reviews_parser.py", line 96, in <module>
    fetch_reviews_page(org_id)
    ‚îÇ                  ‚îî '1218917291'
    ‚îî <function fetch_reviews_page at 0x0000020405E6AAC0>

> File "C:\Users\wangr\PycharmProjects\pythonProject64\honest_reviews\app\scrapping\yandex_reviews_parser.py", line 49, in fetch_reviews_page
    driver = init_driver(proxy)
             ‚îÇ           ‚îî '212.22.86.114:8000'
             ‚îî <function init_driver at 0x0000020405E6A980>

  File "C:\Users\wangr\PycharmProjects\pythonProject64\honest_reviews\app\scrapping\yandex_reviews_parser.py", line 35, in init_driver
    return webdriver.Chrome(service=service, options=options)
           ‚îÇ         ‚îÇ              ‚îÇ                ‚îî <selenium.webdriver.chrome.options.Options object at 0x0000020406B0AC90>
           ‚îÇ         ‚îÇ              ‚îî <selenium.webdriver.chrome.service.Service object at 0x00000204070EA0D0>
           ‚îÇ         ‚îî <class 'selenium.webdriver.chrome.webdriver.WebDriver'>
           ‚îî <module 'selenium.webdriver' from 'C:\\Users\\wangr\\PycharmProjects\\pythonProject64\\venv\\Lib\\site-packages\\selenium\\we...

  File "C:\Users\wangr\PycharmProjects\pythonProject64\venv\Lib\site-packages\selenium\webdriver\chrome\webdriver.py", line 45, in __init__
    super().__init__(
  File "C:\Users\wangr\PycharmProjects\pythonProject64\venv\Lib\site-packages\selenium\webdriver\chromium\webdriver.py", line 51, in __init__
    if finder.get_browser_path():
       ‚îÇ      ‚îî <function DriverFinder.get_browser_path at 0x0000020405021120>
       ‚îî <selenium.webdriver.common.driver_finder.DriverFinder object at 0x00000204070E9E10>
  File "C:\Users\wangr\PycharmProjects\pythonProject64\venv\Lib\site-packages\selenium\webdriver\common\driver_finder.py", line 47, in get_browser_path
    return self._binary_paths()["browser_path"]
           ‚îÇ    ‚îî <function DriverFinder._binary_paths at 0x0000020405022980>
           ‚îî <selenium.webdriver.common.driver_finder.DriverFinder object at 0x00000204070E9E10>
  File "C:\Users\wangr\PycharmProjects\pythonProject64\venv\Lib\site-packages\selenium\webdriver\common\driver_finder.py", line 78, in _binary_paths
    raise NoSuchDriverException(msg) from err
          ‚îÇ                     ‚îî 'Unable to obtain driver for chrome'
          ‚îî <class 'selenium.common.exceptions.NoSuchDriverException'>

selenium.common.exceptions.NoSuchDriverException: Message: Unable to obtain driver for chrome; For documentation on this error, please visit: https://www.selenium.dev/documentation/webdriver/troubleshooting/errors/driver_location

2025-05-05 13:39:06.725 | INFO     | __main__:fetch_reviews_page:47 - üîå –ü—Ä–æ–±—É—é –ø—Ä–æ–∫—Å–∏ 46.146.202.102:8080
2025-05-05 13:39:06.763 | ERROR    | __main__:fetch_reviews_page:67 - –û—à–∏–±–∫–∞ —Å –ø—Ä–æ–∫—Å–∏ 46.146.202.102:8080: Message: Unable to obtain driver for chrome; For documentation on this error, please visit: https://www.selenium.dev/documentation/webdriver/troubleshooting/errors/driver_location

Traceback (most recent call last):

  File "C:\Users\wangr\PycharmProjects\pythonProject64\venv\Lib\site-packages\selenium\webdriver\common\driver_finder.py", line 64, in _binary_paths
    raise ValueError(f"The path is not a valid file: {path}")

ValueError: The path is not a valid file: C:\path\to\chromedriver.exe


The above exception was the direct cause of the following exception:


Traceback (most recent call last):

  File "C:\Users\wangr\PycharmProjects\pythonProject64\honest_reviews\app\scrapping\yandex_reviews_parser.py", line 96, in <module>
    fetch_reviews_page(org_id)
    ‚îÇ                  ‚îî '1218917291'
    ‚îî <function fetch_reviews_page at 0x0000020405E6AAC0>

> File "C:\Users\wangr\PycharmProjects\pythonProject64\honest_reviews\app\scrapping\yandex_reviews_parser.py", line 49, in fetch_reviews_page
    driver = init_driver(proxy)
             ‚îÇ           ‚îî '46.146.202.102:8080'
             ‚îî <function init_driver at 0x0000020405E6A980>

  File "C:\Users\wangr\PycharmProjects\pythonProject64\honest_reviews\app\scrapping\yandex_reviews_parser.py", line 35, in init_driver
    return webdriver.Chrome(service=service, options=options)
           ‚îÇ         ‚îÇ              ‚îÇ                ‚îî <selenium.webdriver.chrome.options.Options object at 0x000002040750DC10>
           ‚îÇ         ‚îÇ              ‚îî <selenium.webdriver.chrome.service.Service object at 0x0000020406429E10>
           ‚îÇ         ‚îî <class 'selenium.webdriver.chrome.webdriver.WebDriver'>
           ‚îî <module 'selenium.webdriver' from 'C:\\Users\\wangr\\PycharmProjects\\pythonProject64\\venv\\Lib\\site-packages\\selenium\\we...

  File "C:\Users\wangr\PycharmProjects\pythonProject64\venv\Lib\site-packages\selenium\webdriver\chrome\webdriver.py", line 45, in __init__
    super().__init__(
  File "C:\Users\wangr\PycharmProjects\pythonProject64\venv\Lib\site-packages\selenium\webdriver\chromium\webdriver.py", line 51, in __init__
    if finder.get_browser_path():
       ‚îÇ      ‚îî <function DriverFinder.get_browser_path at 0x0000020405021120>
       ‚îî <selenium.webdriver.common.driver_finder.DriverFinder object at 0x000002040642A550>
  File "C:\Users\wangr\PycharmProjects\pythonProject64\venv\Lib\site-packages\selenium\webdriver\common\driver_finder.py", line 47, in get_browser_path
    return self._binary_paths()["browser_path"]
           ‚îÇ    ‚îî <function DriverFinder._binary_paths at 0x0000020405022980>
           ‚îî <selenium.webdriver.common.driver_finder.DriverFinder object at 0x000002040642A550>
  File "C:\Users\wangr\PycharmProjects\pythonProject64\venv\Lib\site-packages\selenium\webdriver\common\driver_finder.py", line 78, in _binary_paths
    raise NoSuchDriverException(msg) from err
          ‚îÇ                     ‚îî 'Unable to obtain driver for chrome'
          ‚îî <class 'selenium.common.exceptions.NoSuchDriverException'>

selenium.common.exceptions.NoSuchDriverException: Message: Unable to obtain driver for chrome; For documentation on this error, please visit: https://www.selenium.dev/documentation/webdriver/troubleshooting/errors/driver_location

2025-05-05 13:39:06.768 | INFO     | __main__:fetch_reviews_page:47 - üîå –ü—Ä–æ–±—É—é –ø—Ä–æ–∫—Å–∏ 94.24.236.42:8080
2025-05-05 13:39:06.799 | ERROR    | __main__:fetch_reviews_page:67 - –û—à–∏–±–∫–∞ —Å –ø—Ä–æ–∫—Å–∏ 94.24.236.42:8080: Message: Unable to obtain driver for chrome; For documentation on this error, please visit: https://www.selenium.dev/documentation/webdriver/troubleshooting/errors/driver_location

Traceback (most recent call last):

  File "C:\Users\wangr\PycharmProjects\pythonProject64\venv\Lib\site-packages\selenium\webdriver\common\driver_finder.py", line 64, in _binary_paths
    raise ValueError(f"The path is not a valid file: {path}")

ValueError: The path is not a valid file: C:\path\to\chromedriver.exe


The above exception was the direct cause of the following exception:


Traceback (most recent call last):

  File "C:\Users\wangr\PycharmProjects\pythonProject64\honest_reviews\app\scrapping\yandex_reviews_parser.py", line 96, in <module>
    fetch_reviews_page(org_id)
    ‚îÇ                  ‚îî '1218917291'
    ‚îî <function fetch_reviews_page at 0x0000020405E6AAC0>

> File "C:\Users\wangr\PycharmProjects\pythonProject64\honest_reviews\app\scrapping\yandex_reviews_parser.py", line 49, in fetch_reviews_page
    driver = init_driver(proxy)
             ‚îÇ           ‚îî '94.24.236.42:8080'
             ‚îî <function init_driver at 0x0000020405E6A980>

  File "C:\Users\wangr\PycharmProjects\pythonProject64\honest_reviews\app\scrapping\yandex_reviews_parser.py", line 35, in init_driver
    return webdriver.Chrome(service=service, options=options)
           ‚îÇ         ‚îÇ              ‚îÇ                ‚îî <selenium.webdriver.chrome.options.Options object at 0x00000204064F2B90>
           ‚îÇ         ‚îÇ              ‚îî <selenium.webdriver.chrome.service.Service object at 0x0000020406FE6110>
           ‚îÇ         ‚îî <class 'selenium.webdriver.chrome.webdriver.WebDriver'>
           ‚îî <module 'selenium.webdriver' from 'C:\\Users\\wangr\\PycharmProjects\\pythonProject64\\venv\\Lib\\site-packages\\selenium\\we...

  File "C:\Users\wangr\PycharmProjects\pythonProject64\venv\Lib\site-packages\selenium\webdriver\chrome\webdriver.py", line 45, in __init__
    super().__init__(
  File "C:\Users\wangr\PycharmProjects\pythonProject64\venv\Lib\site-packages\selenium\webdriver\chromium\webdriver.py", line 51, in __init__
    if finder.get_browser_path():
       ‚îÇ      ‚îî <function DriverFinder.get_browser_path at 0x0000020405021120>
       ‚îî <selenium.webdriver.common.driver_finder.DriverFinder object at 0x0000020406FE6490>
  File "C:\Users\wangr\PycharmProjects\pythonProject64\venv\Lib\site-packages\selenium\webdriver\common\driver_finder.py", line 47, in get_browser_path
    return self._binary_paths()["browser_path"]
           ‚îÇ    ‚îî <function DriverFinder._binary_paths at 0x0000020405022980>
           ‚îî <selenium.webdriver.common.driver_finder.DriverFinder object at 0x0000020406FE6490>
  File "C:\Users\wangr\PycharmProjects\pythonProject64\venv\Lib\site-packages\selenium\webdriver\common\driver_finder.py", line 78, in _binary_paths
    raise NoSuchDriverException(msg) from err
          ‚îÇ                     ‚îî 'Unable to obtain driver for chrome'
          ‚îî <class 'selenium.common.exceptions.NoSuchDriverException'>

selenium.common.exceptions.NoSuchDriverException: Message: Unable to obtain driver for chrome; For documentation on this error, please visit: https://www.selenium.dev/documentation/webdriver/troubleshooting/errors/driver_location

2025-05-05 13:39:06.805 | INFO     | __main__:fetch_reviews_page:47 - üîå –ü—Ä–æ–±—É—é –ø—Ä–æ–∫—Å–∏ 158.160.51.245:8090
2025-05-05 13:39:06.833 | ERROR    | __main__:fetch_reviews_page:67 - –û—à–∏–±–∫–∞ —Å –ø—Ä–æ–∫—Å–∏ 158.160.51.245:8090: Message: Unable to obtain driver for chrome; For documentation on this error, please visit: https://www.selenium.dev/documentation/webdriver/troubleshooting/errors/driver_location

Traceback (most recent call last):

  File "C:\Users\wangr\PycharmProjects\pythonProject64\venv\Lib\site-packages\selenium\webdriver\common\driver_finder.py", line 64, in _binary_paths
    raise ValueError(f"The path is not a valid file: {path}")

ValueError: The path is not a valid file: C:\path\to\chromedriver.exe


The above exception was the direct cause of the following exception:


Traceback (most recent call last):

  File "C:\Users\wangr\PycharmProjects\pythonProject64\honest_reviews\app\scrapping\yandex_reviews_parser.py", line 96, in <module>
    fetch_reviews_page(org_id)
    ‚îÇ                  ‚îî '1218917291'
    ‚îî <function fetch_reviews_page at 0x0000020405E6AAC0>

> File "C:\Users\wangr\PycharmProjects\pythonProject64\honest_reviews\app\scrapping\yandex_reviews_parser.py", line 49, in fetch_reviews_page
    driver = init_driver(proxy)
             ‚îÇ           ‚îî '158.160.51.245:8090'
             ‚îî <function init_driver at 0x0000020405E6A980>

  File "C:\Users\wangr\PycharmProjects\pythonProject64\honest_reviews\app\scrapping\yandex_reviews_parser.py", line 35, in init_driver
    return webdriver.Chrome(service=service, options=options)
           ‚îÇ         ‚îÇ              ‚îÇ                ‚îî <selenium.webdriver.chrome.options.Options object at 0x0000020405FF29D0>
           ‚îÇ         ‚îÇ              ‚îî <selenium.webdriver.chrome.service.Service object at 0x000002040652A590>
           ‚îÇ         ‚îî <class 'selenium.webdriver.chrome.webdriver.WebDriver'>
           ‚îî <module 'selenium.webdriver' from 'C:\\Users\\wangr\\PycharmProjects\\pythonProject64\\venv\\Lib\\site-packages\\selenium\\we...

  File "C:\Users\wangr\PycharmProjects\pythonProject64\venv\Lib\site-packages\selenium\webdriver\chrome\webdriver.py", line 45, in __init__
    super().__init__(
  File "C:\Users\wangr\PycharmProjects\pythonProject64\venv\Lib\site-packages\selenium\webdriver\chromium\webdriver.py", line 51, in __init__
    if finder.get_browser_path():
       ‚îÇ      ‚îî <function DriverFinder.get_browser_path at 0x0000020405021120>
       ‚îî <selenium.webdriver.common.driver_finder.DriverFinder object at 0x000002040652A2D0>
  File "C:\Users\wangr\PycharmProjects\pythonProject64\venv\Lib\site-packages\selenium\webdriver\common\driver_finder.py", line 47, in get_browser_path
    return self._binary_paths()["browser_path"]
           ‚îÇ    ‚îî <function DriverFinder._binary_paths at 0x0000020405022980>
           ‚îî <selenium.webdriver.common.driver_finder.DriverFinder object at 0x000002040652A2D0>
  File "C:\Users\wangr\PycharmProjects\pythonProject64\venv\Lib\site-packages\selenium\webdriver\common\driver_finder.py", line 78, in _binary_paths
    raise NoSuchDriverException(msg) from err
          ‚îÇ                     ‚îî 'Unable to obtain driver for chrome'
          ‚îî <class 'selenium.common.exceptions.NoSuchDriverException'>

selenium.common.exceptions.NoSuchDriverException: Message: Unable to obtain driver for chrome; For documentation on this error, please visit: https://www.selenium.dev/documentation/webdriver/troubleshooting/errors/driver_location

2025-05-05 13:39:06.839 | INFO     | __main__:fetch_reviews_page:47 - üîå –ü—Ä–æ–±—É—é –ø—Ä–æ–∫—Å–∏ 81.4.241.44:8080
2025-05-05 13:39:06.870 | ERROR    | __main__:fetch_reviews_page:67 - –û—à–∏–±–∫–∞ —Å –ø—Ä–æ–∫—Å–∏ 81.4.241.44:8080: Message: Unable to obtain driver for chrome; For documentation on this error, please visit: https://www.selenium.dev/documentation/webdriver/troubleshooting/errors/driver_location

Traceback (most recent call last):

  File "C:\Users\wangr\PycharmProjects\pythonProject64\venv\Lib\site-packages\selenium\webdriver\common\driver_finder.py", line 64, in _binary_paths
    raise ValueError(f"The path is not a valid file: {path}")

ValueError: The path is not a valid file: C:\path\to\chromedriver.exe


The above exception was the direct cause of the following exception:


Traceback (most recent call last):

  File "C:\Users\wangr\PycharmProjects\pythonProject64\honest_reviews\app\scrapping\yandex_reviews_parser.py", line 96, in <module>
    fetch_reviews_page(org_id)
    ‚îÇ                  ‚îî '1218917291'
    ‚îî <function fetch_reviews_page at 0x0000020405E6AAC0>

> File "C:\Users\wangr\PycharmProjects\pythonProject64\honest_reviews\app\scrapping\yandex_reviews_parser.py", line 49, in fetch_reviews_page
    driver = init_driver(proxy)
             ‚îÇ           ‚îî '81.4.241.44:8080'
             ‚îî <function init_driver at 0x0000020405E6A980>

  File "C:\Users\wangr\PycharmProjects\pythonProject64\honest_reviews\app\scrapping\yandex_reviews_parser.py", line 35, in init_driver
    return webdriver.Chrome(service=service, options=options)
           ‚îÇ         ‚îÇ              ‚îÇ                ‚îî <selenium.webdriver.chrome.options.Options object at 0x00000204064F3410>
           ‚îÇ         ‚îÇ              ‚îî <selenium.webdriver.chrome.service.Service object at 0x0000020406CE6190>
           ‚îÇ         ‚îî <class 'selenium.webdriver.chrome.webdriver.WebDriver'>
           ‚îî <module 'selenium.webdriver' from 'C:\\Users\\wangr\\PycharmProjects\\pythonProject64\\venv\\Lib\\site-packages\\selenium\\we...

  File "C:\Users\wangr\PycharmProjects\pythonProject64\venv\Lib\site-packages\selenium\webdriver\chrome\webdriver.py", line 45, in __init__
    super().__init__(
  File "C:\Users\wangr\PycharmProjects\pythonProject64\venv\Lib\site-packages\selenium\webdriver\chromium\webdriver.py", line 51, in __init__
    if finder.get_browser_path():
       ‚îÇ      ‚îî <function DriverFinder.get_browser_path at 0x0000020405021120>
       ‚îî <selenium.webdriver.common.driver_finder.DriverFinder object at 0x0000020406CE64D0>
  File "C:\Users\wangr\PycharmProjects\pythonProject64\venv\Lib\site-packages\selenium\webdriver\common\driver_finder.py", line 47, in get_browser_path
    return self._binary_paths()["browser_path"]
           ‚îÇ    ‚îî <function DriverFinder._binary_paths at 0x0000020405022980>
           ‚îî <selenium.webdriver.common.driver_finder.DriverFinder object at 0x0000020406CE64D0>
  File "C:\Users\wangr\PycharmProjects\pythonProject64\venv\Lib\site-packages\selenium\webdriver\common\driver_finder.py", line 78, in _binary_paths
    raise NoSuchDriverException(msg) from err
          ‚îÇ                     ‚îî 'Unable to obtain driver for chrome'
          ‚îî <class 'selenium.common.exceptions.NoSuchDriverException'>

selenium.common.exceptions.NoSuchDriverException: Message: Unable to obtain driver for chrome; For documentation on this error, please visit: https://www.selenium.dev/documentation/webdriver/troubleshooting/errors/driver_location

2025-05-05 13:39:06.874 | INFO     | __main__:fetch_reviews_page:47 - üîå –ü—Ä–æ–±—É—é –ø—Ä–æ–∫—Å–∏ 89.237.35.10:37647
2025-05-05 13:39:06.926 | ERROR    | __main__:fetch_reviews_page:67 - –û—à–∏–±–∫–∞ —Å –ø—Ä–æ–∫—Å–∏ 89.237.35.10:37647: Message: Unable to obtain driver for chrome; For documentation on this error, please visit: https://www.selenium.dev/documentation/webdriver/troubleshooting/errors/driver_location

Traceback (most recent call last):

  File "C:\Users\wangr\PycharmProjects\pythonProject64\venv\Lib\site-packages\selenium\webdriver\common\driver_finder.py", line 64, in _binary_paths
    raise ValueError(f"The path is not a valid file: {path}")

ValueError: The path is not a valid file: C:\path\to\chromedriver.exe


The above exception was the direct cause of the following exception:


Traceback (most recent call last):

  File "C:\Users\wangr\PycharmProjects\pythonProject64\honest_reviews\app\scrapping\yandex_reviews_parser.py", line 96, in <module>
    fetch_reviews_page(org_id)
    ‚îÇ                  ‚îî '1218917291'
    ‚îî <function fetch_reviews_page at 0x0000020405E6AAC0>

> File "C:\Users\wangr\PycharmProjects\pythonProject64\honest_reviews\app\scrapping\yandex_reviews_parser.py", line 49, in fetch_reviews_page
    driver = init_driver(proxy)
             ‚îÇ           ‚îî '89.237.35.10:37647'
             ‚îî <function init_driver at 0x0000020405E6A980>

  File "C:\Users\wangr\PycharmProjects\pythonProject64\honest_reviews\app\scrapping\yandex_reviews_parser.py", line 35, in init_driver
    return webdriver.Chrome(service=service, options=options)
           ‚îÇ         ‚îÇ              ‚îÇ                ‚îî <selenium.webdriver.chrome.options.Options object at 0x0000020406F0EB90>
           ‚îÇ         ‚îÇ              ‚îî <selenium.webdriver.chrome.service.Service object at 0x0000020406926010>
           ‚îÇ         ‚îî <class 'selenium.webdriver.chrome.webdriver.WebDriver'>
           ‚îî <module 'selenium.webdriver' from 'C:\\Users\\wangr\\PycharmProjects\\pythonProject64\\venv\\Lib\\site-packages\\selenium\\we...

  File "C:\Users\wangr\PycharmProjects\pythonProject64\venv\Lib\site-packages\selenium\webdriver\chrome\webdriver.py", line 45, in __init__
    super().__init__(
  File "C:\Users\wangr\PycharmProjects\pythonProject64\venv\Lib\site-packages\selenium\webdriver\chromium\webdriver.py", line 51, in __init__
    if finder.get_browser_path():
       ‚îÇ      ‚îî <function DriverFinder.get_browser_path at 0x0000020405021120>
       ‚îî <selenium.webdriver.common.driver_finder.DriverFinder object at 0x00000204069264D0>
  File "C:\Users\wangr\PycharmProjects\pythonProject64\venv\Lib\site-packages\selenium\webdriver\common\driver_finder.py", line 47, in get_browser_path
    return self._binary_paths()["browser_path"]
           ‚îÇ    ‚îî <function DriverFinder._binary_paths at 0x0000020405022980>
           ‚îî <selenium.webdriver.common.driver_finder.DriverFinder object at 0x00000204069264D0>
  File "C:\Users\wangr\PycharmProjects\pythonProject64\venv\Lib\site-packages\selenium\webdriver\common\driver_finder.py", line 78, in _binary_paths
    raise NoSuchDriverException(msg) from err
          ‚îÇ                     ‚îî 'Unable to obtain driver for chrome'
          ‚îî <class 'selenium.common.exceptions.NoSuchDriverException'>

selenium.common.exceptions.NoSuchDriverException: Message: Unable to obtain driver for chrome; For documentation on this error, please visit: https://www.selenium.dev/documentation/webdriver/troubleshooting/errors/driver_location

2025-05-05 13:39:06.934 | INFO     | __main__:fetch_reviews_page:47 - üîå –ü—Ä–æ–±—É—é –ø—Ä–æ–∫—Å–∏ 188.127.235.127:49160
2025-05-05 13:39:06.974 | ERROR    | __main__:fetch_reviews_page:67 - –û—à–∏–±–∫–∞ —Å –ø—Ä–æ–∫—Å–∏ 188.127.235.127:49160: Message: Unable to obtain driver for chrome; For documentation on this error, please visit: https://www.selenium.dev/documentation/webdriver/troubleshooting/errors/driver_location

Traceback (most recent call last):

  File "C:\Users\wangr\PycharmProjects\pythonProject64\venv\Lib\site-packages\selenium\webdriver\common\driver_finder.py", line 64, in _binary_paths
    raise ValueError(f"The path is not a valid file: {path}")

ValueError: The path is not a valid file: C:\path\to\chromedriver.exe


The above exception was the direct cause of the following exception:


Traceback (most recent call last):

  File "C:\Users\wangr\PycharmProjects\pythonProject64\honest_reviews\app\scrapping\yandex_reviews_parser.py", line 96, in <module>
    fetch_reviews_page(org_id)
    ‚îÇ                  ‚îî '1218917291'
    ‚îî <function fetch_reviews_page at 0x0000020405E6AAC0>

> File "C:\Users\wangr\PycharmProjects\pythonProject64\honest_reviews\app\scrapping\yandex_reviews_parser.py", line 49, in fetch_reviews_page
    driver = init_driver(proxy)
             ‚îÇ           ‚îî '188.127.235.127:49160'
             ‚îî <function init_driver at 0x0000020405E6A980>

  File "C:\Users\wangr\PycharmProjects\pythonProject64\honest_reviews\app\scrapping\yandex_reviews_parser.py", line 35, in init_driver
    return webdriver.Chrome(service=service, options=options)
           ‚îÇ         ‚îÇ              ‚îÇ                ‚îî <selenium.webdriver.chrome.options.Options object at 0x00000204054665D0>
           ‚îÇ         ‚îÇ              ‚îî <selenium.webdriver.chrome.service.Service object at 0x00000204074DA2D0>
           ‚îÇ         ‚îî <class 'selenium.webdriver.chrome.webdriver.WebDriver'>
           ‚îî <module 'selenium.webdriver' from 'C:\\Users\\wangr\\PycharmProjects\\pythonProject64\\venv\\Lib\\site-packages\\selenium\\we...

  File "C:\Users\wangr\PycharmProjects\pythonProject64\venv\Lib\site-packages\selenium\webdriver\chrome\webdriver.py", line 45, in __init__
    super().__init__(
  File "C:\Users\wangr\PycharmProjects\pythonProject64\venv\Lib\site-packages\selenium\webdriver\chromium\webdriver.py", line 51, in __init__
    if finder.get_browser_path():
       ‚îÇ      ‚îî <function DriverFinder.get_browser_path at 0x0000020405021120>
       ‚îî <selenium.webdriver.common.driver_finder.DriverFinder object at 0x00000204074DA5D0>
  File "C:\Users\wangr\PycharmProjects\pythonProject64\venv\Lib\site-packages\selenium\webdriver\common\driver_finder.py", line 47, in get_browser_path
    return self._binary_paths()["browser_path"]
           ‚îÇ    ‚îî <function DriverFinder._binary_paths at 0x0000020405022980>
           ‚îî <selenium.webdriver.common.driver_finder.DriverFinder object at 0x00000204074DA5D0>
  File "C:\Users\wangr\PycharmProjects\pythonProject64\venv\Lib\site-packages\selenium\webdriver\common\driver_finder.py", line 78, in _binary_paths
    raise NoSuchDriverException(msg) from err
          ‚îÇ                     ‚îî 'Unable to obtain driver for chrome'
          ‚îî <class 'selenium.common.exceptions.NoSuchDriverException'>

selenium.common.exceptions.NoSuchDriverException: Message: Unable to obtain driver for chrome; For documentation on this error, please visit: https://www.selenium.dev/documentation/webdriver/troubleshooting/errors/driver_location

2025-05-05 13:39:06.981 | INFO     | __main__:fetch_reviews_page:47 - üîå –ü—Ä–æ–±—É—é –ø—Ä–æ–∫—Å–∏ 213.134.208.187:8080
2025-05-05 13:39:07.015 | ERROR    | __main__:fetch_reviews_page:67 - –û—à–∏–±–∫–∞ —Å –ø—Ä–æ–∫—Å–∏ 213.134.208.187:8080: Message: Unable to obtain driver for chrome; For documentation on this error, please visit: https://www.selenium.dev/documentation/webdriver/troubleshooting/errors/driver_location

Traceback (most recent call last):

  File "C:\Users\wangr\PycharmProjects\pythonProject64\venv\Lib\site-packages\selenium\webdriver\common\driver_finder.py", line 64, in _binary_paths
    raise ValueError(f"The path is not a valid file: {path}")

ValueError: The path is not a valid file: C:\path\to\chromedriver.exe


The above exception was the direct cause of the following exception:


Traceback (most recent call last):

  File "C:\Users\wangr\PycharmProjects\pythonProject64\honest_reviews\app\scrapping\yandex_reviews_parser.py", line 96, in <module>
    fetch_reviews_page(org_id)
    ‚îÇ                  ‚îî '1218917291'
    ‚îî <function fetch_reviews_page at 0x0000020405E6AAC0>

> File "C:\Users\wangr\PycharmProjects\pythonProject64\honest_reviews\app\scrapping\yandex_reviews_parser.py", line 49, in fetch_reviews_page
    driver = init_driver(proxy)
             ‚îÇ           ‚îî '213.134.208.187:8080'
             ‚îî <function init_driver at 0x0000020405E6A980>

  File "C:\Users\wangr\PycharmProjects\pythonProject64\honest_reviews\app\scrapping\yandex_reviews_parser.py", line 35, in init_driver
    return webdriver.Chrome(service=service, options=options)
           ‚îÇ         ‚îÇ              ‚îÇ                ‚îî <selenium.webdriver.chrome.options.Options object at 0x0000020406F0F7D0>
           ‚îÇ         ‚îÇ              ‚îî <selenium.webdriver.chrome.service.Service object at 0x0000020406122450>
           ‚îÇ         ‚îî <class 'selenium.webdriver.chrome.webdriver.WebDriver'>
           ‚îî <module 'selenium.webdriver' from 'C:\\Users\\wangr\\PycharmProjects\\pythonProject64\\venv\\Lib\\site-packages\\selenium\\we...

  File "C:\Users\wangr\PycharmProjects\pythonProject64\venv\Lib\site-packages\selenium\webdriver\chrome\webdriver.py", line 45, in __init__
    super().__init__(
  File "C:\Users\wangr\PycharmProjects\pythonProject64\venv\Lib\site-packages\selenium\webdriver\chromium\webdriver.py", line 51, in __init__
    if finder.get_browser_path():
       ‚îÇ      ‚îî <function DriverFinder.get_browser_path at 0x0000020405021120>
       ‚îî <selenium.webdriver.common.driver_finder.DriverFinder object at 0x0000020406122A10>
  File "C:\Users\wangr\PycharmProjects\pythonProject64\venv\Lib\site-packages\selenium\webdriver\common\driver_finder.py", line 47, in get_browser_path
    return self._binary_paths()["browser_path"]
           ‚îÇ    ‚îî <function DriverFinder._binary_paths at 0x0000020405022980>
           ‚îî <selenium.webdriver.common.driver_finder.DriverFinder object at 0x0000020406122A10>
  File "C:\Users\wangr\PycharmProjects\pythonProject64\venv\Lib\site-packages\selenium\webdriver\common\driver_finder.py", line 78, in _binary_paths
    raise NoSuchDriverException(msg) from err
          ‚îÇ                     ‚îî 'Unable to obtain driver for chrome'
          ‚îî <class 'selenium.common.exceptions.NoSuchDriverException'>

selenium.common.exceptions.NoSuchDriverException: Message: Unable to obtain driver for chrome; For documentation on this error, please visit: https://www.selenium.dev/documentation/webdriver/troubleshooting/errors/driver_location

2025-05-05 13:39:07.022 | INFO     | __main__:fetch_reviews_page:47 - üîå –ü—Ä–æ–±—É—é –ø—Ä–æ–∫—Å–∏ 31.184.249.184:2019
2025-05-05 13:39:07.049 | ERROR    | __main__:fetch_reviews_page:67 - –û—à–∏–±–∫–∞ —Å –ø—Ä–æ–∫—Å–∏ 31.184.249.184:2019: Message: Unable to obtain driver for chrome; For documentation on this error, please visit: https://www.selenium.dev/documentation/webdriver/troubleshooting/errors/driver_location

Traceback (most recent call last):

  File "C:\Users\wangr\PycharmProjects\pythonProject64\venv\Lib\site-packages\selenium\webdriver\common\driver_finder.py", line 64, in _binary_paths
    raise ValueError(f"The path is not a valid file: {path}")

ValueError: The path is not a valid file: C:\path\to\chromedriver.exe


The above exception was the direct cause of the following exception:


Traceback (most recent call last):

  File "C:\Users\wangr\PycharmProjects\pythonProject64\honest_reviews\app\scrapping\yandex_reviews_parser.py", line 96, in <module>
    fetch_reviews_page(org_id)
    ‚îÇ                  ‚îî '1218917291'
    ‚îî <function fetch_reviews_page at 0x0000020405E6AAC0>

> File "C:\Users\wangr\PycharmProjects\pythonProject64\honest_reviews\app\scrapping\yandex_reviews_parser.py", line 49, in fetch_reviews_page
    driver = init_driver(proxy)
             ‚îÇ           ‚îî '31.184.249.184:2019'
             ‚îî <function init_driver at 0x0000020405E6A980>

  File "C:\Users\wangr\PycharmProjects\pythonProject64\honest_reviews\app\scrapping\yandex_reviews_parser.py", line 35, in init_driver
    return webdriver.Chrome(service=service, options=options)
           ‚îÇ         ‚îÇ              ‚îÇ                ‚îî <selenium.webdriver.chrome.options.Options object at 0x00000204064F2B90>
           ‚îÇ         ‚îÇ              ‚îî <selenium.webdriver.chrome.service.Service object at 0x0000020405FC64D0>
           ‚îÇ         ‚îî <class 'selenium.webdriver.chrome.webdriver.WebDriver'>
           ‚îî <module 'selenium.webdriver' from 'C:\\Users\\wangr\\PycharmProjects\\pythonProject64\\venv\\Lib\\site-packages\\selenium\\we...

  File "C:\Users\wangr\PycharmProjects\pythonProject64\venv\Lib\site-packages\selenium\webdriver\chrome\webdriver.py", line 45, in __init__
    super().__init__(
  File "C:\Users\wangr\PycharmProjects\pythonProject64\venv\Lib\site-packages\selenium\webdriver\chromium\webdriver.py", line 51, in __init__
    if finder.get_browser_path():
       ‚îÇ      ‚îî <function DriverFinder.get_browser_path at 0x0000020405021120>
       ‚îî <selenium.webdriver.common.driver_finder.DriverFinder object at 0x0000020405FC6E50>
  File "C:\Users\wangr\PycharmProjects\pythonProject64\venv\Lib\site-packages\selenium\webdriver\common\driver_finder.py", line 47, in get_browser_path
    return self._binary_paths()["browser_path"]
           ‚îÇ    ‚îî <function DriverFinder._binary_paths at 0x0000020405022980>
           ‚îî <selenium.webdriver.common.driver_finder.DriverFinder object at 0x0000020405FC6E50>
  File "C:\Users\wangr\PycharmProjects\pythonProject64\venv\Lib\site-packages\selenium\webdriver\common\driver_finder.py", line 78, in _binary_paths
    raise NoSuchDriverException(msg) from err
          ‚îÇ                     ‚îî 'Unable to obtain driver for chrome'
          ‚îî <class 'selenium.common.exceptions.NoSuchDriverException'>

selenium.common.exceptions.NoSuchDriverException: Message: Unable to obtain driver for chrome; For documentation on this error, please visit: https://www.selenium.dev/documentation/webdriver/troubleshooting/errors/driver_location

2025-05-05 13:39:07.057 | INFO     | __main__:fetch_reviews_page:47 - üîå –ü—Ä–æ–±—É—é –ø—Ä–æ–∫—Å–∏ 5.79.134.223:8081
2025-05-05 13:39:07.085 | ERROR    | __main__:fetch_reviews_page:67 - –û—à–∏–±–∫–∞ —Å –ø—Ä–æ–∫—Å–∏ 5.79.134.223:8081: Message: Unable to obtain driver for chrome; For documentation on this error, please visit: https://www.selenium.dev/documentation/webdriver/troubleshooting/errors/driver_location

Traceback (most recent call last):

  File "C:\Users\wangr\PycharmProjects\pythonProject64\venv\Lib\site-packages\selenium\webdriver\common\driver_finder.py", line 64, in _binary_paths
    raise ValueError(f"The path is not a valid file: {path}")

ValueError: The path is not a valid file: C:\path\to\chromedriver.exe


The above exception was the direct cause of the following exception:


Traceback (most recent call last):

  File "C:\Users\wangr\PycharmProjects\pythonProject64\honest_reviews\app\scrapping\yandex_reviews_parser.py", line 96, in <module>
    fetch_reviews_page(org_id)
    ‚îÇ                  ‚îî '1218917291'
    ‚îî <function fetch_reviews_page at 0x0000020405E6AAC0>

> File "C:\Users\wangr\PycharmProjects\pythonProject64\honest_reviews\app\scrapping\yandex_reviews_parser.py", line 49, in fetch_reviews_page
    driver = init_driver(proxy)
             ‚îÇ           ‚îî '5.79.134.223:8081'
             ‚îî <function init_driver at 0x0000020405E6A980>

  File "C:\Users\wangr\PycharmProjects\pythonProject64\honest_reviews\app\scrapping\yandex_reviews_parser.py", line 35, in init_driver
    return webdriver.Chrome(service=service, options=options)
           ‚îÇ         ‚îÇ              ‚îÇ                ‚îî <selenium.webdriver.chrome.options.Options object at 0x0000020406F0F390>
           ‚îÇ         ‚îÇ              ‚îî <selenium.webdriver.chrome.service.Service object at 0x00000204068226D0>
           ‚îÇ         ‚îî <class 'selenium.webdriver.chrome.webdriver.WebDriver'>
           ‚îî <module 'selenium.webdriver' from 'C:\\Users\\wangr\\PycharmProjects\\pythonProject64\\venv\\Lib\\site-packages\\selenium\\we...

  File "C:\Users\wangr\PycharmProjects\pythonProject64\venv\Lib\site-packages\selenium\webdriver\chrome\webdriver.py", line 45, in __init__
    super().__init__(
  File "C:\Users\wangr\PycharmProjects\pythonProject64\venv\Lib\site-packages\selenium\webdriver\chromium\webdriver.py", line 51, in __init__
    if finder.get_browser_path():
       ‚îÇ      ‚îî <function DriverFinder.get_browser_path at 0x0000020405021120>
       ‚îî <selenium.webdriver.common.driver_finder.DriverFinder object at 0x0000020406822990>
  File "C:\Users\wangr\PycharmProjects\pythonProject64\venv\Lib\site-packages\selenium\webdriver\common\driver_finder.py", line 47, in get_browser_path
    return self._binary_paths()["browser_path"]
           ‚îÇ    ‚îî <function DriverFinder._binary_paths at 0x0000020405022980>
           ‚îî <selenium.webdriver.common.driver_finder.DriverFinder object at 0x0000020406822990>
  File "C:\Users\wangr\PycharmProjects\pythonProject64\venv\Lib\site-packages\selenium\webdriver\common\driver_finder.py", line 78, in _binary_paths
    raise NoSuchDriverException(msg) from err
          ‚îÇ                     ‚îî 'Unable to obtain driver for chrome'
          ‚îî <class 'selenium.common.exceptions.NoSuchDriverException'>

selenium.common.exceptions.NoSuchDriverException: Message: Unable to obtain driver for chrome; For documentation on this error, please visit: https://www.selenium.dev/documentation/webdriver/troubleshooting/errors/driver_location

2025-05-05 13:39:07.092 | INFO     | __main__:fetch_reviews_page:47 - üîå –ü—Ä–æ–±—É—é –ø—Ä–æ–∫—Å–∏ 62.33.207.201:80
2025-05-05 13:39:07.139 | ERROR    | __main__:fetch_reviews_page:67 - –û—à–∏–±–∫–∞ —Å –ø—Ä–æ–∫—Å–∏ 62.33.207.201:80: Message: Unable to obtain driver for chrome; For documentation on this error, please visit: https://www.selenium.dev/documentation/webdriver/troubleshooting/errors/driver_location

Traceback (most recent call last):

  File "C:\Users\wangr\PycharmProjects\pythonProject64\venv\Lib\site-packages\selenium\webdriver\common\driver_finder.py", line 64, in _binary_paths
    raise ValueError(f"The path is not a valid file: {path}")

ValueError: The path is not a valid file: C:\path\to\chromedriver.exe


The above exception was the direct cause of the following exception:


Traceback (most recent call last):

  File "C:\Users\wangr\PycharmProjects\pythonProject64\honest_reviews\app\scrapping\yandex_reviews_parser.py", line 96, in <module>
    fetch_reviews_page(org_id)
    ‚îÇ                  ‚îî '1218917291'
    ‚îî <function fetch_reviews_page at 0x0000020405E6AAC0>

> File "C:\Users\wangr\PycharmProjects\pythonProject64\honest_reviews\app\scrapping\yandex_reviews_parser.py", line 49, in fetch_reviews_page
    driver = init_driver(proxy)
             ‚îÇ           ‚îî '62.33.207.201:80'
             ‚îî <function init_driver at 0x0000020405E6A980>

  File "C:\Users\wangr\PycharmProjects\pythonProject64\honest_reviews\app\scrapping\yandex_reviews_parser.py", line 35, in init_driver
    return webdriver.Chrome(service=service, options=options)
           ‚îÇ         ‚îÇ              ‚îÇ                ‚îî <selenium.webdriver.chrome.options.Options object at 0x00000204061EC450>
           ‚îÇ         ‚îÇ              ‚îî <selenium.webdriver.chrome.service.Service object at 0x00000204073EA490>
           ‚îÇ         ‚îî <class 'selenium.webdriver.chrome.webdriver.WebDriver'>
           ‚îî <module 'selenium.webdriver' from 'C:\\Users\\wangr\\PycharmProjects\\pythonProject64\\venv\\Lib\\site-packages\\selenium\\we...

  File "C:\Users\wangr\PycharmProjects\pythonProject64\venv\Lib\site-packages\selenium\webdriver\chrome\webdriver.py", line 45, in __init__
    super().__init__(
  File "C:\Users\wangr\PycharmProjects\pythonProject64\venv\Lib\site-packages\selenium\webdriver\chromium\webdriver.py", line 51, in __init__
    if finder.get_browser_path():
       ‚îÇ      ‚îî <function DriverFinder.get_browser_path at 0x0000020405021120>
       ‚îî <selenium.webdriver.common.driver_finder.DriverFinder object at 0x00000204073EA790>
  File "C:\Users\wangr\PycharmProjects\pythonProject64\venv\Lib\site-packages\selenium\webdriver\common\driver_finder.py", line 47, in get_browser_path
    return self._binary_paths()["browser_path"]
           ‚îÇ    ‚îî <function DriverFinder._binary_paths at 0x0000020405022980>
           ‚îî <selenium.webdriver.common.driver_finder.DriverFinder object at 0x00000204073EA790>
  File "C:\Users\wangr\PycharmProjects\pythonProject64\venv\Lib\site-packages\selenium\webdriver\common\driver_finder.py", line 78, in _binary_paths
    raise NoSuchDriverException(msg) from err
          ‚îÇ                     ‚îî 'Unable to obtain driver for chrome'
          ‚îî <class 'selenium.common.exceptions.NoSuchDriverException'>

selenium.common.exceptions.NoSuchDriverException: Message: Unable to obtain driver for chrome; For documentation on this error, please visit: https://www.selenium.dev/documentation/webdriver/troubleshooting/errors/driver_location

2025-05-05 13:39:07.145 | INFO     | __main__:fetch_reviews_page:47 - üîå –ü—Ä–æ–±—É—é –ø—Ä–æ–∫—Å–∏ 91.235.75.17:8282
2025-05-05 13:39:07.191 | ERROR    | __main__:fetch_reviews_page:67 - –û—à–∏–±–∫–∞ —Å –ø—Ä–æ–∫—Å–∏ 91.235.75.17:8282: Message: Unable to obtain driver for chrome; For documentation on this error, please visit: https://www.selenium.dev/documentation/webdriver/troubleshooting/errors/driver_location

Traceback (most recent call last):

  File "C:\Users\wangr\PycharmProjects\pythonProject64\venv\Lib\site-packages\selenium\webdriver\common\driver_finder.py", line 64, in _binary_paths
    raise ValueError(f"The path is not a valid file: {path}")

ValueError: The path is not a valid file: C:\path\to\chromedriver.exe


The above exception was the direct cause of the following exception:


Traceback (most recent call last):

  File "C:\Users\wangr\PycharmProjects\pythonProject64\honest_reviews\app\scrapping\yandex_reviews_parser.py", line 96, in <module>
    fetch_reviews_page(org_id)
    ‚îÇ                  ‚îî '1218917291'
    ‚îî <function fetch_reviews_page at 0x0000020405E6AAC0>

> File "C:\Users\wangr\PycharmProjects\pythonProject64\honest_reviews\app\scrapping\yandex_reviews_parser.py", line 49, in fetch_reviews_page
    driver = init_driver(proxy)
             ‚îÇ           ‚îî '91.235.75.17:8282'
             ‚îî <function init_driver at 0x0000020405E6A980>

  File "C:\Users\wangr\PycharmProjects\pythonProject64\honest_reviews\app\scrapping\yandex_reviews_parser.py", line 35, in init_driver
    return webdriver.Chrome(service=service, options=options)
           ‚îÇ         ‚îÇ              ‚îÇ                ‚îî <selenium.webdriver.chrome.options.Options object at 0x0000020407603F50>
           ‚îÇ         ‚îÇ              ‚îî <selenium.webdriver.chrome.service.Service object at 0x0000020406A227D0>
           ‚îÇ         ‚îî <class 'selenium.webdriver.chrome.webdriver.WebDriver'>
           ‚îî <module 'selenium.webdriver' from 'C:\\Users\\wangr\\PycharmProjects\\pythonProject64\\venv\\Lib\\site-packages\\selenium\\we...

  File "C:\Users\wangr\PycharmProjects\pythonProject64\venv\Lib\site-packages\selenium\webdriver\chrome\webdriver.py", line 45, in __init__
    super().__init__(
  File "C:\Users\wangr\PycharmProjects\pythonProject64\venv\Lib\site-packages\selenium\webdriver\chromium\webdriver.py", line 51, in __init__
    if finder.get_browser_path():
       ‚îÇ      ‚îî <function DriverFinder.get_browser_path at 0x0000020405021120>
       ‚îî <selenium.webdriver.common.driver_finder.DriverFinder object at 0x0000020406A22A90>
  File "C:\Users\wangr\PycharmProjects\pythonProject64\venv\Lib\site-packages\selenium\webdriver\common\driver_finder.py", line 47, in get_browser_path
    return self._binary_paths()["browser_path"]
           ‚îÇ    ‚îî <function DriverFinder._binary_paths at 0x0000020405022980>
           ‚îî <selenium.webdriver.common.driver_finder.DriverFinder object at 0x0000020406A22A90>
  File "C:\Users\wangr\PycharmProjects\pythonProject64\venv\Lib\site-packages\selenium\webdriver\common\driver_finder.py", line 78, in _binary_paths
    raise NoSuchDriverException(msg) from err
          ‚îÇ                     ‚îî 'Unable to obtain driver for chrome'
          ‚îî <class 'selenium.common.exceptions.NoSuchDriverException'>

selenium.common.exceptions.NoSuchDriverException: Message: Unable to obtain driver for chrome; For documentation on this error, please visit: https://www.selenium.dev/documentation/webdriver/troubleshooting/errors/driver_location

2025-05-05 13:39:07.201 | INFO     | __main__:fetch_reviews_page:47 - üîå –ü—Ä–æ–±—É—é –ø—Ä–æ–∫—Å–∏ 5.188.166.26:3128
2025-05-05 13:39:07.229 | ERROR    | __main__:fetch_reviews_page:67 - –û—à–∏–±–∫–∞ —Å –ø—Ä–æ–∫—Å–∏ 5.188.166.26:3128: Message: Unable to obtain driver for chrome; For documentation on this error, please visit: https://www.selenium.dev/documentation/webdriver/troubleshooting/errors/driver_location

Traceback (most recent call last):

  File "C:\Users\wangr\PycharmProjects\pythonProject64\venv\Lib\site-packages\selenium\webdriver\common\driver_finder.py", line 64, in _binary_paths
    raise ValueError(f"The path is not a valid file: {path}")

ValueError: The path is not a valid file: C:\path\to\chromedriver.exe


The above exception was the direct cause of the following exception:


Traceback (most recent call last):

  File "C:\Users\wangr\PycharmProjects\pythonProject64\honest_reviews\app\scrapping\yandex_reviews_parser.py", line 96, in <module>
    fetch_reviews_page(org_id)
    ‚îÇ                  ‚îî '1218917291'
    ‚îî <function fetch_reviews_page at 0x0000020405E6AAC0>

> File "C:\Users\wangr\PycharmProjects\pythonProject64\honest_reviews\app\scrapping\yandex_reviews_parser.py", line 49, in fetch_reviews_page
    driver = init_driver(proxy)
             ‚îÇ           ‚îî '5.188.166.26:3128'
             ‚îî <function init_driver at 0x0000020405E6A980>

  File "C:\Users\wangr\PycharmProjects\pythonProject64\honest_reviews\app\scrapping\yandex_reviews_parser.py", line 35, in init_driver
    return webdriver.Chrome(service=service, options=options)
           ‚îÇ         ‚îÇ              ‚îÇ                ‚îî <selenium.webdriver.chrome.options.Options object at 0x00000204054665D0>
           ‚îÇ         ‚îÇ              ‚îî <selenium.webdriver.chrome.service.Service object at 0x0000020406EDE5D0>
           ‚îÇ         ‚îî <class 'selenium.webdriver.chrome.webdriver.WebDriver'>
           ‚îî <module 'selenium.webdriver' from 'C:\\Users\\wangr\\PycharmProjects\\pythonProject64\\venv\\Lib\\site-packages\\selenium\\we...

  File "C:\Users\wangr\PycharmProjects\pythonProject64\venv\Lib\site-packages\selenium\webdriver\chrome\webdriver.py", line 45, in __init__
    super().__init__(
  File "C:\Users\wangr\PycharmProjects\pythonProject64\venv\Lib\site-packages\selenium\webdriver\chromium\webdriver.py", line 51, in __init__
    if finder.get_browser_path():
       ‚îÇ      ‚îî <function DriverFinder.get_browser_path at 0x0000020405021120>
       ‚îî <selenium.webdriver.common.driver_finder.DriverFinder object at 0x0000020406EDEB50>
  File "C:\Users\wangr\PycharmProjects\pythonProject64\venv\Lib\site-packages\selenium\webdriver\common\driver_finder.py", line 47, in get_browser_path
    return self._binary_paths()["browser_path"]
           ‚îÇ    ‚îî <function DriverFinder._binary_paths at 0x0000020405022980>
           ‚îî <selenium.webdriver.common.driver_finder.DriverFinder object at 0x0000020406EDEB50>
  File "C:\Users\wangr\PycharmProjects\pythonProject64\venv\Lib\site-packages\selenium\webdriver\common\driver_finder.py", line 78, in _binary_paths
    raise NoSuchDriverException(msg) from err
          ‚îÇ                     ‚îî 'Unable to obtain driver for chrome'
          ‚îî <class 'selenium.common.exceptions.NoSuchDriverException'>

selenium.common.exceptions.NoSuchDriverException: Message: Unable to obtain driver for chrome; For documentation on this error, please visit: https://www.selenium.dev/documentation/webdriver/troubleshooting/errors/driver_location

2025-05-05 13:39:07.237 | INFO     | __main__:fetch_reviews_page:47 - üîå –ü—Ä–æ–±—É—é –ø—Ä–æ–∫—Å–∏ 178.236.141.227:8080
2025-05-05 13:39:07.266 | ERROR    | __main__:fetch_reviews_page:67 - –û—à–∏–±–∫–∞ —Å –ø—Ä–æ–∫—Å–∏ 178.236.141.227:8080: Message: Unable to obtain driver for chrome; For documentation on this error, please visit: https://www.selenium.dev/documentation/webdriver/troubleshooting/errors/driver_location

Traceback (most recent call last):

  File "C:\Users\wangr\PycharmProjects\pythonProject64\venv\Lib\site-packages\selenium\webdriver\common\driver_finder.py", line 64, in _binary_paths
    raise ValueError(f"The path is not a valid file: {path}")

ValueError: The path is not a valid file: C:\path\to\chromedriver.exe


The above exception was the direct cause of the following exception:


Traceback (most recent call last):

  File "C:\Users\wangr\PycharmProjects\pythonProject64\honest_reviews\app\scrapping\yandex_reviews_parser.py", line 96, in <module>
    fetch_reviews_page(org_id)
    ‚îÇ                  ‚îî '1218917291'
    ‚îî <function fetch_reviews_page at 0x0000020405E6AAC0>

> File "C:\Users\wangr\PycharmProjects\pythonProject64\honest_reviews\app\scrapping\yandex_reviews_parser.py", line 49, in fetch_reviews_page
    driver = init_driver(proxy)
             ‚îÇ           ‚îî '178.236.141.227:8080'
             ‚îî <function init_driver at 0x0000020405E6A980>

  File "C:\Users\wangr\PycharmProjects\pythonProject64\honest_reviews\app\scrapping\yandex_reviews_parser.py", line 35, in init_driver
    return webdriver.Chrome(service=service, options=options)
           ‚îÇ         ‚îÇ              ‚îÇ                ‚îî <selenium.webdriver.chrome.options.Options object at 0x0000020406F0EB90>
           ‚îÇ         ‚îÇ              ‚îî <selenium.webdriver.chrome.service.Service object at 0x000002040662ADD0>
           ‚îÇ         ‚îî <class 'selenium.webdriver.chrome.webdriver.WebDriver'>
           ‚îî <module 'selenium.webdriver' from 'C:\\Users\\wangr\\PycharmProjects\\pythonProject64\\venv\\Lib\\site-packages\\selenium\\we...

  File "C:\Users\wangr\PycharmProjects\pythonProject64\venv\Lib\site-packages\selenium\webdriver\chrome\webdriver.py", line 45, in __init__
    super().__init__(
  File "C:\Users\wangr\PycharmProjects\pythonProject64\venv\Lib\site-packages\selenium\webdriver\chromium\webdriver.py", line 51, in __init__
    if finder.get_browser_path():
       ‚îÇ      ‚îî <function DriverFinder.get_browser_path at 0x0000020405021120>
       ‚îî <selenium.webdriver.common.driver_finder.DriverFinder object at 0x000002040662B150>
  File "C:\Users\wangr\PycharmProjects\pythonProject64\venv\Lib\site-packages\selenium\webdriver\common\driver_finder.py", line 47, in get_browser_path
    return self._binary_paths()["browser_path"]
           ‚îÇ    ‚îî <function DriverFinder._binary_paths at 0x0000020405022980>
           ‚îî <selenium.webdriver.common.driver_finder.DriverFinder object at 0x000002040662B150>
  File "C:\Users\wangr\PycharmProjects\pythonProject64\venv\Lib\site-packages\selenium\webdriver\common\driver_finder.py", line 78, in _binary_paths
    raise NoSuchDriverException(msg) from err
          ‚îÇ                     ‚îî 'Unable to obtain driver for chrome'
          ‚îî <class 'selenium.common.exceptions.NoSuchDriverException'>

selenium.common.exceptions.NoSuchDriverException: Message: Unable to obtain driver for chrome; For documentation on this error, please visit: https://www.selenium.dev/documentation/webdriver/troubleshooting/errors/driver_location

2025-05-05 13:39:07.272 | INFO     | __main__:fetch_reviews_page:47 - üîå –ü—Ä–æ–±—É—é –ø—Ä–æ–∫—Å–∏ 5.145.160.50:8123
2025-05-05 13:39:07.300 | ERROR    | __main__:fetch_reviews_page:67 - –û—à–∏–±–∫–∞ —Å –ø—Ä–æ–∫—Å–∏ 5.145.160.50:8123: Message: Unable to obtain driver for chrome; For documentation on this error, please visit: https://www.selenium.dev/documentation/webdriver/troubleshooting/errors/driver_location

Traceback (most recent call last):

  File "C:\Users\wangr\PycharmProjects\pythonProject64\venv\Lib\site-packages\selenium\webdriver\common\driver_finder.py", line 64, in _binary_paths
    raise ValueError(f"The path is not a valid file: {path}")

ValueError: The path is not a valid file: C:\path\to\chromedriver.exe


The above exception was the direct cause of the following exception:


Traceback (most recent call last):

  File "C:\Users\wangr\PycharmProjects\pythonProject64\honest_reviews\app\scrapping\yandex_reviews_parser.py", line 96, in <module>
    fetch_reviews_page(org_id)
    ‚îÇ                  ‚îî '1218917291'
    ‚îî <function fetch_reviews_page at 0x0000020405E6AAC0>

> File "C:\Users\wangr\PycharmProjects\pythonProject64\honest_reviews\app\scrapping\yandex_reviews_parser.py", line 49, in fetch_reviews_page
    driver = init_driver(proxy)
             ‚îÇ           ‚îî '5.145.160.50:8123'
             ‚îî <function init_driver at 0x0000020405E6A980>

  File "C:\Users\wangr\PycharmProjects\pythonProject64\honest_reviews\app\scrapping\yandex_reviews_parser.py", line 35, in init_driver
    return webdriver.Chrome(service=service, options=options)
           ‚îÇ         ‚îÇ              ‚îÇ                ‚îî <selenium.webdriver.chrome.options.Options object at 0x0000020406B10410>
           ‚îÇ         ‚îÇ              ‚îî <selenium.webdriver.chrome.service.Service object at 0x0000020407732C50>
           ‚îÇ         ‚îî <class 'selenium.webdriver.chrome.webdriver.WebDriver'>
           ‚îî <module 'selenium.webdriver' from 'C:\\Users\\wangr\\PycharmProjects\\pythonProject64\\venv\\Lib\\site-packages\\selenium\\we...

  File "C:\Users\wangr\PycharmProjects\pythonProject64\venv\Lib\site-packages\selenium\webdriver\chrome\webdriver.py", line 45, in __init__
    super().__init__(
  File "C:\Users\wangr\PycharmProjects\pythonProject64\venv\Lib\site-packages\selenium\webdriver\chromium\webdriver.py", line 51, in __init__
    if finder.get_browser_path():
       ‚îÇ      ‚îî <function DriverFinder.get_browser_path at 0x0000020405021120>
       ‚îî <selenium.webdriver.common.driver_finder.DriverFinder object at 0x0000020407733150>
  File "C:\Users\wangr\PycharmProjects\pythonProject64\venv\Lib\site-packages\selenium\webdriver\common\driver_finder.py", line 47, in get_browser_path
    return self._binary_paths()["browser_path"]
           ‚îÇ    ‚îî <function DriverFinder._binary_paths at 0x0000020405022980>
           ‚îî <selenium.webdriver.common.driver_finder.DriverFinder object at 0x0000020407733150>
  File "C:\Users\wangr\PycharmProjects\pythonProject64\venv\Lib\site-packages\selenium\webdriver\common\driver_finder.py", line 78, in _binary_paths
    raise NoSuchDriverException(msg) from err
          ‚îÇ                     ‚îî 'Unable to obtain driver for chrome'
          ‚îî <class 'selenium.common.exceptions.NoSuchDriverException'>

selenium.common.exceptions.NoSuchDriverException: Message: Unable to obtain driver for chrome; For documentation on this error, please visit: https://www.selenium.dev/documentation/webdriver/troubleshooting/errors/driver_location

2025-05-05 13:39:07.308 | INFO     | __main__:fetch_reviews_page:47 - üîå –ü—Ä–æ–±—É—é –ø—Ä–æ–∫—Å–∏ 188.134.91.83:8080
2025-05-05 13:39:07.346 | ERROR    | __main__:fetch_reviews_page:67 - –û—à–∏–±–∫–∞ —Å –ø—Ä–æ–∫—Å–∏ 188.134.91.83:8080: Message: Unable to obtain driver for chrome; For documentation on this error, please visit: https://www.selenium.dev/documentation/webdriver/troubleshooting/errors/driver_location

Traceback (most recent call last):

  File "C:\Users\wangr\PycharmProjects\pythonProject64\venv\Lib\site-packages\selenium\webdriver\common\driver_finder.py", line 64, in _binary_paths
    raise ValueError(f"The path is not a valid file: {path}")

ValueError: The path is not a valid file: C:\path\to\chromedriver.exe


The above exception was the direct cause of the following exception:


Traceback (most recent call last):

  File "C:\Users\wangr\PycharmProjects\pythonProject64\honest_reviews\app\scrapping\yandex_reviews_parser.py", line 96, in <module>
    fetch_reviews_page(org_id)
    ‚îÇ                  ‚îî '1218917291'
    ‚îî <function fetch_reviews_page at 0x0000020405E6AAC0>

> File "C:\Users\wangr\PycharmProjects\pythonProject64\honest_reviews\app\scrapping\yandex_reviews_parser.py", line 49, in fetch_reviews_page
    driver = init_driver(proxy)
             ‚îÇ           ‚îî '188.134.91.83:8080'
             ‚îî <function init_driver at 0x0000020405E6A980>

  File "C:\Users\wangr\PycharmProjects\pythonProject64\honest_reviews\app\scrapping\yandex_reviews_parser.py", line 35, in init_driver
    return webdriver.Chrome(service=service, options=options)
           ‚îÇ         ‚îÇ              ‚îÇ                ‚îî <selenium.webdriver.chrome.options.Options object at 0x00000204073AC390>
           ‚îÇ         ‚îÇ              ‚îî <selenium.webdriver.chrome.service.Service object at 0x000002040635AC10>
           ‚îÇ         ‚îî <class 'selenium.webdriver.chrome.webdriver.WebDriver'>
           ‚îî <module 'selenium.webdriver' from 'C:\\Users\\wangr\\PycharmProjects\\pythonProject64\\venv\\Lib\\site-packages\\selenium\\we...

  File "C:\Users\wangr\PycharmProjects\pythonProject64\venv\Lib\site-packages\selenium\webdriver\chrome\webdriver.py", line 45, in __init__
    super().__init__(
  File "C:\Users\wangr\PycharmProjects\pythonProject64\venv\Lib\site-packages\selenium\webdriver\chromium\webdriver.py", line 51, in __init__
    if finder.get_browser_path():
       ‚îÇ      ‚îî <function DriverFinder.get_browser_path at 0x0000020405021120>
       ‚îî <selenium.webdriver.common.driver_finder.DriverFinder object at 0x000002040635AED0>
  File "C:\Users\wangr\PycharmProjects\pythonProject64\venv\Lib\site-packages\selenium\webdriver\common\driver_finder.py", line 47, in get_browser_path
    return self._binary_paths()["browser_path"]
           ‚îÇ    ‚îî <function DriverFinder._binary_paths at 0x0000020405022980>
           ‚îî <selenium.webdriver.common.driver_finder.DriverFinder object at 0x000002040635AED0>
  File "C:\Users\wangr\PycharmProjects\pythonProject64\venv\Lib\site-packages\selenium\webdriver\common\driver_finder.py", line 78, in _binary_paths
    raise NoSuchDriverException(msg) from err
          ‚îÇ                     ‚îî 'Unable to obtain driver for chrome'
          ‚îî <class 'selenium.common.exceptions.NoSuchDriverException'>

selenium.common.exceptions.NoSuchDriverException: Message: Unable to obtain driver for chrome; For documentation on this error, please visit: https://www.selenium.dev/documentation/webdriver/troubleshooting/errors/driver_location

2025-05-05 13:39:07.355 | INFO     | __main__:fetch_reviews_page:47 - üîå –ü—Ä–æ–±—É—é –ø—Ä–æ–∫—Å–∏ 95.66.244.250:8080
2025-05-05 13:39:07.382 | ERROR    | __main__:fetch_reviews_page:67 - –û—à–∏–±–∫–∞ —Å –ø—Ä–æ–∫—Å–∏ 95.66.244.250:8080: Message: Unable to obtain driver for chrome; For documentation on this error, please visit: https://www.selenium.dev/documentation/webdriver/troubleshooting/errors/driver_location

Traceback (most recent call last):

  File "C:\Users\wangr\PycharmProjects\pythonProject64\venv\Lib\site-packages\selenium\webdriver\common\driver_finder.py", line 64, in _binary_paths
    raise ValueError(f"The path is not a valid file: {path}")

ValueError: The path is not a valid file: C:\path\to\chromedriver.exe


The above exception was the direct cause of the following exception:


Traceback (most recent call last):

  File "C:\Users\wangr\PycharmProjects\pythonProject64\honest_reviews\app\scrapping\yandex_reviews_parser.py", line 96, in <module>
    fetch_reviews_page(org_id)
    ‚îÇ                  ‚îî '1218917291'
    ‚îî <function fetch_reviews_page at 0x0000020405E6AAC0>

> File "C:\Users\wangr\PycharmProjects\pythonProject64\honest_reviews\app\scrapping\yandex_reviews_parser.py", line 49, in fetch_reviews_page
    driver = init_driver(proxy)
             ‚îÇ           ‚îî '95.66.244.250:8080'
             ‚îî <function init_driver at 0x0000020405E6A980>

  File "C:\Users\wangr\PycharmProjects\pythonProject64\honest_reviews\app\scrapping\yandex_reviews_parser.py", line 35, in init_driver
    return webdriver.Chrome(service=service, options=options)
           ‚îÇ         ‚îÇ              ‚îÇ                ‚îî <selenium.webdriver.chrome.options.Options object at 0x0000020405E3B390>
           ‚îÇ         ‚îÇ              ‚îî <selenium.webdriver.chrome.service.Service object at 0x00000204075DAF10>
           ‚îÇ         ‚îî <class 'selenium.webdriver.chrome.webdriver.WebDriver'>
           ‚îî <module 'selenium.webdriver' from 'C:\\Users\\wangr\\PycharmProjects\\pythonProject64\\venv\\Lib\\site-packages\\selenium\\we...

  File "C:\Users\wangr\PycharmProjects\pythonProject64\venv\Lib\site-packages\selenium\webdriver\chrome\webdriver.py", line 45, in __init__
    super().__init__(
  File "C:\Users\wangr\PycharmProjects\pythonProject64\venv\Lib\site-packages\selenium\webdriver\chromium\webdriver.py", line 51, in __init__
    if finder.get_browser_path():
       ‚îÇ      ‚îî <function DriverFinder.get_browser_path at 0x0000020405021120>
       ‚îî <selenium.webdriver.common.driver_finder.DriverFinder object at 0x00000204075DB010>
  File "C:\Users\wangr\PycharmProjects\pythonProject64\venv\Lib\site-packages\selenium\webdriver\common\driver_finder.py", line 47, in get_browser_path
    return self._binary_paths()["browser_path"]
           ‚îÇ    ‚îî <function DriverFinder._binary_paths at 0x0000020405022980>
           ‚îî <selenium.webdriver.common.driver_finder.DriverFinder object at 0x00000204075DB010>
  File "C:\Users\wangr\PycharmProjects\pythonProject64\venv\Lib\site-packages\selenium\webdriver\common\driver_finder.py", line 78, in _binary_paths
    raise NoSuchDriverException(msg) from err
          ‚îÇ                     ‚îî 'Unable to obtain driver for chrome'
          ‚îî <class 'selenium.common.exceptions.NoSuchDriverException'>

selenium.common.exceptions.NoSuchDriverException: Message: Unable to obtain driver for chrome; For documentation on this error, please visit: https://www.selenium.dev/documentation/webdriver/troubleshooting/errors/driver_location

2025-05-05 13:39:07.389 | INFO     | __main__:fetch_reviews_page:47 - üîå –ü—Ä–æ–±—É—é –ø—Ä–æ–∫—Å–∏ 94.251.95.138:5225
2025-05-05 13:39:07.423 | ERROR    | __main__:fetch_reviews_page:67 - –û—à–∏–±–∫–∞ —Å –ø—Ä–æ–∫—Å–∏ 94.251.95.138:5225: Message: Unable to obtain driver for chrome; For documentation on this error, please visit: https://www.selenium.dev/documentation/webdriver/troubleshooting/errors/driver_location

Traceback (most recent call last):

  File "C:\Users\wangr\PycharmProjects\pythonProject64\venv\Lib\site-packages\selenium\webdriver\common\driver_finder.py", line 64, in _binary_paths
    raise ValueError(f"The path is not a valid file: {path}")

ValueError: The path is not a valid file: C:\path\to\chromedriver.exe


The above exception was the direct cause of the following exception:


Traceback (most recent call last):

  File "C:\Users\wangr\PycharmProjects\pythonProject64\honest_reviews\app\scrapping\yandex_reviews_parser.py", line 96, in <module>
    fetch_reviews_page(org_id)
    ‚îÇ                  ‚îî '1218917291'
    ‚îî <function fetch_reviews_page at 0x0000020405E6AAC0>

> File "C:\Users\wangr\PycharmProjects\pythonProject64\honest_reviews\app\scrapping\yandex_reviews_parser.py", line 49, in fetch_reviews_page
    driver = init_driver(proxy)
             ‚îÇ           ‚îî '94.251.95.138:5225'
             ‚îî <function init_driver at 0x0000020405E6A980>

  File "C:\Users\wangr\PycharmProjects\pythonProject64\honest_reviews\app\scrapping\yandex_reviews_parser.py", line 35, in init_driver
    return webdriver.Chrome(service=service, options=options)
           ‚îÇ         ‚îÇ              ‚îÇ                ‚îî <selenium.webdriver.chrome.options.Options object at 0x00000204071CF450>
           ‚îÇ         ‚îÇ              ‚îî <selenium.webdriver.chrome.service.Service object at 0x00000204061E6D50>
           ‚îÇ         ‚îî <class 'selenium.webdriver.chrome.webdriver.WebDriver'>
           ‚îî <module 'selenium.webdriver' from 'C:\\Users\\wangr\\PycharmProjects\\pythonProject64\\venv\\Lib\\site-packages\\selenium\\we...

  File "C:\Users\wangr\PycharmProjects\pythonProject64\venv\Lib\site-packages\selenium\webdriver\chrome\webdriver.py", line 45, in __init__
    super().__init__(
  File "C:\Users\wangr\PycharmProjects\pythonProject64\venv\Lib\site-packages\selenium\webdriver\chromium\webdriver.py", line 51, in __init__
    if finder.get_browser_path():
       ‚îÇ      ‚îî <function DriverFinder.get_browser_path at 0x0000020405021120>
       ‚îî <selenium.webdriver.common.driver_finder.DriverFinder object at 0x00000204061E7310>
  File "C:\Users\wangr\PycharmProjects\pythonProject64\venv\Lib\site-packages\selenium\webdriver\common\driver_finder.py", line 47, in get_browser_path
    return self._binary_paths()["browser_path"]
           ‚îÇ    ‚îî <function DriverFinder._binary_paths at 0x0000020405022980>
           ‚îî <selenium.webdriver.common.driver_finder.DriverFinder object at 0x00000204061E7310>
  File "C:\Users\wangr\PycharmProjects\pythonProject64\venv\Lib\site-packages\selenium\webdriver\common\driver_finder.py", line 78, in _binary_paths
    raise NoSuchDriverException(msg) from err
          ‚îÇ                     ‚îî 'Unable to obtain driver for chrome'
          ‚îî <class 'selenium.common.exceptions.NoSuchDriverException'>

selenium.common.exceptions.NoSuchDriverException: Message: Unable to obtain driver for chrome; For documentation on this error, please visit: https://www.selenium.dev/documentation/webdriver/troubleshooting/errors/driver_location

2025-05-05 13:39:07.432 | INFO     | __main__:fetch_reviews_page:47 - üîå –ü—Ä–æ–±—É—é –ø—Ä–æ–∫—Å–∏ 5.166.71.63:1080
2025-05-05 13:39:07.459 | ERROR    | __main__:fetch_reviews_page:67 - –û—à–∏–±–∫–∞ —Å –ø—Ä–æ–∫—Å–∏ 5.166.71.63:1080: Message: Unable to obtain driver for chrome; For documentation on this error, please visit: https://www.selenium.dev/documentation/webdriver/troubleshooting/errors/driver_location

Traceback (most recent call last):

  File "C:\Users\wangr\PycharmProjects\pythonProject64\venv\Lib\site-packages\selenium\webdriver\common\driver_finder.py", line 64, in _binary_paths
    raise ValueError(f"The path is not a valid file: {path}")

ValueError: The path is not a valid file: C:\path\to\chromedriver.exe


The above exception was the direct cause of the following exception:


Traceback (most recent call last):

  File "C:\Users\wangr\PycharmProjects\pythonProject64\honest_reviews\app\scrapping\yandex_reviews_parser.py", line 96, in <module>
    fetch_reviews_page(org_id)
    ‚îÇ                  ‚îî '1218917291'
    ‚îî <function fetch_reviews_page at 0x0000020405E6AAC0>

> File "C:\Users\wangr\PycharmProjects\pythonProject64\honest_reviews\app\scrapping\yandex_reviews_parser.py", line 49, in fetch_reviews_page
    driver = init_driver(proxy)
             ‚îÇ           ‚îî '5.166.71.63:1080'
             ‚îî <function init_driver at 0x0000020405E6A980>

  File "C:\Users\wangr\PycharmProjects\pythonProject64\honest_reviews\app\scrapping\yandex_reviews_parser.py", line 35, in init_driver
    return webdriver.Chrome(service=service, options=options)
           ‚îÇ         ‚îÇ              ‚îÇ                ‚îî <selenium.webdriver.chrome.options.Options object at 0x00000204066E3A90>
           ‚îÇ         ‚îÇ              ‚îî <selenium.webdriver.chrome.service.Service object at 0x00000204071E2E90>
           ‚îÇ         ‚îî <class 'selenium.webdriver.chrome.webdriver.WebDriver'>
           ‚îî <module 'selenium.webdriver' from 'C:\\Users\\wangr\\PycharmProjects\\pythonProject64\\venv\\Lib\\site-packages\\selenium\\we...

  File "C:\Users\wangr\PycharmProjects\pythonProject64\venv\Lib\site-packages\selenium\webdriver\chrome\webdriver.py", line 45, in __init__
    super().__init__(
  File "C:\Users\wangr\PycharmProjects\pythonProject64\venv\Lib\site-packages\selenium\webdriver\chromium\webdriver.py", line 51, in __init__
    if finder.get_browser_path():
       ‚îÇ      ‚îî <function DriverFinder.get_browser_path at 0x0000020405021120>
       ‚îî <selenium.webdriver.common.driver_finder.DriverFinder object at 0x00000204071E3010>
  File "C:\Users\wangr\PycharmProjects\pythonProject64\venv\Lib\site-packages\selenium\webdriver\common\driver_finder.py", line 47, in get_browser_path
    return self._binary_paths()["browser_path"]
           ‚îÇ    ‚îî <function DriverFinder._binary_paths at 0x0000020405022980>
           ‚îî <selenium.webdriver.common.driver_finder.DriverFinder object at 0x00000204071E3010>
  File "C:\Users\wangr\PycharmProjects\pythonProject64\venv\Lib\site-packages\selenium\webdriver\common\driver_finder.py", line 78, in _binary_paths
    raise NoSuchDriverException(msg) from err
          ‚îÇ                     ‚îî 'Unable to obtain driver for chrome'
          ‚îî <class 'selenium.common.exceptions.NoSuchDriverException'>

selenium.common.exceptions.NoSuchDriverException: Message: Unable to obtain driver for chrome; For documentation on this error, please visit: https://www.selenium.dev/documentation/webdriver/troubleshooting/errors/driver_location

2025-05-05 13:39:07.464 | INFO     | __main__:fetch_reviews_page:47 - üîå –ü—Ä–æ–±—É—é –ø—Ä–æ–∫—Å–∏ 90.156.142.57:29518
2025-05-05 13:39:07.497 | ERROR    | __main__:fetch_reviews_page:67 - –û—à–∏–±–∫–∞ —Å –ø—Ä–æ–∫—Å–∏ 90.156.142.57:29518: Message: Unable to obtain driver for chrome; For documentation on this error, please visit: https://www.selenium.dev/documentation/webdriver/troubleshooting/errors/driver_location

Traceback (most recent call last):

  File "C:\Users\wangr\PycharmProjects\pythonProject64\venv\Lib\site-packages\selenium\webdriver\common\driver_finder.py", line 64, in _binary_paths
    raise ValueError(f"The path is not a valid file: {path}")

ValueError: The path is not a valid file: C:\path\to\chromedriver.exe


The above exception was the direct cause of the following exception:


Traceback (most recent call last):

  File "C:\Users\wangr\PycharmProjects\pythonProject64\honest_reviews\app\scrapping\yandex_reviews_parser.py", line 96, in <module>
    fetch_reviews_page(org_id)
    ‚îÇ                  ‚îî '1218917291'
    ‚îî <function fetch_reviews_page at 0x0000020405E6AAC0>

> File "C:\Users\wangr\PycharmProjects\pythonProject64\honest_reviews\app\scrapping\yandex_reviews_parser.py", line 49, in fetch_reviews_page
    driver = init_driver(proxy)
             ‚îÇ           ‚îî '90.156.142.57:29518'
             ‚îî <function init_driver at 0x0000020405E6A980>

  File "C:\Users\wangr\PycharmProjects\pythonProject64\honest_reviews\app\scrapping\yandex_reviews_parser.py", line 35, in init_driver
    return webdriver.Chrome(service=service, options=options)
           ‚îÇ         ‚îÇ              ‚îÇ                ‚îî <selenium.webdriver.chrome.options.Options object at 0x0000020406DCFC90>
           ‚îÇ         ‚îÇ              ‚îî <selenium.webdriver.chrome.service.Service object at 0x0000020406B4EF90>
           ‚îÇ         ‚îî <class 'selenium.webdriver.chrome.webdriver.WebDriver'>
           ‚îî <module 'selenium.webdriver' from 'C:\\Users\\wangr\\PycharmProjects\\pythonProject64\\venv\\Lib\\site-packages\\selenium\\we...

  File "C:\Users\wangr\PycharmProjects\pythonProject64\venv\Lib\site-packages\selenium\webdriver\chrome\webdriver.py", line 45, in __init__
    super().__init__(
  File "C:\Users\wangr\PycharmProjects\pythonProject64\venv\Lib\site-packages\selenium\webdriver\chromium\webdriver.py", line 51, in __init__
    if finder.get_browser_path():
       ‚îÇ      ‚îî <function DriverFinder.get_browser_path at 0x0000020405021120>
       ‚îî <selenium.webdriver.common.driver_finder.DriverFinder object at 0x0000020406B4F250>
  File "C:\Users\wangr\PycharmProjects\pythonProject64\venv\Lib\site-packages\selenium\webdriver\common\driver_finder.py", line 47, in get_browser_path
    return self._binary_paths()["browser_path"]
           ‚îÇ    ‚îî <function DriverFinder._binary_paths at 0x0000020405022980>
           ‚îî <selenium.webdriver.common.driver_finder.DriverFinder object at 0x0000020406B4F250>
  File "C:\Users\wangr\PycharmProjects\pythonProject64\venv\Lib\site-packages\selenium\webdriver\common\driver_finder.py", line 78, in _binary_paths
    raise NoSuchDriverException(msg) from err
          ‚îÇ                     ‚îî 'Unable to obtain driver for chrome'
          ‚îî <class 'selenium.common.exceptions.NoSuchDriverException'>

selenium.common.exceptions.NoSuchDriverException: Message: Unable to obtain driver for chrome; For documentation on this error, please visit: https://www.selenium.dev/documentation/webdriver/troubleshooting/errors/driver_location

2025-05-05 13:39:07.506 | INFO     | __main__:fetch_reviews_page:47 - üîå –ü—Ä–æ–±—É—é –ø—Ä–æ–∫—Å–∏ 85.30.219.207:8080
2025-05-05 13:39:07.544 | ERROR    | __main__:fetch_reviews_page:67 - –û—à–∏–±–∫–∞ —Å –ø—Ä–æ–∫—Å–∏ 85.30.219.207:8080: Message: Unable to obtain driver for chrome; For documentation on this error, please visit: https://www.selenium.dev/documentation/webdriver/troubleshooting/errors/driver_location

Traceback (most recent call last):

  File "C:\Users\wangr\PycharmProjects\pythonProject64\venv\Lib\site-packages\selenium\webdriver\common\driver_finder.py", line 64, in _binary_paths
    raise ValueError(f"The path is not a valid file: {path}")

ValueError: The path is not a valid file: C:\path\to\chromedriver.exe


The above exception was the direct cause of the following exception:


Traceback (most recent call last):

  File "C:\Users\wangr\PycharmProjects\pythonProject64\honest_reviews\app\scrapping\yandex_reviews_parser.py", line 96, in <module>
    fetch_reviews_page(org_id)
    ‚îÇ                  ‚îî '1218917291'
    ‚îî <function fetch_reviews_page at 0x0000020405E6AAC0>

> File "C:\Users\wangr\PycharmProjects\pythonProject64\honest_reviews\app\scrapping\yandex_reviews_parser.py", line 49, in fetch_reviews_page
    driver = init_driver(proxy)
             ‚îÇ           ‚îî '85.30.219.207:8080'
             ‚îî <function init_driver at 0x0000020405E6A980>

  File "C:\Users\wangr\PycharmProjects\pythonProject64\honest_reviews\app\scrapping\yandex_reviews_parser.py", line 35, in init_driver
    return webdriver.Chrome(service=service, options=options)
           ‚îÇ         ‚îÇ              ‚îÇ                ‚îî <selenium.webdriver.chrome.options.Options object at 0x00000204066E3650>
           ‚îÇ         ‚îÇ              ‚îî <selenium.webdriver.chrome.service.Service object at 0x0000020406DDEF90>
           ‚îÇ         ‚îî <class 'selenium.webdriver.chrome.webdriver.WebDriver'>
           ‚îî <module 'selenium.webdriver' from 'C:\\Users\\wangr\\PycharmProjects\\pythonProject64\\venv\\Lib\\site-packages\\selenium\\we...

  File "C:\Users\wangr\PycharmProjects\pythonProject64\venv\Lib\site-packages\selenium\webdriver\chrome\webdriver.py", line 45, in __init__
    super().__init__(
  File "C:\Users\wangr\PycharmProjects\pythonProject64\venv\Lib\site-packages\selenium\webdriver\chromium\webdriver.py", line 51, in __init__
    if finder.get_browser_path():
       ‚îÇ      ‚îî <function DriverFinder.get_browser_path at 0x0000020405021120>
       ‚îî <selenium.webdriver.common.driver_finder.DriverFinder object at 0x0000020406DDF550>
  File "C:\Users\wangr\PycharmProjects\pythonProject64\venv\Lib\site-packages\selenium\webdriver\common\driver_finder.py", line 47, in get_browser_path
    return self._binary_paths()["browser_path"]
           ‚îÇ    ‚îî <function DriverFinder._binary_paths at 0x0000020405022980>
           ‚îî <selenium.webdriver.common.driver_finder.DriverFinder object at 0x0000020406DDF550>
  File "C:\Users\wangr\PycharmProjects\pythonProject64\venv\Lib\site-packages\selenium\webdriver\common\driver_finder.py", line 78, in _binary_paths
    raise NoSuchDriverException(msg) from err
          ‚îÇ                     ‚îî 'Unable to obtain driver for chrome'
          ‚îî <class 'selenium.common.exceptions.NoSuchDriverException'>

selenium.common.exceptions.NoSuchDriverException: Message: Unable to obtain driver for chrome; For documentation on this error, please visit: https://www.selenium.dev/documentation/webdriver/troubleshooting/errors/driver_location

2025-05-05 13:39:07.553 | INFO     | __main__:fetch_reviews_page:47 - üîå –ü—Ä–æ–±—É—é –ø—Ä–æ–∫—Å–∏ 91.185.58.68:8080
2025-05-05 13:39:07.596 | ERROR    | __main__:fetch_reviews_page:67 - –û—à–∏–±–∫–∞ —Å –ø—Ä–æ–∫—Å–∏ 91.185.58.68:8080: Message: Unable to obtain driver for chrome; For documentation on this error, please visit: https://www.selenium.dev/documentation/webdriver/troubleshooting/errors/driver_location

Traceback (most recent call last):

  File "C:\Users\wangr\PycharmProjects\pythonProject64\venv\Lib\site-packages\selenium\webdriver\common\driver_finder.py", line 64, in _binary_paths
    raise ValueError(f"The path is not a valid file: {path}")

ValueError: The path is not a valid file: C:\path\to\chromedriver.exe


The above exception was the direct cause of the following exception:


Traceback (most recent call last):

  File "C:\Users\wangr\PycharmProjects\pythonProject64\honest_reviews\app\scrapping\yandex_reviews_parser.py", line 96, in <module>
    fetch_reviews_page(org_id)
    ‚îÇ                  ‚îî '1218917291'
    ‚îî <function fetch_reviews_page at 0x0000020405E6AAC0>

> File "C:\Users\wangr\PycharmProjects\pythonProject64\honest_reviews\app\scrapping\yandex_reviews_parser.py", line 49, in fetch_reviews_page
    driver = init_driver(proxy)
             ‚îÇ           ‚îî '91.185.58.68:8080'
             ‚îî <function init_driver at 0x0000020405E6A980>

  File "C:\Users\wangr\PycharmProjects\pythonProject64\honest_reviews\app\scrapping\yandex_reviews_parser.py", line 35, in init_driver
    return webdriver.Chrome(service=service, options=options)
           ‚îÇ         ‚îÇ              ‚îÇ                ‚îî <selenium.webdriver.chrome.options.Options object at 0x00000204075C3A90>
           ‚îÇ         ‚îÇ              ‚îî <selenium.webdriver.chrome.service.Service object at 0x000002040674AF90>
           ‚îÇ         ‚îî <class 'selenium.webdriver.chrome.webdriver.WebDriver'>
           ‚îî <module 'selenium.webdriver' from 'C:\\Users\\wangr\\PycharmProjects\\pythonProject64\\venv\\Lib\\site-packages\\selenium\\we...

  File "C:\Users\wangr\PycharmProjects\pythonProject64\venv\Lib\site-packages\selenium\webdriver\chrome\webdriver.py", line 45, in __init__
    super().__init__(
  File "C:\Users\wangr\PycharmProjects\pythonProject64\venv\Lib\site-packages\selenium\webdriver\chromium\webdriver.py", line 51, in __init__
    if finder.get_browser_path():
       ‚îÇ      ‚îî <function DriverFinder.get_browser_path at 0x0000020405021120>
       ‚îî <selenium.webdriver.common.driver_finder.DriverFinder object at 0x000002040674B490>
  File "C:\Users\wangr\PycharmProjects\pythonProject64\venv\Lib\site-packages\selenium\webdriver\common\driver_finder.py", line 47, in get_browser_path
    return self._binary_paths()["browser_path"]
           ‚îÇ    ‚îî <function DriverFinder._binary_paths at 0x0000020405022980>
           ‚îî <selenium.webdriver.common.driver_finder.DriverFinder object at 0x000002040674B490>
  File "C:\Users\wangr\PycharmProjects\pythonProject64\venv\Lib\site-packages\selenium\webdriver\common\driver_finder.py", line 78, in _binary_paths
    raise NoSuchDriverException(msg) from err
          ‚îÇ                     ‚îî 'Unable to obtain driver for chrome'
          ‚îî <class 'selenium.common.exceptions.NoSuchDriverException'>

selenium.common.exceptions.NoSuchDriverException: Message: Unable to obtain driver for chrome; For documentation on this error, please visit: https://www.selenium.dev/documentation/webdriver/troubleshooting/errors/driver_location

2025-05-05 13:39:07.604 | INFO     | __main__:fetch_reviews_page:47 - üîå –ü—Ä–æ–±—É—é –ø—Ä–æ–∫—Å–∏ 84.52.125.113:8082
2025-05-05 13:39:07.639 | ERROR    | __main__:fetch_reviews_page:67 - –û—à–∏–±–∫–∞ —Å –ø—Ä–æ–∫—Å–∏ 84.52.125.113:8082: Message: Unable to obtain driver for chrome; For documentation on this error, please visit: https://www.selenium.dev/documentation/webdriver/troubleshooting/errors/driver_location

Traceback (most recent call last):

  File "C:\Users\wangr\PycharmProjects\pythonProject64\venv\Lib\site-packages\selenium\webdriver\common\driver_finder.py", line 64, in _binary_paths
    raise ValueError(f"The path is not a valid file: {path}")

ValueError: The path is not a valid file: C:\path\to\chromedriver.exe


The above exception was the direct cause of the following exception:


Traceback (most recent call last):

  File "C:\Users\wangr\PycharmProjects\pythonProject64\honest_reviews\app\scrapping\yandex_reviews_parser.py", line 96, in <module>
    fetch_reviews_page(org_id)
    ‚îÇ                  ‚îî '1218917291'
    ‚îî <function fetch_reviews_page at 0x0000020405E6AAC0>

> File "C:\Users\wangr\PycharmProjects\pythonProject64\honest_reviews\app\scrapping\yandex_reviews_parser.py", line 49, in fetch_reviews_page
    driver = init_driver(proxy)
             ‚îÇ           ‚îî '84.52.125.113:8082'
             ‚îî <function init_driver at 0x0000020405E6A980>

  File "C:\Users\wangr\PycharmProjects\pythonProject64\honest_reviews\app\scrapping\yandex_reviews_parser.py", line 35, in init_driver
    return webdriver.Chrome(service=service, options=options)
           ‚îÇ         ‚îÇ              ‚îÇ                ‚îî <selenium.webdriver.chrome.options.Options object at 0x00000204063DF9D0>
           ‚îÇ         ‚îÇ              ‚îî <selenium.webdriver.chrome.service.Service object at 0x00000204077B3250>
           ‚îÇ         ‚îî <class 'selenium.webdriver.chrome.webdriver.WebDriver'>
           ‚îî <module 'selenium.webdriver' from 'C:\\Users\\wangr\\PycharmProjects\\pythonProject64\\venv\\Lib\\site-packages\\selenium\\we...

  File "C:\Users\wangr\PycharmProjects\pythonProject64\venv\Lib\site-packages\selenium\webdriver\chrome\webdriver.py", line 45, in __init__
    super().__init__(
  File "C:\Users\wangr\PycharmProjects\pythonProject64\venv\Lib\site-packages\selenium\webdriver\chromium\webdriver.py", line 51, in __init__
    if finder.get_browser_path():
       ‚îÇ      ‚îî <function DriverFinder.get_browser_path at 0x0000020405021120>
       ‚îî <selenium.webdriver.common.driver_finder.DriverFinder object at 0x00000204077B3510>
  File "C:\Users\wangr\PycharmProjects\pythonProject64\venv\Lib\site-packages\selenium\webdriver\common\driver_finder.py", line 47, in get_browser_path
    return self._binary_paths()["browser_path"]
           ‚îÇ    ‚îî <function DriverFinder._binary_paths at 0x0000020405022980>
           ‚îî <selenium.webdriver.common.driver_finder.DriverFinder object at 0x00000204077B3510>
  File "C:\Users\wangr\PycharmProjects\pythonProject64\venv\Lib\site-packages\selenium\webdriver\common\driver_finder.py", line 78, in _binary_paths
    raise NoSuchDriverException(msg) from err
          ‚îÇ                     ‚îî 'Unable to obtain driver for chrome'
          ‚îî <class 'selenium.common.exceptions.NoSuchDriverException'>

selenium.common.exceptions.NoSuchDriverException: Message: Unable to obtain driver for chrome; For documentation on this error, please visit: https://www.selenium.dev/documentation/webdriver/troubleshooting/errors/driver_location

2025-05-05 13:39:07.644 | INFO     | __main__:fetch_reviews_page:47 - üîå –ü—Ä–æ–±—É—é –ø—Ä–æ–∫—Å–∏ 46.48.94.246:8080
2025-05-05 13:39:07.678 | ERROR    | __main__:fetch_reviews_page:67 - –û—à–∏–±–∫–∞ —Å –ø—Ä–æ–∫—Å–∏ 46.48.94.246:8080: Message: Unable to obtain driver for chrome; For documentation on this error, please visit: https://www.selenium.dev/documentation/webdriver/troubleshooting/errors/driver_location

Traceback (most recent call last):

  File "C:\Users\wangr\PycharmProjects\pythonProject64\venv\Lib\site-packages\selenium\webdriver\common\driver_finder.py", line 64, in _binary_paths
    raise ValueError(f"The path is not a valid file: {path}")

ValueError: The path is not a valid file: C:\path\to\chromedriver.exe


The above exception was the direct cause of the following exception:


Traceback (most recent call last):

  File "C:\Users\wangr\PycharmProjects\pythonProject64\honest_reviews\app\scrapping\yandex_reviews_parser.py", line 96, in <module>
    fetch_reviews_page(org_id)
    ‚îÇ                  ‚îî '1218917291'
    ‚îî <function fetch_reviews_page at 0x0000020405E6AAC0>

> File "C:\Users\wangr\PycharmProjects\pythonProject64\honest_reviews\app\scrapping\yandex_reviews_parser.py", line 49, in fetch_reviews_page
    driver = init_driver(proxy)
             ‚îÇ           ‚îî '46.48.94.246:8080'
             ‚îî <function init_driver at 0x0000020405E6A980>

  File "C:\Users\wangr\PycharmProjects\pythonProject64\honest_reviews\app\scrapping\yandex_reviews_parser.py", line 35, in init_driver
    return webdriver.Chrome(service=service, options=options)
           ‚îÇ         ‚îÇ              ‚îÇ                ‚îî <selenium.webdriver.chrome.options.Options object at 0x0000020406DCFC90>
           ‚îÇ         ‚îÇ              ‚îî <selenium.webdriver.chrome.service.Service object at 0x000002040654B0D0>
           ‚îÇ         ‚îî <class 'selenium.webdriver.chrome.webdriver.WebDriver'>
           ‚îî <module 'selenium.webdriver' from 'C:\\Users\\wangr\\PycharmProjects\\pythonProject64\\venv\\Lib\\site-packages\\selenium\\we...

  File "C:\Users\wangr\PycharmProjects\pythonProject64\venv\Lib\site-packages\selenium\webdriver\chrome\webdriver.py", line 45, in __init__
    super().__init__(
  File "C:\Users\wangr\PycharmProjects\pythonProject64\venv\Lib\site-packages\selenium\webdriver\chromium\webdriver.py", line 51, in __init__
    if finder.get_browser_path():
       ‚îÇ      ‚îî <function DriverFinder.get_browser_path at 0x0000020405021120>
       ‚îî <selenium.webdriver.common.driver_finder.DriverFinder object at 0x000002040654B650>
  File "C:\Users\wangr\PycharmProjects\pythonProject64\venv\Lib\site-packages\selenium\webdriver\common\driver_finder.py", line 47, in get_browser_path
    return self._binary_paths()["browser_path"]
           ‚îÇ    ‚îî <function DriverFinder._binary_paths at 0x0000020405022980>
           ‚îî <selenium.webdriver.common.driver_finder.DriverFinder object at 0x000002040654B650>
  File "C:\Users\wangr\PycharmProjects\pythonProject64\venv\Lib\site-packages\selenium\webdriver\common\driver_finder.py", line 78, in _binary_paths
    raise NoSuchDriverException(msg) from err
          ‚îÇ                     ‚îî 'Unable to obtain driver for chrome'
          ‚îî <class 'selenium.common.exceptions.NoSuchDriverException'>

selenium.common.exceptions.NoSuchDriverException: Message: Unable to obtain driver for chrome; For documentation on this error, please visit: https://www.selenium.dev/documentation/webdriver/troubleshooting/errors/driver_location

2025-05-05 13:39:07.687 | INFO     | __main__:fetch_reviews_page:47 - üîå –ü—Ä–æ–±—É—é –ø—Ä–æ–∫—Å–∏ 31.163.204.156:8080
2025-05-05 13:39:07.719 | ERROR    | __main__:fetch_reviews_page:67 - –û—à–∏–±–∫–∞ —Å –ø—Ä–æ–∫—Å–∏ 31.163.204.156:8080: Message: Unable to obtain driver for chrome; For documentation on this error, please visit: https://www.selenium.dev/documentation/webdriver/troubleshooting/errors/driver_location

Traceback (most recent call last):

  File "C:\Users\wangr\PycharmProjects\pythonProject64\venv\Lib\site-packages\selenium\webdriver\common\driver_finder.py", line 64, in _binary_paths
    raise ValueError(f"The path is not a valid file: {path}")

ValueError: The path is not a valid file: C:\path\to\chromedriver.exe


The above exception was the direct cause of the following exception:


Traceback (most recent call last):

  File "C:\Users\wangr\PycharmProjects\pythonProject64\honest_reviews\app\scrapping\yandex_reviews_parser.py", line 96, in <module>
    fetch_reviews_page(org_id)
    ‚îÇ                  ‚îî '1218917291'
    ‚îî <function fetch_reviews_page at 0x0000020405E6AAC0>

> File "C:\Users\wangr\PycharmProjects\pythonProject64\honest_reviews\app\scrapping\yandex_reviews_parser.py", line 49, in fetch_reviews_page
    driver = init_driver(proxy)
             ‚îÇ           ‚îî '31.163.204.156:8080'
             ‚îî <function init_driver at 0x0000020405E6A980>

  File "C:\Users\wangr\PycharmProjects\pythonProject64\honest_reviews\app\scrapping\yandex_reviews_parser.py", line 35, in init_driver
    return webdriver.Chrome(service=service, options=options)
           ‚îÇ         ‚îÇ              ‚îÇ                ‚îî <selenium.webdriver.chrome.options.Options object at 0x00000204064EB790>
           ‚îÇ         ‚îÇ              ‚îî <selenium.webdriver.chrome.service.Service object at 0x00000204070CB3D0>
           ‚îÇ         ‚îî <class 'selenium.webdriver.chrome.webdriver.WebDriver'>
           ‚îî <module 'selenium.webdriver' from 'C:\\Users\\wangr\\PycharmProjects\\pythonProject64\\venv\\Lib\\site-packages\\selenium\\we...

  File "C:\Users\wangr\PycharmProjects\pythonProject64\venv\Lib\site-packages\selenium\webdriver\chrome\webdriver.py", line 45, in __init__
    super().__init__(
  File "C:\Users\wangr\PycharmProjects\pythonProject64\venv\Lib\site-packages\selenium\webdriver\chromium\webdriver.py", line 51, in __init__
    if finder.get_browser_path():
       ‚îÇ      ‚îî <function DriverFinder.get_browser_path at 0x0000020405021120>
       ‚îî <selenium.webdriver.common.driver_finder.DriverFinder object at 0x00000204070CB690>
  File "C:\Users\wangr\PycharmProjects\pythonProject64\venv\Lib\site-packages\selenium\webdriver\common\driver_finder.py", line 47, in get_browser_path
    return self._binary_paths()["browser_path"]
           ‚îÇ    ‚îî <function DriverFinder._binary_paths at 0x0000020405022980>
           ‚îî <selenium.webdriver.common.driver_finder.DriverFinder object at 0x00000204070CB690>
  File "C:\Users\wangr\PycharmProjects\pythonProject64\venv\Lib\site-packages\selenium\webdriver\common\driver_finder.py", line 78, in _binary_paths
    raise NoSuchDriverException(msg) from err
          ‚îÇ                     ‚îî 'Unable to obtain driver for chrome'
          ‚îî <class 'selenium.common.exceptions.NoSuchDriverException'>

selenium.common.exceptions.NoSuchDriverException: Message: Unable to obtain driver for chrome; For documentation on this error, please visit: https://www.selenium.dev/documentation/webdriver/troubleshooting/errors/driver_location

2025-05-05 13:39:07.728 | INFO     | __main__:fetch_reviews_page:47 - üîå –ü—Ä–æ–±—É—é –ø—Ä–æ–∫—Å–∏ 89.237.34.17:37647
2025-05-05 13:39:07.757 | ERROR    | __main__:fetch_reviews_page:67 - –û—à–∏–±–∫–∞ —Å –ø—Ä–æ–∫—Å–∏ 89.237.34.17:37647: Message: Unable to obtain driver for chrome; For documentation on this error, please visit: https://www.selenium.dev/documentation/webdriver/troubleshooting/errors/driver_location

Traceback (most recent call last):

  File "C:\Users\wangr\PycharmProjects\pythonProject64\venv\Lib\site-packages\selenium\webdriver\common\driver_finder.py", line 64, in _binary_paths
    raise ValueError(f"The path is not a valid file: {path}")

ValueError: The path is not a valid file: C:\path\to\chromedriver.exe


The above exception was the direct cause of the following exception:


Traceback (most recent call last):

  File "C:\Users\wangr\PycharmProjects\pythonProject64\honest_reviews\app\scrapping\yandex_reviews_parser.py", line 96, in <module>
    fetch_reviews_page(org_id)
    ‚îÇ                  ‚îî '1218917291'
    ‚îî <function fetch_reviews_page at 0x0000020405E6AAC0>

> File "C:\Users\wangr\PycharmProjects\pythonProject64\honest_reviews\app\scrapping\yandex_reviews_parser.py", line 49, in fetch_reviews_page
    driver = init_driver(proxy)
             ‚îÇ           ‚îî '89.237.34.17:37647'
             ‚îî <function init_driver at 0x0000020405E6A980>

  File "C:\Users\wangr\PycharmProjects\pythonProject64\honest_reviews\app\scrapping\yandex_reviews_parser.py", line 35, in init_driver
    return webdriver.Chrome(service=service, options=options)
           ‚îÇ         ‚îÇ              ‚îÇ                ‚îî <selenium.webdriver.chrome.options.Options object at 0x00000204075C3ED0>
           ‚îÇ         ‚îÇ              ‚îî <selenium.webdriver.chrome.service.Service object at 0x00000204067CF210>
           ‚îÇ         ‚îî <class 'selenium.webdriver.chrome.webdriver.WebDriver'>
           ‚îî <module 'selenium.webdriver' from 'C:\\Users\\wangr\\PycharmProjects\\pythonProject64\\venv\\Lib\\site-packages\\selenium\\we...

  File "C:\Users\wangr\PycharmProjects\pythonProject64\venv\Lib\site-packages\selenium\webdriver\chrome\webdriver.py", line 45, in __init__
    super().__init__(
  File "C:\Users\wangr\PycharmProjects\pythonProject64\venv\Lib\site-packages\selenium\webdriver\chromium\webdriver.py", line 51, in __init__
    if finder.get_browser_path():
       ‚îÇ      ‚îî <function DriverFinder.get_browser_path at 0x0000020405021120>
       ‚îî <selenium.webdriver.common.driver_finder.DriverFinder object at 0x00000204067CF790>
  File "C:\Users\wangr\PycharmProjects\pythonProject64\venv\Lib\site-packages\selenium\webdriver\common\driver_finder.py", line 47, in get_browser_path
    return self._binary_paths()["browser_path"]
           ‚îÇ    ‚îî <function DriverFinder._binary_paths at 0x0000020405022980>
           ‚îî <selenium.webdriver.common.driver_finder.DriverFinder object at 0x00000204067CF790>
  File "C:\Users\wangr\PycharmProjects\pythonProject64\venv\Lib\site-packages\selenium\webdriver\common\driver_finder.py", line 78, in _binary_paths
    raise NoSuchDriverException(msg) from err
          ‚îÇ                     ‚îî 'Unable to obtain driver for chrome'
          ‚îî <class 'selenium.common.exceptions.NoSuchDriverException'>

selenium.common.exceptions.NoSuchDriverException: Message: Unable to obtain driver for chrome; For documentation on this error, please visit: https://www.selenium.dev/documentation/webdriver/troubleshooting/errors/driver_location

2025-05-05 13:39:07.764 | INFO     | __main__:fetch_reviews_page:47 - üîå –ü—Ä–æ–±—É—é –ø—Ä–æ–∫—Å–∏ 31.181.238.111:8081
2025-05-05 13:39:07.794 | ERROR    | __main__:fetch_reviews_page:67 - –û—à–∏–±–∫–∞ —Å –ø—Ä–æ–∫—Å–∏ 31.181.238.111:8081: Message: Unable to obtain driver for chrome; For documentation on this error, please visit: https://www.selenium.dev/documentation/webdriver/troubleshooting/errors/driver_location

Traceback (most recent call last):

  File "C:\Users\wangr\PycharmProjects\pythonProject64\venv\Lib\site-packages\selenium\webdriver\common\driver_finder.py", line 64, in _binary_paths
    raise ValueError(f"The path is not a valid file: {path}")

ValueError: The path is not a valid file: C:\path\to\chromedriver.exe


The above exception was the direct cause of the following exception:


Traceback (most recent call last):

  File "C:\Users\wangr\PycharmProjects\pythonProject64\honest_reviews\app\scrapping\yandex_reviews_parser.py", line 96, in <module>
    fetch_reviews_page(org_id)
    ‚îÇ                  ‚îî '1218917291'
    ‚îî <function fetch_reviews_page at 0x0000020405E6AAC0>

> File "C:\Users\wangr\PycharmProjects\pythonProject64\honest_reviews\app\scrapping\yandex_reviews_parser.py", line 49, in fetch_reviews_page
    driver = init_driver(proxy)
             ‚îÇ           ‚îî '31.181.238.111:8081'
             ‚îî <function init_driver at 0x0000020405E6A980>

  File "C:\Users\wangr\PycharmProjects\pythonProject64\honest_reviews\app\scrapping\yandex_reviews_parser.py", line 35, in init_driver
    return webdriver.Chrome(service=service, options=options)
           ‚îÇ         ‚îÇ              ‚îÇ                ‚îî <selenium.webdriver.chrome.options.Options object at 0x00000204067EB8D0>
           ‚îÇ         ‚îÇ              ‚îî <selenium.webdriver.chrome.service.Service object at 0x00000204075BB5D0>
           ‚îÇ         ‚îî <class 'selenium.webdriver.chrome.webdriver.WebDriver'>
           ‚îî <module 'selenium.webdriver' from 'C:\\Users\\wangr\\PycharmProjects\\pythonProject64\\venv\\Lib\\site-packages\\selenium\\we...

  File "C:\Users\wangr\PycharmProjects\pythonProject64\venv\Lib\site-packages\selenium\webdriver\chrome\webdriver.py", line 45, in __init__
    super().__init__(
  File "C:\Users\wangr\PycharmProjects\pythonProject64\venv\Lib\site-packages\selenium\webdriver\chromium\webdriver.py", line 51, in __init__
    if finder.get_browser_path():
       ‚îÇ      ‚îî <function DriverFinder.get_browser_path at 0x0000020405021120>
       ‚îî <selenium.webdriver.common.driver_finder.DriverFinder object at 0x00000204075BB890>
  File "C:\Users\wangr\PycharmProjects\pythonProject64\venv\Lib\site-packages\selenium\webdriver\common\driver_finder.py", line 47, in get_browser_path
    return self._binary_paths()["browser_path"]
           ‚îÇ    ‚îî <function DriverFinder._binary_paths at 0x0000020405022980>
           ‚îî <selenium.webdriver.common.driver_finder.DriverFinder object at 0x00000204075BB890>
  File "C:\Users\wangr\PycharmProjects\pythonProject64\venv\Lib\site-packages\selenium\webdriver\common\driver_finder.py", line 78, in _binary_paths
    raise NoSuchDriverException(msg) from err
          ‚îÇ                     ‚îî 'Unable to obtain driver for chrome'
          ‚îî <class 'selenium.common.exceptions.NoSuchDriverException'>

selenium.common.exceptions.NoSuchDriverException: Message: Unable to obtain driver for chrome; For documentation on this error, please visit: https://www.selenium.dev/documentation/webdriver/troubleshooting/errors/driver_location

2025-05-05 13:39:07.798 | INFO     | __main__:fetch_reviews_page:47 - üîå –ü—Ä–æ–±—É—é –ø—Ä–æ–∫—Å–∏ 80.242.86.42:1080
2025-05-05 13:39:07.826 | ERROR    | __main__:fetch_reviews_page:67 - –û—à–∏–±–∫–∞ —Å –ø—Ä–æ–∫—Å–∏ 80.242.86.42:1080: Message: Unable to obtain driver for chrome; For documentation on this error, please visit: https://www.selenium.dev/documentation/webdriver/troubleshooting/errors/driver_location

Traceback (most recent call last):

  File "C:\Users\wangr\PycharmProjects\pythonProject64\venv\Lib\site-packages\selenium\webdriver\common\driver_finder.py", line 64, in _binary_paths
    raise ValueError(f"The path is not a valid file: {path}")

ValueError: The path is not a valid file: C:\path\to\chromedriver.exe


The above exception was the direct cause of the following exception:


Traceback (most recent call last):

  File "C:\Users\wangr\PycharmProjects\pythonProject64\honest_reviews\app\scrapping\yandex_reviews_parser.py", line 96, in <module>
    fetch_reviews_page(org_id)
    ‚îÇ                  ‚îî '1218917291'
    ‚îî <function fetch_reviews_page at 0x0000020405E6AAC0>

> File "C:\Users\wangr\PycharmProjects\pythonProject64\honest_reviews\app\scrapping\yandex_reviews_parser.py", line 49, in fetch_reviews_page
    driver = init_driver(proxy)
             ‚îÇ           ‚îî '80.242.86.42:1080'
             ‚îî <function init_driver at 0x0000020405E6A980>

  File "C:\Users\wangr\PycharmProjects\pythonProject64\honest_reviews\app\scrapping\yandex_reviews_parser.py", line 35, in init_driver
    return webdriver.Chrome(service=service, options=options)
           ‚îÇ         ‚îÇ              ‚îÇ                ‚îî <selenium.webdriver.chrome.options.Options object at 0x00000204073D0C10>
           ‚îÇ         ‚îÇ              ‚îî <selenium.webdriver.chrome.service.Service object at 0x0000020406C23A90>
           ‚îÇ         ‚îî <class 'selenium.webdriver.chrome.webdriver.WebDriver'>
           ‚îî <module 'selenium.webdriver' from 'C:\\Users\\wangr\\PycharmProjects\\pythonProject64\\venv\\Lib\\site-packages\\selenium\\we...

  File "C:\Users\wangr\PycharmProjects\pythonProject64\venv\Lib\site-packages\selenium\webdriver\chrome\webdriver.py", line 45, in __init__
    super().__init__(
  File "C:\Users\wangr\PycharmProjects\pythonProject64\venv\Lib\site-packages\selenium\webdriver\chromium\webdriver.py", line 51, in __init__
    if finder.get_browser_path():
       ‚îÇ      ‚îî <function DriverFinder.get_browser_path at 0x0000020405021120>
       ‚îî <selenium.webdriver.common.driver_finder.DriverFinder object at 0x0000020406C237D0>
  File "C:\Users\wangr\PycharmProjects\pythonProject64\venv\Lib\site-packages\selenium\webdriver\common\driver_finder.py", line 47, in get_browser_path
    return self._binary_paths()["browser_path"]
           ‚îÇ    ‚îî <function DriverFinder._binary_paths at 0x0000020405022980>
           ‚îî <selenium.webdriver.common.driver_finder.DriverFinder object at 0x0000020406C237D0>
  File "C:\Users\wangr\PycharmProjects\pythonProject64\venv\Lib\site-packages\selenium\webdriver\common\driver_finder.py", line 78, in _binary_paths
    raise NoSuchDriverException(msg) from err
          ‚îÇ                     ‚îî 'Unable to obtain driver for chrome'
          ‚îî <class 'selenium.common.exceptions.NoSuchDriverException'>

selenium.common.exceptions.NoSuchDriverException: Message: Unable to obtain driver for chrome; For documentation on this error, please visit: https://www.selenium.dev/documentation/webdriver/troubleshooting/errors/driver_location

2025-05-05 13:39:07.834 | INFO     | __main__:fetch_reviews_page:47 - üîå –ü—Ä–æ–±—É—é –ø—Ä–æ–∫—Å–∏ 147.45.147.239:3128
2025-05-05 13:39:07.862 | ERROR    | __main__:fetch_reviews_page:67 - –û—à–∏–±–∫–∞ —Å –ø—Ä–æ–∫—Å–∏ 147.45.147.239:3128: Message: Unable to obtain driver for chrome; For documentation on this error, please visit: https://www.selenium.dev/documentation/webdriver/troubleshooting/errors/driver_location

Traceback (most recent call last):

  File "C:\Users\wangr\PycharmProjects\pythonProject64\venv\Lib\site-packages\selenium\webdriver\common\driver_finder.py", line 64, in _binary_paths
    raise ValueError(f"The path is not a valid file: {path}")

ValueError: The path is not a valid file: C:\path\to\chromedriver.exe


The above exception was the direct cause of the following exception:


Traceback (most recent call last):

  File "C:\Users\wangr\PycharmProjects\pythonProject64\honest_reviews\app\scrapping\yandex_reviews_parser.py", line 96, in <module>
    fetch_reviews_page(org_id)
    ‚îÇ                  ‚îî '1218917291'
    ‚îî <function fetch_reviews_page at 0x0000020405E6AAC0>

> File "C:\Users\wangr\PycharmProjects\pythonProject64\honest_reviews\app\scrapping\yandex_reviews_parser.py", line 49, in fetch_reviews_page
    driver = init_driver(proxy)
             ‚îÇ           ‚îî '147.45.147.239:3128'
             ‚îî <function init_driver at 0x0000020405E6A980>

  File "C:\Users\wangr\PycharmProjects\pythonProject64\honest_reviews\app\scrapping\yandex_reviews_parser.py", line 35, in init_driver
    return webdriver.Chrome(service=service, options=options)
           ‚îÇ         ‚îÇ              ‚îÇ                ‚îî <selenium.webdriver.chrome.options.Options object at 0x0000020405F102D0>
           ‚îÇ         ‚îÇ              ‚îî <selenium.webdriver.chrome.service.Service object at 0x00000204074CB410>
           ‚îÇ         ‚îî <class 'selenium.webdriver.chrome.webdriver.WebDriver'>
           ‚îî <module 'selenium.webdriver' from 'C:\\Users\\wangr\\PycharmProjects\\pythonProject64\\venv\\Lib\\site-packages\\selenium\\we...

  File "C:\Users\wangr\PycharmProjects\pythonProject64\venv\Lib\site-packages\selenium\webdriver\chrome\webdriver.py", line 45, in __init__
    super().__init__(
  File "C:\Users\wangr\PycharmProjects\pythonProject64\venv\Lib\site-packages\selenium\webdriver\chromium\webdriver.py", line 51, in __init__
    if finder.get_browser_path():
       ‚îÇ      ‚îî <function DriverFinder.get_browser_path at 0x0000020405021120>
       ‚îî <selenium.webdriver.common.driver_finder.DriverFinder object at 0x00000204074CBE10>
  File "C:\Users\wangr\PycharmProjects\pythonProject64\venv\Lib\site-packages\selenium\webdriver\common\driver_finder.py", line 47, in get_browser_path
    return self._binary_paths()["browser_path"]
           ‚îÇ    ‚îî <function DriverFinder._binary_paths at 0x0000020405022980>
           ‚îî <selenium.webdriver.common.driver_finder.DriverFinder object at 0x00000204074CBE10>
  File "C:\Users\wangr\PycharmProjects\pythonProject64\venv\Lib\site-packages\selenium\webdriver\common\driver_finder.py", line 78, in _binary_paths
    raise NoSuchDriverException(msg) from err
          ‚îÇ                     ‚îî 'Unable to obtain driver for chrome'
          ‚îî <class 'selenium.common.exceptions.NoSuchDriverException'>

selenium.common.exceptions.NoSuchDriverException: Message: Unable to obtain driver for chrome; For documentation on this error, please visit: https://www.selenium.dev/documentation/webdriver/troubleshooting/errors/driver_location

2025-05-05 13:39:07.870 | INFO     | __main__:fetch_reviews_page:47 - üîå –ü—Ä–æ–±—É—é –ø—Ä–æ–∫—Å–∏ 5.138.170.190:3128
2025-05-05 13:39:07.904 | ERROR    | __main__:fetch_reviews_page:67 - –û—à–∏–±–∫–∞ —Å –ø—Ä–æ–∫—Å–∏ 5.138.170.190:3128: Message: Unable to obtain driver for chrome; For documentation on this error, please visit: https://www.selenium.dev/documentation/webdriver/troubleshooting/errors/driver_location

Traceback (most recent call last):

  File "C:\Users\wangr\PycharmProjects\pythonProject64\venv\Lib\site-packages\selenium\webdriver\common\driver_finder.py", line 64, in _binary_paths
    raise ValueError(f"The path is not a valid file: {path}")

ValueError: The path is not a valid file: C:\path\to\chromedriver.exe


The above exception was the direct cause of the following exception:


Traceback (most recent call last):

  File "C:\Users\wangr\PycharmProjects\pythonProject64\honest_reviews\app\scrapping\yandex_reviews_parser.py", line 96, in <module>
    fetch_reviews_page(org_id)
    ‚îÇ                  ‚îî '1218917291'
    ‚îî <function fetch_reviews_page at 0x0000020405E6AAC0>

> File "C:\Users\wangr\PycharmProjects\pythonProject64\honest_reviews\app\scrapping\yandex_reviews_parser.py", line 49, in fetch_reviews_page
    driver = init_driver(proxy)
             ‚îÇ           ‚îî '5.138.170.190:3128'
             ‚îî <function init_driver at 0x0000020405E6A980>

  File "C:\Users\wangr\PycharmProjects\pythonProject64\honest_reviews\app\scrapping\yandex_reviews_parser.py", line 35, in init_driver
    return webdriver.Chrome(service=service, options=options)
           ‚îÇ         ‚îÇ              ‚îÇ                ‚îî <selenium.webdriver.chrome.options.Options object at 0x000002040752B8D0>
           ‚îÇ         ‚îÇ              ‚îî <selenium.webdriver.chrome.service.Service object at 0x0000020406A7F810>
           ‚îÇ         ‚îî <class 'selenium.webdriver.chrome.webdriver.WebDriver'>
           ‚îî <module 'selenium.webdriver' from 'C:\\Users\\wangr\\PycharmProjects\\pythonProject64\\venv\\Lib\\site-packages\\selenium\\we...

  File "C:\Users\wangr\PycharmProjects\pythonProject64\venv\Lib\site-packages\selenium\webdriver\chrome\webdriver.py", line 45, in __init__
    super().__init__(
  File "C:\Users\wangr\PycharmProjects\pythonProject64\venv\Lib\site-packages\selenium\webdriver\chromium\webdriver.py", line 51, in __init__
    if finder.get_browser_path():
       ‚îÇ      ‚îî <function DriverFinder.get_browser_path at 0x0000020405021120>
       ‚îî <selenium.webdriver.common.driver_finder.DriverFinder object at 0x0000020406A7F790>
  File "C:\Users\wangr\PycharmProjects\pythonProject64\venv\Lib\site-packages\selenium\webdriver\common\driver_finder.py", line 47, in get_browser_path
    return self._binary_paths()["browser_path"]
           ‚îÇ    ‚îî <function DriverFinder._binary_paths at 0x0000020405022980>
           ‚îî <selenium.webdriver.common.driver_finder.DriverFinder object at 0x0000020406A7F790>
  File "C:\Users\wangr\PycharmProjects\pythonProject64\venv\Lib\site-packages\selenium\webdriver\common\driver_finder.py", line 78, in _binary_paths
    raise NoSuchDriverException(msg) from err
          ‚îÇ                     ‚îî 'Unable to obtain driver for chrome'
          ‚îî <class 'selenium.common.exceptions.NoSuchDriverException'>

selenium.common.exceptions.NoSuchDriverException: Message: Unable to obtain driver for chrome; For documentation on this error, please visit: https://www.selenium.dev/documentation/webdriver/troubleshooting/errors/driver_location

2025-05-05 13:39:07.909 | INFO     | __main__:fetch_reviews_page:47 - üîå –ü—Ä–æ–±—É—é –ø—Ä–æ–∫—Å–∏ 5.35.100.144:3128
2025-05-05 13:39:43.379 | INFO     | __main__:fetch_reviews_page:47 - üîå –ü—Ä–æ–±—É—é –ø—Ä–æ–∫—Å–∏ 94.233.15.196:8080
2025-05-05 13:40:03.144 | SUCCESS  | __main__:fetch_reviews_page:64 - ‚úÖ –£—Å–ø–µ—à–Ω–æ –∑–∞–≥—Ä—É–∂–µ–Ω–∞ —Å—Ç—Ä–∞–Ω–∏—Ü–∞ –æ—Ç–∑—ã–≤–æ–≤ –¥–ª—è org_id 1218917291
2025-05-05 13:40:03.148 | INFO     | __main__:parse_reviews_from_file:85 - üìù –ù–∞–π–¥–µ–Ω–æ 0 –æ—Ç–∑—ã–≤–æ–≤
2025-05-05 13:43:49.639 | INFO     | __main__:fetch_reviews_page:47 - üîå –ü—Ä–æ–±—É—é –ø—Ä–æ–∫—Å–∏ 95.153.206.216:8424
2025-05-05 13:44:08.751 | SUCCESS  | __main__:fetch_reviews_page:64 - ‚úÖ –£—Å–ø–µ—à–Ω–æ –∑–∞–≥—Ä—É–∂–µ–Ω–∞ —Å—Ç—Ä–∞–Ω–∏—Ü–∞ –æ—Ç–∑—ã–≤–æ–≤ –¥–ª—è org_id 1218917291
2025-05-05 13:44:08.755 | INFO     | __main__:parse_reviews_from_file:85 - üìù –ù–∞–π–¥–µ–Ω–æ 0 –æ—Ç–∑—ã–≤–æ–≤
2025-05-05 13:49:38.752 | INFO     | __main__:fetch_reviews_page:91 - üîå –ü—Ä–æ–±—É—é –ø—Ä–æ–∫—Å–∏ 87.103.135.119:4444
2025-05-05 13:50:11.729 | WARNING  | __main__:fetch_reviews_page:101 - ‚õî –ë–ª–æ–∫–∏—Ä–æ–≤–∫–∞ –ø—Ä–∏ –∏—Å–ø–æ–ª—å–∑–æ–≤–∞–Ω–∏–∏ –ø—Ä–æ–∫—Å–∏ 87.103.135.119:4444
2025-05-05 13:50:13.848 | INFO     | __main__:fetch_reviews_page:91 - üîå –ü—Ä–æ–±—É—é –ø—Ä–æ–∫—Å–∏ 91.132.21.134:1080
2025-05-05 13:50:36.210 | WARNING  | __main__:fetch_reviews_page:111 - –ù–µ —É–¥–∞–ª–æ—Å—å –Ω–∞–π—Ç–∏ –æ—Ç–∑—ã–≤—ã –Ω–∞ —Å—Ç—Ä–∞–Ω–∏—Ü–µ: Message: invalid session id: session deleted as the browser has closed the connection
from disconnected: not connected to DevTools
  (Session info: chrome=136.0.7103.48)
Stacktrace:
	GetHandleVerifier [0x00007FF6BEECA145+76773]
	GetHandleVerifier [0x00007FF6BEECA1A0+76864]
	(No symbol) [0x00007FF6BEC88F7A]
	(No symbol) [0x00007FF6BEC74DF5]
	(No symbol) [0x00007FF6BEC99DB4]
	(No symbol) [0x00007FF6BED0ECD5]
	(No symbol) [0x00007FF6BED2E9C2]
	(No symbol) [0x00007FF6BED07133]
	(No symbol) [0x00007FF6BECD04D1]
	(No symbol) [0x00007FF6BECD1263]
	GetHandleVerifier [0x00007FF6BF18A8ED+2962317]
	GetHandleVerifier [0x00007FF6BF184EC2+2939234]
	GetHandleVerifier [0x00007FF6BF1A2FF3+3062419]
	GetHandleVerifier [0x00007FF6BEEE4B9A+185914]
	GetHandleVerifier [0x00007FF6BEEEC78F+217647]
	GetHandleVerifier [0x00007FF6BEED2A44+111844]
	GetHandleVerifier [0x00007FF6BEED2BF2+112274]
	GetHandleVerifier [0x00007FF6BEEB8A79+5401]
	BaseThreadInitThunk [0x00007FF80DD1E8D7+23]
	RtlUserThreadStart [0x00007FF80EA9BF6C+44]

2025-05-05 13:50:36.245 | ERROR    | __main__:fetch_reviews_page:129 - –û—à–∏–±–∫–∞ —Å –ø—Ä–æ–∫—Å–∏ 91.132.21.134:1080: Message: invalid session id
Stacktrace:
	GetHandleVerifier [0x00007FF6BEECA145+76773]
	GetHandleVerifier [0x00007FF6BEECA1A0+76864]
	(No symbol) [0x00007FF6BEC88DAC]
	(No symbol) [0x00007FF6BECCF5FF]
	(No symbol) [0x00007FF6BED07222]
	(No symbol) [0x00007FF6BED01C43]
	(No symbol) [0x00007FF6BED00D09]
	(No symbol) [0x00007FF6BEC55A55]
	GetHandleVerifier [0x00007FF6BF18A8ED+2962317]
	GetHandleVerifier [0x00007FF6BF184EC2+2939234]
	GetHandleVerifier [0x00007FF6BF1A2FF3+3062419]
	GetHandleVerifier [0x00007FF6BEEE4B9A+185914]
	GetHandleVerifier [0x00007FF6BEEEC78F+217647]
	(No symbol) [0x00007FF6BEC54AC8]
	GetHandleVerifier [0x00007FF6BF2962A8+4058440]
	BaseThreadInitThunk [0x00007FF80DD1E8D7+23]
	RtlUserThreadStart [0x00007FF80EA9BF6C+44]

Traceback (most recent call last):

  File "C:\Users\wangr\PycharmProjects\pythonProject64\honest_reviews\app\scrapping\yandex_reviews_parser.py", line 222, in <module>
    if fetch_reviews_page(org_id):
       ‚îÇ                  ‚îî '1218917291'
       ‚îî <function fetch_reviews_page at 0x0000012B7E12CFE0>

> File "C:\Users\wangr\PycharmProjects\pythonProject64\honest_reviews\app\scrapping\yandex_reviews_parser.py", line 114, in fetch_reviews_page
    scroll_page(driver)
    ‚îÇ           ‚îî <selenium.webdriver.chrome.webdriver.WebDriver (session="cc0bc48db646208fa419c3f3e688727e")>
    ‚îî <function scroll_page at 0x0000012B7E12CF40>

  File "C:\Users\wangr\PycharmProjects\pythonProject64\honest_reviews\app\scrapping\yandex_reviews_parser.py", line 70, in scroll_page
    last_height = driver.execute_script("return document.body.scrollHeight")
                  ‚îÇ      ‚îî <function WebDriver.execute_script at 0x0000012B7D3B3100>
                  ‚îî <selenium.webdriver.chrome.webdriver.WebDriver (session="cc0bc48db646208fa419c3f3e688727e")>

  File "C:\Users\wangr\PycharmProjects\pythonProject64\venv\Lib\site-packages\selenium\webdriver\remote\webdriver.py", line 547, in execute_script
    return self.execute(command, {"script": script, "args": converted_args})["value"]
           ‚îÇ    ‚îÇ       ‚îÇ                   ‚îÇ               ‚îî []
           ‚îÇ    ‚îÇ       ‚îÇ                   ‚îî 'return document.body.scrollHeight'
           ‚îÇ    ‚îÇ       ‚îî 'w3cExecuteScript'
           ‚îÇ    ‚îî <function WebDriver.execute at 0x0000012B7D3B2D40>
           ‚îî <selenium.webdriver.chrome.webdriver.WebDriver (session="cc0bc48db646208fa419c3f3e688727e")>
  File "C:\Users\wangr\PycharmProjects\pythonProject64\venv\Lib\site-packages\selenium\webdriver\remote\webdriver.py", line 448, in execute
    self.error_handler.check_response(response)
    ‚îÇ    ‚îÇ             ‚îÇ              ‚îî {'status': 404, 'value': '{"value":{"error":"invalid session id","message":"invalid session id","stacktrace":"\\tGetHandleVer...
    ‚îÇ    ‚îÇ             ‚îî <function ErrorHandler.check_response at 0x0000012B7D1FF420>
    ‚îÇ    ‚îî <selenium.webdriver.remote.errorhandler.ErrorHandler object at 0x0000012B7EDF3390>
    ‚îî <selenium.webdriver.chrome.webdriver.WebDriver (session="cc0bc48db646208fa419c3f3e688727e")>
  File "C:\Users\wangr\PycharmProjects\pythonProject64\venv\Lib\site-packages\selenium\webdriver\remote\errorhandler.py", line 232, in check_response
    raise exception_class(message, screen, stacktrace)
          ‚îÇ               ‚îÇ        ‚îÇ       ‚îî ['\tGetHandleVerifier [0x00007FF6BEECA145+76773]', '\tGetHandleVerifier [0x00007FF6BEECA1A0+76864]', '\t(No symbol) [0x00007F...
          ‚îÇ               ‚îÇ        ‚îî None
          ‚îÇ               ‚îî 'invalid session id'
          ‚îî <class 'selenium.common.exceptions.InvalidSessionIdException'>

selenium.common.exceptions.InvalidSessionIdException: Message: invalid session id
Stacktrace:
	GetHandleVerifier [0x00007FF6BEECA145+76773]
	GetHandleVerifier [0x00007FF6BEECA1A0+76864]
	(No symbol) [0x00007FF6BEC88DAC]
	(No symbol) [0x00007FF6BECCF5FF]
	(No symbol) [0x00007FF6BED07222]
	(No symbol) [0x00007FF6BED01C43]
	(No symbol) [0x00007FF6BED00D09]
	(No symbol) [0x00007FF6BEC55A55]
	GetHandleVerifier [0x00007FF6BF18A8ED+2962317]
	GetHandleVerifier [0x00007FF6BF184EC2+2939234]
	GetHandleVerifier [0x00007FF6BF1A2FF3+3062419]
	GetHandleVerifier [0x00007FF6BEEE4B9A+185914]
	GetHandleVerifier [0x00007FF6BEEEC78F+217647]
	(No symbol) [0x00007FF6BEC54AC8]
	GetHandleVerifier [0x00007FF6BF2962A8+4058440]
	BaseThreadInitThunk [0x00007FF80DD1E8D7+23]
	RtlUserThreadStart [0x00007FF80EA9BF6C+44]

2025-05-05 13:50:36.255 | INFO     | __main__:fetch_reviews_page:91 - üîå –ü—Ä–æ–±—É—é –ø—Ä–æ–∫—Å–∏ 37.193.233.97:1080
2025-05-05 13:54:25.880 | WARNING  | __main__:human_like_interaction:125 - –û—à–∏–±–∫–∞ –ø—Ä–∏ –∏–º–∏—Ç–∞—Ü–∏–∏ –ø–æ–≤–µ–¥–µ–Ω–∏—è: Message: move target out of bounds
  (Session info: chrome=136.0.7103.48)
Stacktrace:
	GetHandleVerifier [0x00007FF6BEECA145+76773]
	GetHandleVerifier [0x00007FF6BEECA1A0+76864]
	(No symbol) [0x00007FF6BEC88DAC]
	(No symbol) [0x00007FF6BED39F29]
	(No symbol) [0x00007FF6BED0735A]
	(No symbol) [0x00007FF6BED2F0CF]
	(No symbol) [0x00007FF6BED07133]
	(No symbol) [0x00007FF6BECD04D1]
	(No symbol) [0x00007FF6BECD1263]
	GetHandleVerifier [0x00007FF6BF18A8ED+2962317]
	GetHandleVerifier [0x00007FF6BF184EC2+2939234]
	GetHandleVerifier [0x00007FF6BF1A2FF3+3062419]
	GetHandleVerifier [0x00007FF6BEEE4B9A+185914]
	GetHandleVerifier [0x00007FF6BEEEC78F+217647]
	GetHandleVerifier [0x00007FF6BEED2A44+111844]
	GetHandleVerifier [0x00007FF6BEED2BF2+112274]
	GetHandleVerifier [0x00007FF6BEEB8A79+5401]
	BaseThreadInitThunk [0x00007FF80DD1E8D7+23]
	RtlUserThreadStart [0x00007FF80EA9BF6C+44]

2025-05-05 13:54:53.667 | WARNING  | __main__:human_like_interaction:125 - –û—à–∏–±–∫–∞ –ø—Ä–∏ –∏–º–∏—Ç–∞—Ü–∏–∏ –ø–æ–≤–µ–¥–µ–Ω–∏—è: Message: move target out of bounds
  (Session info: chrome=136.0.7103.48)
Stacktrace:
	GetHandleVerifier [0x00007FF6BEECA145+76773]
	GetHandleVerifier [0x00007FF6BEECA1A0+76864]
	(No symbol) [0x00007FF6BEC88DAC]
	(No symbol) [0x00007FF6BED39F29]
	(No symbol) [0x00007FF6BED0735A]
	(No symbol) [0x00007FF6BED2F0CF]
	(No symbol) [0x00007FF6BED07133]
	(No symbol) [0x00007FF6BECD04D1]
	(No symbol) [0x00007FF6BECD1263]
	GetHandleVerifier [0x00007FF6BF18A8ED+2962317]
	GetHandleVerifier [0x00007FF6BF184EC2+2939234]
	GetHandleVerifier [0x00007FF6BF1A2FF3+3062419]
	GetHandleVerifier [0x00007FF6BEEE4B9A+185914]
	GetHandleVerifier [0x00007FF6BEEEC78F+217647]
	GetHandleVerifier [0x00007FF6BEED2A44+111844]
	GetHandleVerifier [0x00007FF6BEED2BF2+112274]
	GetHandleVerifier [0x00007FF6BEEB8A79+5401]
	BaseThreadInitThunk [0x00007FF80DD1E8D7+23]
	RtlUserThreadStart [0x00007FF80EA9BF6C+44]

2025-05-05 13:54:53.724 | SUCCESS  | __main__:fetch_reviews_page:157 - –°—Ç—Ä–∞–Ω–∏—Ü–∞ —É—Å–ø–µ—à–Ω–æ –∑–∞–≥—Ä—É–∂–µ–Ω–∞
2025-05-05 13:54:55.910 | INFO     | __main__:<module>:173 - –ü–∞—Ä—Å–∏–Ω–≥ –∑–∞–≤–µ—Ä—à–µ–Ω —É—Å–ø–µ—à–Ω–æ
2025-05-05 14:20:57.893 | INFO     | __main__:get_proxies:25 - –ó–∞–≥—Ä—É–∂–µ–Ω–æ 250 –ø—Ä–æ–∫—Å–∏
2025-05-05 14:20:57.894 | INFO     | __main__:fetch_reviews_page:211 - –ü—Ä–æ–±—É—é –ø–æ–¥–∫–ª—é—á–∏—Ç—å—Å—è –±–µ–∑ –ø—Ä–æ–∫—Å–∏...
2025-05-05 14:21:07.081 | WARNING  | __main__:human_like_interaction:174 - –û—à–∏–±–∫–∞ –ø—Ä–∏ –∏–º–∏—Ç–∞—Ü–∏–∏ –ø–æ–≤–µ–¥–µ–Ω–∏—è: Message: no such window: target window already closed
from unknown error: web view not found
  (Session info: chrome=136.0.7103.48)
Stacktrace:
	GetHandleVerifier [0x00007FF6BEECA145+76773]
	GetHandleVerifier [0x00007FF6BEECA1A0+76864]
	(No symbol) [0x00007FF6BEC88F7A]
	(No symbol) [0x00007FF6BEC61B31]
	(No symbol) [0x00007FF6BED0EA8E]
	(No symbol) [0x00007FF6BED2E9C2]
	(No symbol) [0x00007FF6BED07133]
	(No symbol) [0x00007FF6BECD04D1]
	(No symbol) [0x00007FF6BECD1263]
	GetHandleVerifier [0x00007FF6BF18A8ED+2962317]
	GetHandleVerifier [0x00007FF6BF184EC2+2939234]
	GetHandleVerifier [0x00007FF6BF1A2FF3+3062419]
	GetHandleVerifier [0x00007FF6BEEE4B9A+185914]
	GetHandleVerifier [0x00007FF6BEEEC78F+217647]
	GetHandleVerifier [0x00007FF6BEED2A44+111844]
	GetHandleVerifier [0x00007FF6BEED2BF2+112274]
	GetHandleVerifier [0x00007FF6BEEB8A79+5401]
	BaseThreadInitThunk [0x00007FF80DD1E8D7+23]
	RtlUserThreadStart [0x00007FF80EA9BF6C+44]

2025-05-05 14:21:07.083 | WARNING  | __main__:try_fetch_with_proxy:244 - –ù–µ —É–¥–∞–ª–æ—Å—å –Ω–∞–π—Ç–∏ –±–ª–æ–∫ –æ—Ç–∑—ã–≤–æ–≤: Message: no such window: target window already closed
from unknown error: web view not found
  (Session info: chrome=136.0.7103.48)
Stacktrace:
	GetHandleVerifier [0x00007FF6BEECA145+76773]
	GetHandleVerifier [0x00007FF6BEECA1A0+76864]
	(No symbol) [0x00007FF6BEC88F7A]
	(No symbol) [0x00007FF6BEC61B31]
	(No symbol) [0x00007FF6BED0EA8E]
	(No symbol) [0x00007FF6BED2E9C2]
	(No symbol) [0x00007FF6BED07133]
	(No symbol) [0x00007FF6BECD04D1]
	(No symbol) [0x00007FF6BECD1263]
	GetHandleVerifier [0x00007FF6BF18A8ED+2962317]
	GetHandleVerifier [0x00007FF6BF184EC2+2939234]
	GetHandleVerifier [0x00007FF6BF1A2FF3+3062419]
	GetHandleVerifier [0x00007FF6BEEE4B9A+185914]
	GetHandleVerifier [0x00007FF6BEEEC78F+217647]
	GetHandleVerifier [0x00007FF6BEED2A44+111844]
	GetHandleVerifier [0x00007FF6BEED2BF2+112274]
	GetHandleVerifier [0x00007FF6BEEB8A79+5401]
	BaseThreadInitThunk [0x00007FF80DD1E8D7+23]
	RtlUserThreadStart [0x00007FF80EA9BF6C+44]

2025-05-05 14:27:19.936 | INFO     | __main__:get_proxies:33 - –ó–∞–≥—Ä—É–∂–µ–Ω–æ 250 –≤–∞–ª–∏–¥–Ω—ã—Ö –ø—Ä–æ–∫—Å–∏
2025-05-05 14:27:19.937 | INFO     | __main__:fetch_reviews_page:297 - –ü–æ–ø—ã—Ç–∫–∞ 1/10 —Å –ø—Ä–æ–∫—Å–∏ 92.124.99.130:****
2025-05-05 14:27:19.937 | INFO     | __main__:fetch_with_proxy:229 - –ü—Ä–æ–±—É—é –ø–æ–¥–∫–ª—é—á–∏—Ç—å—Å—è —á–µ—Ä–µ–∑ –ø—Ä–æ–∫—Å–∏: 92.124.99.130:****
2025-05-05 14:27:26.168 | ERROR    | __main__:fetch_with_proxy:264 - –û—à–∏–±–∫–∞ –ø—Ä–∏ —Ä–∞–±–æ—Ç–µ —Å –ø—Ä–æ–∫—Å–∏ 92.124.99.130:****: Message: unknown error: net::ERR_PROXY_CONNECTION_FAILED
  (Session info: chrome=136.0.7103.48)
Stacktrace:
	GetHandleVerifier [0x00007FF6BEECA145+76773]
	GetHandleVerifier [0x00007FF6BEECA1A0+76864]
...
2025-05-05 14:27:29.283 | INFO     | __main__:fetch_reviews_page:304 - –û–∂–∏–¥–∞–Ω–∏–µ 10.3 —Å–µ–∫ –ø–µ—Ä–µ–¥ —Å–ª–µ–¥—É—é—â–µ–π –ø–æ–ø—ã—Ç–∫–æ–π...
2025-05-05 14:27:39.548 | INFO     | __main__:fetch_reviews_page:297 - –ü–æ–ø—ã—Ç–∫–∞ 2/10 —Å –ø—Ä–æ–∫—Å–∏ 93.91.112.247:****
2025-05-05 14:27:39.548 | INFO     | __main__:fetch_with_proxy:229 - –ü—Ä–æ–±—É—é –ø–æ–¥–∫–ª—é—á–∏—Ç—å—Å—è —á–µ—Ä–µ–∑ –ø—Ä–æ–∫—Å–∏: 93.91.112.247:****
2025-05-05 14:28:06.969 | WARNING  | __main__:fetch_with_proxy:246 - –ë–ª–æ–∫ –æ—Ç–∑—ã–≤–æ–≤ –Ω–µ –Ω–∞–π–¥–µ–Ω: Message: no such window: target window already closed
from unknown error: web view not found
  (Session info: chrome=136.0.7103.48)
Stacktrace:
	GetHandleVerifier [0x00007FF6BEECA145+76773]
	GetHandleVerifier [0x00007FF6BEECA1A0+76864]
	(No symbol) [0x00007FF6BEC88F7A]
	(No symbol) [0x00007FF6BEC61B31]
	(No symbol) [0x00007FF6BED0EA8E]
	(No symbol) [0x00007FF6BED2E9C2]
	(No symbol) [0x00007FF6BED07133]
	(No symbol) [0x00007FF6BECD04D1]
	(No symbol) [0x00007FF6BECD1263]
	GetHandleVerifier [0x00007FF6BF18A8ED+2962317]
	GetHandleVerifier [0x00007FF6BF184EC2+2939234]
	GetHandleVerifier [0x00007FF6BF1A2FF3+3062419]
	GetHandleVerifier [0x00007FF6BEEE4B9A+185914]
	GetHandleVerifier [0x00007FF6BEEEC78F+217647]
	GetHandleVerifier [0x00007FF6BEED2A44+111844]
	GetHandleVerifier [0x00007FF6BEED2BF2+112274]
	GetHandleVerifier [0x00007FF6BEEB8A79+5401]
	BaseThreadInitThunk [0x00007FF80DD1E8D7+23]
	RtlUserThreadStart [0x00007FF80EA9BF6C+44]

2025-05-05 14:33:54.792 | INFO     | __main__:get_proxies:33 - –ó–∞–≥—Ä—É–∂–µ–Ω–æ 250 –≤–∞–ª–∏–¥–Ω—ã—Ö –ø—Ä–æ–∫—Å–∏
2025-05-05 14:33:55.144 | WARNING  | __main__:fetch_reviews_page:323 - –ü—Ä–æ–∫—Å–∏ 188.128.86.74:**** –Ω–µ —Ä–∞–±–æ—Ç–∞–µ—Ç, –ø—Ä–æ–ø—É—Å–∫–∞–µ–º
2025-05-05 14:34:05.148 | WARNING  | __main__:fetch_reviews_page:323 - –ü—Ä–æ–∫—Å–∏ 5.129.18.247:**** –Ω–µ —Ä–∞–±–æ—Ç–∞–µ—Ç, –ø—Ä–æ–ø—É—Å–∫–∞–µ–º
2025-05-05 14:34:18.210 | WARNING  | __main__:fetch_reviews_page:323 - –ü—Ä–æ–∫—Å–∏ 178.72.89.106:**** –Ω–µ —Ä–∞–±–æ—Ç–∞–µ—Ç, –ø—Ä–æ–ø—É—Å–∫–∞–µ–º
2025-05-05 14:34:28.227 | WARNING  | __main__:fetch_reviews_page:323 - –ü—Ä–æ–∫—Å–∏ 84.201.188.6:**** –Ω–µ —Ä–∞–±–æ—Ç–∞–µ—Ç, –ø—Ä–æ–ø—É—Å–∫–∞–µ–º
2025-05-05 14:38:19.450 | INFO     | __main__:get_proxies:34 - –ó–∞–≥—Ä—É–∂–µ–Ω–æ 250 –≤–∞–ª–∏–¥–Ω—ã—Ö –ø—Ä–æ–∫—Å–∏
2025-05-05 14:38:21.763 | ERROR    | __main__:is_proxy_working:183 - –û—à–∏–±–∫–∞ —Å –ø—Ä–æ–∫—Å–∏ 185.103.102.125:3128: HTTPConnectionPool(host='185.103.102.125', port=3128): Max retries exceeded with url: http://httpbin.org/ip (Caused by ProxyError('Unable to connect to proxy', NewConnectionError('<urllib3.connection.HTTPConnection object at 0x000001E8BB504FD0>: Failed to establish a new connection: [WinError 10061] –ü–æ–¥–∫–ª—é—á–µ–Ω–∏–µ –Ω–µ —É—Å—Ç–∞–Ω–æ–≤–ª–µ–Ω–æ, —Ç.–∫. –∫–æ–Ω–µ—á–Ω—ã–π –∫–æ–º–ø—å—é—Ç–µ—Ä –æ—Ç–≤–µ—Ä–≥ –∑–∞–ø—Ä–æ—Å –Ω–∞ –ø–æ–¥–∫–ª—é—á–µ–Ω–∏–µ')))
2025-05-05 14:38:21.763 | WARNING  | __main__:fetch_reviews_page:329 - –ü—Ä–æ–∫—Å–∏ 185.103.102.125:**** –Ω–µ —Ä–∞–±–æ—Ç–∞–µ—Ç, –ø—Ä–æ–ø—É—Å–∫–∞–µ–º
2025-05-05 14:38:31.774 | ERROR    | __main__:is_proxy_working:183 - –û—à–∏–±–∫–∞ —Å –ø—Ä–æ–∫—Å–∏ 85.159.231.65:8888: HTTPConnectionPool(host='85.159.231.65', port=8888): Max retries exceeded with url: http://httpbin.org/ip (Caused by ProxyError('Unable to connect to proxy', ConnectTimeoutError(<urllib3.connection.HTTPConnection object at 0x000001E8BEA159D0>, 'Connection to 85.159.231.65 timed out. (connect timeout=10)')))
2025-05-05 14:38:31.774 | WARNING  | __main__:fetch_reviews_page:329 - –ü—Ä–æ–∫—Å–∏ 85.159.231.65:**** –Ω–µ —Ä–∞–±–æ—Ç–∞–µ—Ç, –ø—Ä–æ–ø—É—Å–∫–∞–µ–º
2025-05-05 14:38:33.911 | ERROR    | __main__:is_proxy_working:183 - –û—à–∏–±–∫–∞ —Å –ø—Ä–æ–∫—Å–∏ 194.87.201.102:3128: HTTPConnectionPool(host='194.87.201.102', port=3128): Max retries exceeded with url: http://httpbin.org/ip (Caused by ProxyError('Unable to connect to proxy', NewConnectionError('<urllib3.connection.HTTPConnection object at 0x000001E8BEA20450>: Failed to establish a new connection: [WinError 10061] –ü–æ–¥–∫–ª—é—á–µ–Ω–∏–µ –Ω–µ —É—Å—Ç–∞–Ω–æ–≤–ª–µ–Ω–æ, —Ç.–∫. –∫–æ–Ω–µ—á–Ω—ã–π –∫–æ–º–ø—å—é—Ç–µ—Ä –æ—Ç–≤–µ—Ä–≥ –∑–∞–ø—Ä–æ—Å –Ω–∞ –ø–æ–¥–∫–ª—é—á–µ–Ω–∏–µ')))
2025-05-05 14:38:33.911 | WARNING  | __main__:fetch_reviews_page:329 - –ü—Ä–æ–∫—Å–∏ 194.87.201.102:**** –Ω–µ —Ä–∞–±–æ—Ç–∞–µ—Ç, –ø—Ä–æ–ø—É—Å–∫–∞–µ–º
2025-05-05 14:38:43.914 | ERROR    | __main__:is_proxy_working:183 - –û—à–∏–±–∫–∞ —Å –ø—Ä–æ–∫—Å–∏ 158.160.51.245:8090: HTTPConnectionPool(host='158.160.51.245', port=8090): Max retries exceeded with url: http://httpbin.org/ip (Caused by ProxyError('Unable to connect to proxy', ConnectTimeoutError(<urllib3.connection.HTTPConnection object at 0x000001E8BEA16F90>, 'Connection to 158.160.51.245 timed out. (connect timeout=10)')))
2025-05-05 14:38:43.914 | WARNING  | __main__:fetch_reviews_page:329 - –ü—Ä–æ–∫—Å–∏ 158.160.51.245:**** –Ω–µ —Ä–∞–±–æ—Ç–∞–µ—Ç, –ø—Ä–æ–ø—É—Å–∫–∞–µ–º
2025-05-05 14:38:46.080 | ERROR    | __main__:is_proxy_working:183 - –û—à–∏–±–∫–∞ —Å –ø—Ä–æ–∫—Å–∏ 46.48.94.246:8080: HTTPConnectionPool(host='46.48.94.246', port=8080): Max retries exceeded with url: http://httpbin.org/ip (Caused by ProxyError('Unable to connect to proxy', NewConnectionError('<urllib3.connection.HTTPConnection object at 0x000001E8BEA14D90>: Failed to establish a new connection: [WinError 10061] –ü–æ–¥–∫–ª—é—á–µ–Ω–∏–µ –Ω–µ —É—Å—Ç–∞–Ω–æ–≤–ª–µ–Ω–æ, —Ç.–∫. –∫–æ–Ω–µ—á–Ω—ã–π –∫–æ–º–ø—å—é—Ç–µ—Ä –æ—Ç–≤–µ—Ä–≥ –∑–∞–ø—Ä–æ—Å –Ω–∞ –ø–æ–¥–∫–ª—é—á–µ–Ω–∏–µ')))
2025-05-05 14:38:46.080 | WARNING  | __main__:fetch_reviews_page:329 - –ü—Ä–æ–∫—Å–∏ 46.48.94.246:**** –Ω–µ —Ä–∞–±–æ—Ç–∞–µ—Ç, –ø—Ä–æ–ø—É—Å–∫–∞–µ–º
2025-05-05 14:38:56.083 | ERROR    | __main__:is_proxy_working:183 - –û—à–∏–±–∫–∞ —Å –ø—Ä–æ–∫—Å–∏ 91.185.52.57:8080: HTTPConnectionPool(host='91.185.52.57', port=8080): Max retries exceeded with url: http://httpbin.org/ip (Caused by ProxyError('Unable to connect to proxy', ConnectTimeoutError(<urllib3.connection.HTTPConnection object at 0x000001E8BEA029D0>, 'Connection to 91.185.52.57 timed out. (connect timeout=10)')))
2025-05-05 14:38:56.084 | WARNING  | __main__:fetch_reviews_page:329 - –ü—Ä–æ–∫—Å–∏ 91.185.52.57:**** –Ω–µ —Ä–∞–±–æ—Ç–∞–µ—Ç, –ø—Ä–æ–ø—É—Å–∫–∞–µ–º
2025-05-05 14:38:58.151 | ERROR    | __main__:is_proxy_working:183 - –û—à–∏–±–∫–∞ —Å –ø—Ä–æ–∫—Å–∏ 90.156.142.28:28564: HTTPConnectionPool(host='90.156.142.28', port=28564): Max retries exceeded with url: http://httpbin.org/ip (Caused by ProxyError('Unable to connect to proxy', NewConnectionError('<urllib3.connection.HTTPConnection object at 0x000001E8BEA233D0>: Failed to establish a new connection: [WinError 10061] –ü–æ–¥–∫–ª—é—á–µ–Ω–∏–µ –Ω–µ —É—Å—Ç–∞–Ω–æ–≤–ª–µ–Ω–æ, —Ç.–∫. –∫–æ–Ω–µ—á–Ω—ã–π –∫–æ–º–ø—å—é—Ç–µ—Ä –æ—Ç–≤–µ—Ä–≥ –∑–∞–ø—Ä–æ—Å –Ω–∞ –ø–æ–¥–∫–ª—é—á–µ–Ω–∏–µ')))
2025-05-05 14:38:58.151 | WARNING  | __main__:fetch_reviews_page:329 - –ü—Ä–æ–∫—Å–∏ 90.156.142.28:**** –Ω–µ —Ä–∞–±–æ—Ç–∞–µ—Ç, –ø—Ä–æ–ø—É—Å–∫–∞–µ–º
2025-05-05 14:39:00.250 | ERROR    | __main__:is_proxy_working:183 - –û—à–∏–±–∫–∞ —Å –ø—Ä–æ–∫—Å–∏ 109.237.224.30:1080: HTTPConnectionPool(host='109.237.224.30', port=1080): Max retries exceeded with url: http://httpbin.org/ip (Caused by ProxyError('Unable to connect to proxy', NewConnectionError('<urllib3.connection.HTTPConnection object at 0x000001E8BEA2DA50>: Failed to establish a new connection: [WinError 10061] –ü–æ–¥–∫–ª—é—á–µ–Ω–∏–µ –Ω–µ —É—Å—Ç–∞–Ω–æ–≤–ª–µ–Ω–æ, —Ç.–∫. –∫–æ–Ω–µ—á–Ω—ã–π –∫–æ–º–ø—å—é—Ç–µ—Ä –æ—Ç–≤–µ—Ä–≥ –∑–∞–ø—Ä–æ—Å –Ω–∞ –ø–æ–¥–∫–ª—é—á–µ–Ω–∏–µ')))
2025-05-05 14:39:00.250 | WARNING  | __main__:fetch_reviews_page:329 - –ü—Ä–æ–∫—Å–∏ 109.237.224.30:**** –Ω–µ —Ä–∞–±–æ—Ç–∞–µ—Ç, –ø—Ä–æ–ø—É—Å–∫–∞–µ–º
2025-05-05 14:39:02.617 | ERROR    | __main__:is_proxy_working:183 - –û—à–∏–±–∫–∞ —Å –ø—Ä–æ–∫—Å–∏ 92.126.239.241:8080: HTTPConnectionPool(host='92.126.239.241', port=8080): Max retries exceeded with url: http://httpbin.org/ip (Caused by ProxyError('Unable to connect to proxy', NewConnectionError('<urllib3.connection.HTTPConnection object at 0x000001E8BE9F2E10>: Failed to establish a new connection: [WinError 10061] –ü–æ–¥–∫–ª—é—á–µ–Ω–∏–µ –Ω–µ —É—Å—Ç–∞–Ω–æ–≤–ª–µ–Ω–æ, —Ç.–∫. –∫–æ–Ω–µ—á–Ω—ã–π –∫–æ–º–ø—å—é—Ç–µ—Ä –æ—Ç–≤–µ—Ä–≥ –∑–∞–ø—Ä–æ—Å –Ω–∞ –ø–æ–¥–∫–ª—é—á–µ–Ω–∏–µ')))
2025-05-05 14:39:02.618 | WARNING  | __main__:fetch_reviews_page:329 - –ü—Ä–æ–∫—Å–∏ 92.126.239.241:**** –Ω–µ —Ä–∞–±–æ—Ç–∞–µ—Ç, –ø—Ä–æ–ø—É—Å–∫–∞–µ–º
2025-05-05 14:39:12.632 | ERROR    | __main__:is_proxy_working:183 - –û—à–∏–±–∫–∞ —Å –ø—Ä–æ–∫—Å–∏ 5.145.160.50:8123: HTTPConnectionPool(host='5.145.160.50', port=8123): Max retries exceeded with url: http://httpbin.org/ip (Caused by ProxyError('Unable to connect to proxy', ConnectTimeoutError(<urllib3.connection.HTTPConnection object at 0x000001E8BEA237D0>, 'Connection to 5.145.160.50 timed out. (connect timeout=10)')))
2025-05-05 14:39:12.632 | WARNING  | __main__:fetch_reviews_page:329 - –ü—Ä–æ–∫—Å–∏ 5.145.160.50:**** –Ω–µ —Ä–∞–±–æ—Ç–∞–µ—Ç, –ø—Ä–æ–ø—É—Å–∫–∞–µ–º
2025-05-05 14:39:12.632 | ERROR    | __main__:fetch_reviews_page:342 - –í—Å–µ –ø–æ–ø—ã—Ç–∫–∏ —Å –ø—Ä–æ–∫—Å–∏ –∑–∞–≤–µ—Ä—à–∏–ª–∏—Å—å –Ω–µ—É–¥–∞—á–µ–π
2025-05-05 14:39:12.632 | ERROR    | __main__:<module>:354 - –ù–µ —É–¥–∞–ª–æ—Å—å –ø–æ–ª—É—á–∏—Ç—å –¥–∞–Ω–Ω—ã–µ
2025-05-05 14:56:33.701 | INFO     | __main__:get_proxies:34 - –ó–∞–≥—Ä—É–∂–µ–Ω–æ 1 –≤–∞–ª–∏–¥–Ω—ã—Ö –ø—Ä–æ–∫—Å–∏
2025-05-05 14:56:33.701 | WARNING  | __main__:fetch_reviews_page:328 - –ü—Ä–æ–∫—Å–∏ us-ca.proxymesh.com:**** –Ω–µ —Ä–∞–±–æ—Ç–∞–µ—Ç, –ø—Ä–æ–ø—É—Å–∫–∞–µ–º
2025-05-05 14:56:33.701 | ERROR    | __main__:fetch_reviews_page:341 - –í—Å–µ –ø–æ–ø—ã—Ç–∫–∏ —Å –ø—Ä–æ–∫—Å–∏ –∑–∞–≤–µ—Ä—à–∏–ª–∏—Å—å –Ω–µ—É–¥–∞—á–µ–π
2025-05-05 14:56:33.702 | ERROR    | __main__:<module>:351 - –ù–µ —É–¥–∞–ª–æ—Å—å –ø–æ–ª—É—á–∏—Ç—å –¥–∞–Ω–Ω—ã–µ
2025-05-05 15:00:36.776 | INFO     | __main__:get_proxies:35 - –ó–∞–≥—Ä—É–∂–µ–Ω–æ 1 –≤–∞–ª–∏–¥–Ω—ã—Ö –ø—Ä–æ–∫—Å–∏
2025-05-05 15:00:37.599 | INFO     | __main__:fetch_reviews_page:347 - –ü–æ–ø—ã—Ç–∫–∞ 1/1 —Å –ø—Ä–æ–∫—Å–∏ us-ca.proxymesh.com:****
2025-05-05 15:00:37.599 | INFO     | __main__:fetch_with_proxy:271 - –ü—Ä–æ–±—É—é –ø–æ–¥–∫–ª—é—á–∏—Ç—å—Å—è —á–µ—Ä–µ–∑ –ø—Ä–æ–∫—Å–∏: us-ca.proxymesh.com:****
2025-05-05 15:00:37.601 | DEBUG    | __main__:init_driver:130 - –ò—Å–ø–æ–ª—å–∑—É—é –ø—Ä–æ–∫—Å–∏ —Å –∞–≤—Ç–æ—Ä–∏–∑–∞—Ü–∏–µ–π: us-ca.proxymesh.com:****
2025-05-05 15:00:46.663 | SUCCESS  | __main__:fetch_with_proxy:289 - –ë–ª–æ–∫ –æ—Ç–∑—ã–≤–æ–≤ –æ–±–Ω–∞—Ä—É–∂–µ–Ω
2025-05-05 15:00:58.696 | SUCCESS  | __main__:fetch_with_proxy:303 - –£—Å–ø–µ—à–Ω–æ –ø–æ–ª—É—á–µ–Ω—ã –¥–∞–Ω–Ω—ã–µ —á–µ—Ä–µ–∑ –ø—Ä–æ–∫—Å–∏: us-ca.proxymesh.com:****
2025-05-05 15:01:01.830 | INFO     | __main__:<module>:364 - –ü–∞—Ä—Å–∏–Ω–≥ –∑–∞–≤–µ—Ä—à–µ–Ω —É—Å–ø–µ—à–Ω–æ
2025-05-05 15:05:24.745 | INFO     | __main__:get_proxies:35 - –ó–∞–≥—Ä—É–∂–µ–Ω–æ 1 –≤–∞–ª–∏–¥–Ω—ã—Ö –ø—Ä–æ–∫—Å–∏
2025-05-05 15:05:25.368 | INFO     | __main__:fetch_reviews_page:347 - –ü–æ–ø—ã—Ç–∫–∞ 1/1 —Å –ø—Ä–æ–∫—Å–∏ us-ca.proxymesh.com:****
2025-05-05 15:05:25.368 | INFO     | __main__:fetch_with_proxy:271 - –ü—Ä–æ–±—É—é –ø–æ–¥–∫–ª—é—á–∏—Ç—å—Å—è —á–µ—Ä–µ–∑ –ø—Ä–æ–∫—Å–∏: us-ca.proxymesh.com:****
2025-05-05 15:05:25.381 | DEBUG    | __main__:init_driver:130 - –ò—Å–ø–æ–ª—å–∑—É—é –ø—Ä–æ–∫—Å–∏ —Å –∞–≤—Ç–æ—Ä–∏–∑–∞—Ü–∏–µ–π: us-ca.proxymesh.com:****
2025-05-05 15:05:35.204 | SUCCESS  | __main__:fetch_with_proxy:289 - –ë–ª–æ–∫ –æ—Ç–∑—ã–≤–æ–≤ –æ–±–Ω–∞—Ä—É–∂–µ–Ω
2025-05-05 15:05:50.172 | SUCCESS  | __main__:fetch_with_proxy:303 - –£—Å–ø–µ—à–Ω–æ –ø–æ–ª—É—á–µ–Ω—ã –¥–∞–Ω–Ω—ã–µ —á–µ—Ä–µ–∑ –ø—Ä–æ–∫—Å–∏: us-ca.proxymesh.com:****
2025-05-05 15:05:53.324 | INFO     | __main__:<module>:364 - –ü–∞—Ä—Å–∏–Ω–≥ –∑–∞–≤–µ—Ä—à–µ–Ω —É—Å–ø–µ—à–Ω–æ
